#
# There is insufficient memory for the Java Runtime Environment to continue.
# Native memory allocation (malloc) failed to allocate 1963824 bytes. Error detail: Chunk::new
# Possible reasons:
#   The system is out of physical RAM or swap space
#   This process is running with CompressedOops enabled, and the Java Heap may be blocking the growth of the native heap
# Possible solutions:
#   Reduce memory load on the system
#   Increase physical memory or swap space
#   Check if swap backing store is full
#   Decrease Java heap size (-Xmx/-Xms)
#   Decrease number of Java threads
#   Decrease Java thread stack sizes (-Xss)
#   Set larger code cache with -XX:ReservedCodeCacheSize=
#   JVM is running with Unscaled Compressed Oops mode in which the Java heap is
#     placed in the first 4GB address space. The Java Heap base address is the
#     maximum limit for the native heap growth. Please use -XX:HeapBaseMinAddress
#     to set the Java Heap base and to place the Java Heap above 4GB virtual address.
# This output file may be truncated or incomplete.
#
#  Out of Memory Error (arena.cpp:191), pid=376, tid=21044
#
# JRE version: OpenJDK Runtime Environment Temurin-17.0.12+7 (17.0.12+7) (build 17.0.12+7)
# Java VM: OpenJDK 64-Bit Server VM Temurin-17.0.12+7 (17.0.12+7, mixed mode, tiered, compressed oops, compressed class ptrs, parallel gc, windows-amd64)
# No core dump will be written. Minidumps are not enabled by default on client versions of Windows
#

---------------  S U M M A R Y ------------

Command Line: --add-modules=ALL-SYSTEM --add-opens=java.base/java.util=ALL-UNNAMED --add-opens=java.base/java.lang=ALL-UNNAMED --add-opens=java.base/sun.nio.fs=ALL-UNNAMED -Declipse.application=org.eclipse.jdt.ls.core.id1 -Dosgi.bundles.defaultStartLevel=4 -Declipse.product=org.eclipse.jdt.ls.core.product -Djava.import.generatesMetadataFilesAtProjectRoot=false -DDetectVMInstallationsJob.disabled=true -Dfile.encoding=utf8 -XX:+UseParallelGC -XX:GCTimeRatio=4 -XX:AdaptiveSizePolicyWeight=90 -Dsun.zip.disableMemoryMapping=true -Xmx1G -Xms100m -Xlog:disable -javaagent:c:\Users\Lenovo -pc\.vscode\extensions\redhat.java-1.35.1-win32-x64\lombok\lombok-1.18.33.jar -XX:+HeapDumpOnOutOfMemoryError -XX:HeapDumpPath=c:\Users\Lenovo -pc\AppData\Roaming\Code\User\workspaceStorage\f4a9151d0c23d47ba8fff7671007197b\redhat.java -Daether.dependencyCollector.impl=bf c:\Users\Lenovo -pc\.vscode\extensions\redhat.java-1.35.1-win32-x64\server\plugins\org.eclipse.equinox.launcher_1.6.900.v20240613-2009.jar -configuration c:\Users\Lenovo -pc\AppData\Roaming\Code\User\globalStorage\redhat.java\1.35.1\config_win -data c:\Users\Lenovo -pc\AppData\Roaming\Code\User\workspaceStorage\f4a9151d0c23d47ba8fff7671007197b\redhat.java\jdt_ws --pipe=\\.\pipe\lsp-28db26f2ccf5735dbf990a8feb0079cd-sock

Host: AMD Ryzen 7 5700U with Radeon Graphics         , 16 cores, 15G,  Windows 11 , 64 bit Build 22621 (10.0.22621.3958)
Time: Wed Oct 23 14:53:56 2024 Sri Lanka Standard Time elapsed time: 11.366337 seconds (0d 0h 0m 11s)

---------------  T H R E A D  ---------------

Current thread (0x000002eaa12883c0):  JavaThread "C2 CompilerThread3" daemon [_thread_in_native, id=21044, stack(0x000000f02a100000,0x000000f02a200000)]


Current CompileTask:
C2:  11366 9146   !   4       org.eclipse.jdt.internal.core.search.indexing.BinaryIndexer::indexDocument (1157 bytes)

Stack: [0x000000f02a100000,0x000000f02a200000]
Native frames: (J=compiled Java code, j=interpreted, Vv=VM code, C=native code)
V  [jvm.dll+0x67f929]
V  [jvm.dll+0x8371ba]
V  [jvm.dll+0x838c7e]
V  [jvm.dll+0x8392e3]
V  [jvm.dll+0x24834f]
V  [jvm.dll+0xac9d4]
V  [jvm.dll+0xad01c]
V  [jvm.dll+0x3674a7]
V  [jvm.dll+0x1bd376]
V  [jvm.dll+0x21aa09]
V  [jvm.dll+0x219cf1]
V  [jvm.dll+0x1a58bd]
V  [jvm.dll+0x229a2d]
V  [jvm.dll+0x227bdc]
V  [jvm.dll+0x7ec1f7]
V  [jvm.dll+0x7e65dc]
V  [jvm.dll+0x67e7f7]
C  [ucrtbase.dll+0x29333]
C  [KERNEL32.DLL+0x1257d]
C  [ntdll.dll+0x5af08]


---------------  P R O C E S S  ---------------

Threads class SMR info:
_java_thread_list=0x000002eaa29f1930, length=71, elements={
0x000002ea82f7db70, 0x000002ea96e05020, 0x000002ea96e05af0, 0x000002ea9c00c720,
0x000002ea9c00cff0, 0x000002ea9c00d8c0, 0x000002ea9c00e8a0, 0x000002ea9c034c60,
0x000002ea9c047b40, 0x000002ea9c048e80, 0x000002ea82fdf540, 0x000002ea9c1bf0e0,
0x000002ea9c1c2fe0, 0x000002ea9c204350, 0x000002ea9e1161e0, 0x000002ea9e17bbf0,
0x000002ea9e5c7db0, 0x000002ea9e5c78a0, 0x000002ea9e5c6460, 0x000002ea9e5c6e80,
0x000002ea9e5c6970, 0x000002ea9f376cf0, 0x000002ea9f375dc0, 0x000002ea9f37d230,
0x000002ea9f3762d0, 0x000002ea9f379a80, 0x000002ea9fea1840, 0x000002ea9f37c810,
0x000002eaa12883c0, 0x000002eaa1542950, 0x000002eaa14ef510, 0x000002ea9f3767e0,
0x000002ea9f379f90, 0x000002ea9f379060, 0x000002ea9f37d740, 0x000002ea9f378640,
0x000002ea9f37a4a0, 0x000002ea9f377200, 0x000002ea9f377c20, 0x000002ea9f37bdf0,
0x000002ea9f378130, 0x000002ea9f379570, 0x000002ea9f37a9b0, 0x000002ea9f37aec0,
0x000002ea9f37b3d0, 0x000002ea9f37b8e0, 0x000002eaa2140910, 0x000002eaa213c740,
0x000002eaa2140400, 0x000002eaa2141840, 0x000002eaa213cc50, 0x000002eaa2141330,
0x000002eaa2142770, 0x000002eaa2140e20, 0x000002eaa213e090, 0x000002eaa213db80,
0x000002eaa213eab0, 0x000002eaa213f9e0, 0x000002eaa213fef0, 0x000002eaa2143190,
0x000002eaa2143bb0, 0x000002ea9f377710, 0x000002ea9f3aaf00, 0x000002ea9f3ad780,
0x000002ea9f3acd60, 0x000002ea9f3b1440, 0x000002ea9f3aebc0, 0x000002ea9f3b0510,
0x000002ea9f3adc90, 0x000002ea9f3ac850, 0x000002ea9f3ab920
}

Java Threads: ( => current thread )
  0x000002ea82f7db70 JavaThread "main" [_thread_blocked, id=20288, stack(0x000000f027500000,0x000000f027600000)]
  0x000002ea96e05020 JavaThread "Reference Handler" daemon [_thread_blocked, id=22448, stack(0x000000f027800000,0x000000f027900000)]
  0x000002ea96e05af0 JavaThread "Finalizer" daemon [_thread_blocked, id=11464, stack(0x000000f027900000,0x000000f027a00000)]
  0x000002ea9c00c720 JavaThread "Signal Dispatcher" daemon [_thread_blocked, id=17864, stack(0x000000f027a00000,0x000000f027b00000)]
  0x000002ea9c00cff0 JavaThread "Attach Listener" daemon [_thread_blocked, id=16688, stack(0x000000f027b00000,0x000000f027c00000)]
  0x000002ea9c00d8c0 JavaThread "Service Thread" daemon [_thread_blocked, id=24204, stack(0x000000f027c00000,0x000000f027d00000)]
  0x000002ea9c00e8a0 JavaThread "Monitor Deflation Thread" daemon [_thread_blocked, id=14952, stack(0x000000f027d00000,0x000000f027e00000)]
  0x000002ea9c034c60 JavaThread "C2 CompilerThread0" daemon [_thread_in_native, id=24064, stack(0x000000f027e00000,0x000000f027f00000)]
  0x000002ea9c047b40 JavaThread "C1 CompilerThread0" daemon [_thread_in_vm, id=7528, stack(0x000000f027f00000,0x000000f028000000)]
  0x000002ea9c048e80 JavaThread "Sweeper thread" daemon [_thread_blocked, id=11544, stack(0x000000f028000000,0x000000f028100000)]
  0x000002ea82fdf540 JavaThread "Common-Cleaner" daemon [_thread_blocked, id=16104, stack(0x000000f028100000,0x000000f028200000)]
  0x000002ea9c1bf0e0 JavaThread "C1 CompilerThread1" daemon [_thread_in_native, id=25056, stack(0x000000f028200000,0x000000f028300000)]
  0x000002ea9c1c2fe0 JavaThread "C1 CompilerThread2" daemon [_thread_in_native, id=5372, stack(0x000000f028300000,0x000000f028400000)]
  0x000002ea9c204350 JavaThread "C2 CompilerThread1" daemon [_thread_in_native, id=20020, stack(0x000000f028400000,0x000000f028500000)]
  0x000002ea9e1161e0 JavaThread "C1 CompilerThread3" daemon [_thread_blocked, id=14872, stack(0x000000f028500000,0x000000f028600000)]
  0x000002ea9e17bbf0 JavaThread "Notification Thread" daemon [_thread_blocked, id=16256, stack(0x000000f028600000,0x000000f028700000)]
  0x000002ea9e5c7db0 JavaThread "Active Thread: Equinox Container: f87dfbc7-952b-4fda-84e9-ce1ad575ed38" [_thread_blocked, id=24300, stack(0x000000f028e00000,0x000000f028f00000)]
  0x000002ea9e5c78a0 JavaThread "Framework Event Dispatcher: Equinox Container: f87dfbc7-952b-4fda-84e9-ce1ad575ed38" daemon [_thread_blocked, id=21480, stack(0x000000f028f00000,0x000000f029000000)]
  0x000002ea9e5c6460 JavaThread "Start Level: Equinox Container: f87dfbc7-952b-4fda-84e9-ce1ad575ed38" daemon [_thread_blocked, id=2252, stack(0x000000f029000000,0x000000f029100000)]
  0x000002ea9e5c6e80 JavaThread "Bundle File Closer" daemon [_thread_blocked, id=6020, stack(0x000000f029300000,0x000000f029400000)]
  0x000002ea9e5c6970 JavaThread "SCR Component Actor" daemon [_thread_blocked, id=3264, stack(0x000000f029500000,0x000000f029600000)]
  0x000002ea9f376cf0 JavaThread "Worker-JM" [_thread_blocked, id=22804, stack(0x000000f029a00000,0x000000f029b00000)]
  0x000002ea9f375dc0 JavaThread "JNA Cleaner" daemon [_thread_blocked, id=25892, stack(0x000000f028800000,0x000000f028900000)]
  0x000002ea9f37d230 JavaThread "Worker-0" [_thread_blocked, id=26560, stack(0x000000f029c00000,0x000000f029d00000)]
  0x000002ea9f3762d0 JavaThread "Worker-1" [_thread_blocked, id=11884, stack(0x000000f029d00000,0x000000f029e00000)]
  0x000002ea9f379a80 JavaThread "Worker-2" [_thread_blocked, id=20676, stack(0x000000f029e00000,0x000000f029f00000)]
  0x000002ea9fea1840 JavaThread "C2 CompilerThread2" daemon [_thread_in_native, id=20336, stack(0x000000f029f00000,0x000000f02a000000)]
  0x000002ea9f37c810 JavaThread "Java indexing" daemon [_thread_in_Java, id=1984, stack(0x000000f02a000000,0x000000f02a100000)]
=>0x000002eaa12883c0 JavaThread "C2 CompilerThread3" daemon [_thread_in_native, id=21044, stack(0x000000f02a100000,0x000000f02a200000)]
  0x000002eaa1542950 JavaThread "C2 CompilerThread4" daemon [_thread_in_native, id=24776, stack(0x000000f02a200000,0x000000f02a300000)]
  0x000002eaa14ef510 JavaThread "C2 CompilerThread5" daemon [_thread_in_native, id=20088, stack(0x000000f02a300000,0x000000f02a400000)]
  0x000002ea9f3767e0 JavaThread "Worker-3: Java indexing... " [_thread_blocked, id=13628, stack(0x000000f02a400000,0x000000f02a500000)]
  0x000002ea9f379f90 JavaThread "Thread-2" daemon [_thread_in_native, id=25312, stack(0x000000f02a500000,0x000000f02a600000)]
  0x000002ea9f379060 JavaThread "Thread-3" daemon [_thread_in_native, id=23388, stack(0x000000f02a600000,0x000000f02a700000)]
  0x000002ea9f37d740 JavaThread "Thread-4" daemon [_thread_in_native, id=24240, stack(0x000000f02a700000,0x000000f02a800000)]
  0x000002ea9f378640 JavaThread "Thread-5" daemon [_thread_in_native, id=19324, stack(0x000000f02a800000,0x000000f02a900000)]
  0x000002ea9f37a4a0 JavaThread "Thread-6" daemon [_thread_in_native, id=9592, stack(0x000000f02a900000,0x000000f02aa00000)]
  0x000002ea9f377200 JavaThread "Thread-7" daemon [_thread_in_native, id=15940, stack(0x000000f02aa00000,0x000000f02ab00000)]
  0x000002ea9f377c20 JavaThread "Thread-8" daemon [_thread_in_native, id=17616, stack(0x000000f02ab00000,0x000000f02ac00000)]
  0x000002ea9f37bdf0 JavaThread "Thread-9" daemon [_thread_in_native, id=27196, stack(0x000000f02ac00000,0x000000f02ad00000)]
  0x000002ea9f378130 JavaThread "Thread-10" daemon [_thread_in_native, id=18408, stack(0x000000f02ad00000,0x000000f02ae00000)]
  0x000002ea9f379570 JavaThread "Thread-11" daemon [_thread_in_native, id=17740, stack(0x000000f02ae00000,0x000000f02af00000)]
  0x000002ea9f37a9b0 JavaThread "Thread-12" daemon [_thread_in_native, id=10668, stack(0x000000f02af00000,0x000000f02b000000)]
  0x000002ea9f37aec0 JavaThread "Thread-13" daemon [_thread_in_native, id=19796, stack(0x000000f02b000000,0x000000f02b100000)]
  0x000002ea9f37b3d0 JavaThread "Thread-14" daemon [_thread_in_native, id=8472, stack(0x000000f02b100000,0x000000f02b200000)]
  0x000002ea9f37b8e0 JavaThread "Thread-15" daemon [_thread_in_native, id=8980, stack(0x000000f02b200000,0x000000f02b300000)]
  0x000002eaa2140910 JavaThread "Thread-16" daemon [_thread_in_native, id=964, stack(0x000000f02b300000,0x000000f02b400000)]
  0x000002eaa213c740 JavaThread "Thread-17" daemon [_thread_in_native, id=14864, stack(0x000000f02b400000,0x000000f02b500000)]
  0x000002eaa2140400 JavaThread "Thread-18" daemon [_thread_in_native, id=9948, stack(0x000000f02b500000,0x000000f02b600000)]
  0x000002eaa2141840 JavaThread "pool-2-thread-1" [_thread_blocked, id=16376, stack(0x000000f02b600000,0x000000f02b700000)]
  0x000002eaa213cc50 JavaThread "WorkspaceEventsHandler" [_thread_blocked, id=6340, stack(0x000000f02b900000,0x000000f02ba00000)]
  0x000002eaa2141330 JavaThread "pool-1-thread-1" [_thread_blocked, id=22868, stack(0x000000f02ba00000,0x000000f02bb00000)]
  0x000002eaa2142770 JavaThread "Worker-4" [_thread_blocked, id=17816, stack(0x000000f02bb00000,0x000000f02bc00000)]
  0x000002eaa2140e20 JavaThread "Worker-5: Building" [_thread_in_native, id=6608, stack(0x000000f02bc00000,0x000000f02bd00000)]
  0x000002eaa213e090 JavaThread "Worker-6" [_thread_blocked, id=25420, stack(0x000000f02bd00000,0x000000f02be00000)]
  0x000002eaa213db80 JavaThread "Worker-7" [_thread_blocked, id=24128, stack(0x000000f02be00000,0x000000f02bf00000)]
  0x000002eaa213eab0 JavaThread "Compiler Source File Reader" daemon [_thread_blocked, id=12168, stack(0x000000f02bf00000,0x000000f02c000000)]
  0x000002eaa213f9e0 JavaThread "Compiler Source File Reader" daemon [_thread_blocked, id=10272, stack(0x000000f02c000000,0x000000f02c100000)]
  0x000002eaa213fef0 JavaThread "Compiler Source File Reader" daemon [_thread_blocked, id=20124, stack(0x000000f02c100000,0x000000f02c200000)]
  0x000002eaa2143190 JavaThread "Compiler Source File Reader" daemon [_thread_blocked, id=4192, stack(0x000000f02c200000,0x000000f02c300000)]
  0x000002eaa2143bb0 JavaThread "Compiler Source File Reader" daemon [_thread_blocked, id=15504, stack(0x000000f02c300000,0x000000f02c400000)]
  0x000002ea9f377710 JavaThread "Compiler Source File Reader" daemon [_thread_blocked, id=1496, stack(0x000000f02c400000,0x000000f02c500000)]
  0x000002ea9f3aaf00 JavaThread "Compiler Source File Reader" daemon [_thread_blocked, id=11372, stack(0x000000f02c500000,0x000000f02c600000)]
  0x000002ea9f3ad780 JavaThread "Compiler Source File Reader" daemon [_thread_blocked, id=18500, stack(0x000000f02c600000,0x000000f02c700000)]
  0x000002ea9f3acd60 JavaThread "Compiler Source File Reader" daemon [_thread_blocked, id=26784, stack(0x000000f02c700000,0x000000f02c800000)]
  0x000002ea9f3b1440 JavaThread "Compiler Source File Reader" daemon [_thread_blocked, id=196, stack(0x000000f02c800000,0x000000f02c900000)]
  0x000002ea9f3aebc0 JavaThread "Compiler Source File Reader" daemon [_thread_blocked, id=7056, stack(0x000000f02c900000,0x000000f02ca00000)]
  0x000002ea9f3b0510 JavaThread "Compiler Source File Reader" daemon [_thread_blocked, id=23456, stack(0x000000f02ca00000,0x000000f02cb00000)]
  0x000002ea9f3adc90 JavaThread "Compiler Source File Reader" daemon [_thread_blocked, id=17968, stack(0x000000f02cb00000,0x000000f02cc00000)]
  0x000002ea9f3ac850 JavaThread "Compiler Source File Reader" daemon [_thread_blocked, id=23740, stack(0x000000f02cc00000,0x000000f02cd00000)]
  0x000002ea9f3ab920 JavaThread "Compiler Processing Task" daemon [_thread_in_vm, id=23160, stack(0x000000f029600000,0x000000f029700000)]

Other Threads:
  0x000002ea830258e0 VMThread "VM Thread" [stack: 0x000000f027700000,0x000000f027800000] [id=19112]
  0x000002ea9e17c0d0 WatcherThread [stack: 0x000000f028700000,0x000000f028800000] [id=11364]
  0x000002ea82f90ee0 GCTaskThread "GC Thread#0" [stack: 0x000000f027600000,0x000000f027700000] [id=27320]
  0x000002ea9e8368a0 GCTaskThread "GC Thread#1" [stack: 0x000000f028900000,0x000000f028a00000] [id=21164]
  0x000002ea9e837660 GCTaskThread "GC Thread#2" [stack: 0x000000f028a00000,0x000000f028b00000] [id=12924]
  0x000002ea9e836e20 GCTaskThread "GC Thread#3" [stack: 0x000000f028b00000,0x000000f028c00000] [id=4000]
  0x000002ea9e836b60 GCTaskThread "GC Thread#4" [stack: 0x000000f028c00000,0x000000f028d00000] [id=23448]
  0x000002ea9e8370e0 GCTaskThread "GC Thread#5" [stack: 0x000000f028d00000,0x000000f028e00000] [id=10192]
  0x000002ea9e836320 GCTaskThread "GC Thread#6" [stack: 0x000000f029100000,0x000000f029200000] [id=5960]
  0x000002ea9e8365e0 GCTaskThread "GC Thread#7" [stack: 0x000000f029200000,0x000000f029300000] [id=25028]
  0x000002ea9e837920 GCTaskThread "GC Thread#8" [stack: 0x000000f029400000,0x000000f029500000] [id=7704]
  0x000002ea9eeb2c30 GCTaskThread "GC Thread#9" [stack: 0x000000f029700000,0x000000f029800000] [id=1848]
  0x000002ea9eeb2970 GCTaskThread "GC Thread#10" [stack: 0x000000f029800000,0x000000f029900000] [id=4272]
  0x000002ea9eeb3cb0 GCTaskThread "GC Thread#11" [stack: 0x000000f029900000,0x000000f029a00000] [id=26760]
  0x000002ea9eeb1bb0 GCTaskThread "GC Thread#12" [stack: 0x000000f029b00000,0x000000f029c00000] [id=15652]

Threads with active compile tasks:
C2 CompilerThread0    11398 9635       4       org.eclipse.jdt.internal.compiler.lookup.BinaryTypeBinding::createMethod (1724 bytes)
C1 CompilerThread0    11398 10028       3       org.eclipse.jdt.internal.compiler.lookup.TypeVariableBinding::<init> (66 bytes)
C2 CompilerThread1    11398 9979       4       org.eclipse.jdt.internal.compiler.lookup.BinaryTypeBinding::createAnnotations (59 bytes)
C2 CompilerThread2    11398 9982       4       jdk.nio.zipfs.ZipFileSystem::getInode (36 bytes)
C2 CompilerThread3    11398 9146   !   4       org.eclipse.jdt.internal.core.search.indexing.BinaryIndexer::indexDocument (1157 bytes)
C2 CompilerThread4    11398 9972       4       org.eclipse.jdt.internal.compiler.lookup.LookupEnvironment::getCachedType0 (112 bytes)
C2 CompilerThread5    11398 9583 %     4       org.lombokweb.asm.ClassReader::readCode @ 2239 (5117 bytes)

VM state: not at safepoint (normal execution)

VM Mutex/Monitor currently owned by a thread: None

Heap address: 0x00000000c0000000, size: 1024 MB, Compressed Oops mode: 32-bit

CDS archive(s) not mapped
Compressed class space mapped at: 0x0000000100000000-0x0000000140000000, reserved size: 1073741824
Narrow klass base: 0x0000000000000000, Narrow klass shift: 3, Narrow klass range: 0x140000000

GC Precious Log:
 CPUs: 16 total, 16 available
 Memory: 15709M
 Large Page Support: Disabled
 NUMA Support: Disabled
 Compressed Oops: Enabled (32-bit)
 Alignments: Space 512K, Generation 512K, Heap 2M
 Heap Min Capacity: 100M
 Heap Initial Capacity: 100M
 Heap Max Capacity: 1G
 Pre-touch: Disabled
 Parallel Workers: 13

Heap:
 PSYoungGen      total 13824K, used 13310K [0x00000000eab00000, 0x00000000ebd80000, 0x0000000100000000)
  eden space 10752K, 95% used [0x00000000eab00000,0x00000000eb50fb18,0x00000000eb580000)
  from space 3072K, 97% used [0x00000000eba80000,0x00000000ebd700d8,0x00000000ebd80000)
  to   space 4096K, 0% used [0x00000000eb580000,0x00000000eb580000,0x00000000eb980000)
 ParOldGen       total 236032K, used 202664K [0x00000000c0000000, 0x00000000ce680000, 0x00000000eab00000)
  object space 236032K, 85% used [0x00000000c0000000,0x00000000cc5ea3f0,0x00000000ce680000)
 Metaspace       used 64926K, committed 66112K, reserved 1114112K
  class space    used 6785K, committed 7296K, reserved 1048576K

Card table byte_map: [0x000002ea82940000,0x000002ea82b50000] _byte_map_base: 0x000002ea82340000

Marking Bits: (ParMarkBitMap*) 0x00007ff91a9f58b0
 Begin Bits: [0x000002ea94c10000, 0x000002ea95c10000)
 End Bits:   [0x000002ea95c10000, 0x000002ea96c10000)

Polling page: 0x000002ea82730000

Metaspace:

Usage:
  Non-class:     56.78 MB used.
      Class:      6.63 MB used.
       Both:     63.41 MB used.

Virtual space:
  Non-class space:       64.00 MB reserved,      57.44 MB ( 90%) committed,  1 nodes.
      Class space:        1.00 GB reserved,       7.12 MB ( <1%) committed,  1 nodes.
             Both:        1.06 GB reserved,      64.56 MB (  6%) committed. 

Chunk freelists:
   Non-Class:  6.27 MB
       Class:  8.89 MB
        Both:  15.15 MB

MaxMetaspaceSize: unlimited
CompressedClassSpaceSize: 1.00 GB
Initial GC threshold: 21.00 MB
Current GC threshold: 106.81 MB
CDS: off
MetaspaceReclaimPolicy: balanced
 - commit_granule_bytes: 65536.
 - commit_granule_words: 8192.
 - virtual_space_node_default_size: 8388608.
 - enlarge_chunks_in_place: 1.
 - new_chunks_are_fully_committed: 0.
 - uncommit_free_chunks: 1.
 - use_allocation_guard: 0.
 - handle_deallocations: 1.


Internal statistics:

num_allocs_failed_limit: 6.
num_arena_births: 816.
num_arena_deaths: 14.
num_vsnodes_births: 2.
num_vsnodes_deaths: 0.
num_space_committed: 1033.
num_space_uncommitted: 0.
num_chunks_returned_to_freelist: 20.
num_chunks_taken_from_freelist: 3551.
num_chunk_merges: 5.
num_chunk_splits: 2126.
num_chunks_enlarged: 1126.
num_inconsistent_stats: 0.

CodeHeap 'non-profiled nmethods': size=119168Kb used=6379Kb max_used=6379Kb free=112788Kb
 bounds [0x000002ea8d7b0000, 0x000002ea8ddf0000, 0x000002ea94c10000]
CodeHeap 'profiled nmethods': size=119104Kb used=17892Kb max_used=17892Kb free=101211Kb
 bounds [0x000002ea85c10000, 0x000002ea86d90000, 0x000002ea8d060000]
CodeHeap 'non-nmethods': size=7488Kb used=3039Kb max_used=3175Kb free=4448Kb
 bounds [0x000002ea8d060000, 0x000002ea8d390000, 0x000002ea8d7b0000]
 total_blobs=9093 nmethods=8400 adapters=604
 compilation: enabled
              stopped_count=0, restarted_count=0
 full_count=0

Compilation events (20 events):
Event: 11.343 Thread 0x000002ea9c1bf0e0 nmethod 9969 0x000002ea86d66790 code [0x000002ea86d66960, 0x000002ea86d66d68]
Event: 11.345 Thread 0x000002ea9fea1840 9970       4       org.eclipse.jdt.internal.compiler.lookup.SplitPackageBinding::getIncarnation (44 bytes)
Event: 11.346 Thread 0x000002ea9c1bf0e0 9971       3       org.eclipse.core.runtime.SubMonitor::done (47 bytes)
Event: 11.346 Thread 0x000002ea9c1bf0e0 nmethod 9971 0x000002ea86d66f10 code [0x000002ea86d670e0, 0x000002ea86d67478]
Event: 11.346 Thread 0x000002eaa1542950 9972       4       org.eclipse.jdt.internal.compiler.lookup.LookupEnvironment::getCachedType0 (112 bytes)
Event: 11.346 Thread 0x000002ea9c204350 9973       4       lombok.bytecode.ClassFileMetaData::readValue (27 bytes)
Event: 11.347 Thread 0x000002ea9c047b40 9974       3       org.eclipse.jdt.internal.compiler.lookup.BinaryTypeBinding::createAnnotation (176 bytes)
Event: 11.347 Thread 0x000002ea9c204350 nmethod 9973 0x000002ea8dde8010 code [0x000002ea8dde8180, 0x000002ea8dde8258]
Event: 11.348 Thread 0x000002ea9c047b40 nmethod 9974 0x000002ea86d67610 code [0x000002ea86d678c0, 0x000002ea86d68908]
Event: 11.348 Thread 0x000002ea9c047b40 9975       3       org.eclipse.jdt.internal.compiler.lookup.ReferenceBinding::retrieveAnnotations (22 bytes)
Event: 11.349 Thread 0x000002ea9c047b40 nmethod 9975 0x000002ea86d68f90 code [0x000002ea86d69140, 0x000002ea86d69428]
Event: 11.350 Thread 0x000002ea9c1bf0e0 9976       1       org.eclipse.jdt.internal.compiler.env.NameEnvironmentAnswer::moduleName (5 bytes)
Event: 11.350 Thread 0x000002ea9c1bf0e0 nmethod 9976 0x000002ea8dde8390 code [0x000002ea8dde8520, 0x000002ea8dde85f8]
Event: 11.354 Thread 0x000002ea9c204350 9977       4       java.util.LinkedHashMap::keySet (25 bytes)
Event: 11.355 Thread 0x000002ea9c1bf0e0 9978       3       org.eclipse.jdt.internal.compiler.classfmt.NonNullDefaultAwareTypeAnnotationWalker::toTypeArgument (55 bytes)
Event: 11.355 Thread 0x000002ea9c1bf0e0 nmethod 9978 0x000002ea86d69510 code [0x000002ea86d696c0, 0x000002ea86d69918]
Event: 11.355 Thread 0x000002ea9c204350 nmethod 9977 0x000002ea8dde8690 code [0x000002ea8dde8820, 0x000002ea8dde8938]
Event: 11.355 Thread 0x000002ea9c204350 9979       4       org.eclipse.jdt.internal.compiler.lookup.BinaryTypeBinding::createAnnotations (59 bytes)
Event: 11.362 Thread 0x000002ea9fea1840 nmethod 9970 0x000002ea8dde8a10 code [0x000002ea8dde8be0, 0x000002ea8dde92f8]
Event: 11.362 Thread 0x000002ea9fea1840 9980   !   4       org.eclipse.jdt.internal.compiler.lookup.TypeSystem::getUnannotatedType (267 bytes)

GC Heap History (20 events):
Event: 10.651 GC heap before
{Heap before GC invocations=123 (full 7):
 PSYoungGen      total 13312K, used 12806K [0x00000000eab00000, 0x00000000eba80000, 0x0000000100000000)
  eden space 11264K, 100% used [0x00000000eab00000,0x00000000eb600000,0x00000000eb600000)
  from space 2048K, 75% used [0x00000000eb800000,0x00000000eb9818c8,0x00000000eba00000)
  to   space 2048K, 0% used [0x00000000eb600000,0x00000000eb600000,0x00000000eb800000)
 ParOldGen       total 200704K, used 191710K [0x00000000c0000000, 0x00000000cc400000, 0x00000000eab00000)
  object space 200704K, 95% used [0x00000000c0000000,0x00000000cbb37988,0x00000000cc400000)
 Metaspace       used 63426K, committed 64640K, reserved 1114112K
  class space    used 6655K, committed 7168K, reserved 1048576K
}
Event: 10.654 GC heap after
{Heap after GC invocations=123 (full 7):
 PSYoungGen      total 13312K, used 1589K [0x00000000eab00000, 0x00000000ebb80000, 0x0000000100000000)
  eden space 11264K, 0% used [0x00000000eab00000,0x00000000eab00000,0x00000000eb600000)
  from space 2048K, 77% used [0x00000000eb600000,0x00000000eb78d668,0x00000000eb800000)
  to   space 2048K, 0% used [0x00000000eb980000,0x00000000eb980000,0x00000000ebb80000)
 ParOldGen       total 200704K, used 192659K [0x00000000c0000000, 0x00000000cc400000, 0x00000000eab00000)
  object space 200704K, 95% used [0x00000000c0000000,0x00000000cbc24c40,0x00000000cc400000)
 Metaspace       used 63426K, committed 64640K, reserved 1114112K
  class space    used 6655K, committed 7168K, reserved 1048576K
}
Event: 10.686 GC heap before
{Heap before GC invocations=124 (full 7):
 PSYoungGen      total 13312K, used 12853K [0x00000000eab00000, 0x00000000ebb80000, 0x0000000100000000)
  eden space 11264K, 100% used [0x00000000eab00000,0x00000000eb600000,0x00000000eb600000)
  from space 2048K, 77% used [0x00000000eb600000,0x00000000eb78d668,0x00000000eb800000)
  to   space 2048K, 0% used [0x00000000eb980000,0x00000000eb980000,0x00000000ebb80000)
 ParOldGen       total 200704K, used 192659K [0x00000000c0000000, 0x00000000cc400000, 0x00000000eab00000)
  object space 200704K, 95% used [0x00000000c0000000,0x00000000cbc24c40,0x00000000cc400000)
 Metaspace       used 63747K, committed 64960K, reserved 1114112K
  class space    used 6692K, committed 7232K, reserved 1048576K
}
Event: 10.689 GC heap after
{Heap after GC invocations=124 (full 7):
 PSYoungGen      total 12800K, used 2039K [0x00000000eab00000, 0x00000000ebe00000, 0x0000000100000000)
  eden space 10752K, 0% used [0x00000000eab00000,0x00000000eab00000,0x00000000eb580000)
  from space 2048K, 99% used [0x00000000eb980000,0x00000000ebb7de98,0x00000000ebb80000)
  to   space 4096K, 0% used [0x00000000eb580000,0x00000000eb580000,0x00000000eb980000)
 ParOldGen       total 200704K, used 194031K [0x00000000c0000000, 0x00000000cc400000, 0x00000000eab00000)
  object space 200704K, 96% used [0x00000000c0000000,0x00000000cbd7bd88,0x00000000cc400000)
 Metaspace       used 63747K, committed 64960K, reserved 1114112K
  class space    used 6692K, committed 7232K, reserved 1048576K
}
Event: 10.722 GC heap before
{Heap before GC invocations=125 (full 7):
 PSYoungGen      total 12800K, used 12791K [0x00000000eab00000, 0x00000000ebe00000, 0x0000000100000000)
  eden space 10752K, 100% used [0x00000000eab00000,0x00000000eb580000,0x00000000eb580000)
  from space 2048K, 99% used [0x00000000eb980000,0x00000000ebb7de98,0x00000000ebb80000)
  to   space 4096K, 0% used [0x00000000eb580000,0x00000000eb580000,0x00000000eb980000)
 ParOldGen       total 200704K, used 194031K [0x00000000c0000000, 0x00000000cc400000, 0x00000000eab00000)
  object space 200704K, 96% used [0x00000000c0000000,0x00000000cbd7bd88,0x00000000cc400000)
 Metaspace       used 64044K, committed 65280K, reserved 1114112K
  class space    used 6724K, committed 7232K, reserved 1048576K
}
Event: 10.726 GC heap after
{Heap after GC invocations=125 (full 7):
 PSYoungGen      total 13312K, used 2345K [0x00000000eab00000, 0x00000000ebb80000, 0x0000000100000000)
  eden space 10752K, 0% used [0x00000000eab00000,0x00000000eab00000,0x00000000eb580000)
  from space 2560K, 91% used [0x00000000eb580000,0x00000000eb7ca658,0x00000000eb800000)
  to   space 3072K, 0% used [0x00000000eb880000,0x00000000eb880000,0x00000000ebb80000)
 ParOldGen       total 200704K, used 195990K [0x00000000c0000000, 0x00000000cc400000, 0x00000000eab00000)
  object space 200704K, 97% used [0x00000000c0000000,0x00000000cbf65b18,0x00000000cc400000)
 Metaspace       used 64044K, committed 65280K, reserved 1114112K
  class space    used 6724K, committed 7232K, reserved 1048576K
}
Event: 10.757 GC heap before
{Heap before GC invocations=126 (full 7):
 PSYoungGen      total 13312K, used 13074K [0x00000000eab00000, 0x00000000ebb80000, 0x0000000100000000)
  eden space 10752K, 99% used [0x00000000eab00000,0x00000000eb57a230,0x00000000eb580000)
  from space 2560K, 91% used [0x00000000eb580000,0x00000000eb7ca658,0x00000000eb800000)
  to   space 3072K, 0% used [0x00000000eb880000,0x00000000eb880000,0x00000000ebb80000)
 ParOldGen       total 200704K, used 195990K [0x00000000c0000000, 0x00000000cc400000, 0x00000000eab00000)
  object space 200704K, 97% used [0x00000000c0000000,0x00000000cbf65b18,0x00000000cc400000)
 Metaspace       used 64217K, committed 65408K, reserved 1114112K
  class space    used 6735K, committed 7232K, reserved 1048576K
}
Event: 10.761 GC heap after
{Heap after GC invocations=126 (full 7):
 PSYoungGen      total 13312K, used 2380K [0x00000000eab00000, 0x00000000ebb00000, 0x0000000100000000)
  eden space 10752K, 0% used [0x00000000eab00000,0x00000000eab00000,0x00000000eb580000)
  from space 2560K, 92% used [0x00000000eb880000,0x00000000ebad30f8,0x00000000ebb00000)
  to   space 2560K, 0% used [0x00000000eb580000,0x00000000eb580000,0x00000000eb800000)
 ParOldGen       total 200704K, used 198090K [0x00000000c0000000, 0x00000000cc400000, 0x00000000eab00000)
  object space 200704K, 98% used [0x00000000c0000000,0x00000000cc172ae8,0x00000000cc400000)
 Metaspace       used 64217K, committed 65408K, reserved 1114112K
  class space    used 6735K, committed 7232K, reserved 1048576K
}
Event: 10.805 GC heap before
{Heap before GC invocations=127 (full 7):
 PSYoungGen      total 13312K, used 13132K [0x00000000eab00000, 0x00000000ebb00000, 0x0000000100000000)
  eden space 10752K, 100% used [0x00000000eab00000,0x00000000eb580000,0x00000000eb580000)
  from space 2560K, 92% used [0x00000000eb880000,0x00000000ebad30f8,0x00000000ebb00000)
  to   space 2560K, 0% used [0x00000000eb580000,0x00000000eb580000,0x00000000eb800000)
 ParOldGen       total 200704K, used 198090K [0x00000000c0000000, 0x00000000cc400000, 0x00000000eab00000)
  object space 200704K, 98% used [0x00000000c0000000,0x00000000cc172ae8,0x00000000cc400000)
 Metaspace       used 64367K, committed 65600K, reserved 1114112K
  class space    used 6749K, committed 7296K, reserved 1048576K
}
Event: 10.810 GC heap after
{Heap after GC invocations=127 (full 7):
 PSYoungGen      total 13312K, used 2505K [0x00000000eab00000, 0x00000000eba80000, 0x0000000100000000)
  eden space 10752K, 0% used [0x00000000eab00000,0x00000000eab00000,0x00000000eb580000)
  from space 2560K, 97% used [0x00000000eb580000,0x00000000eb7f2418,0x00000000eb800000)
  to   space 2560K, 0% used [0x00000000eb800000,0x00000000eb800000,0x00000000eba80000)
 ParOldGen       total 200704K, used 200295K [0x00000000c0000000, 0x00000000cc400000, 0x00000000eab00000)
  object space 200704K, 99% used [0x00000000c0000000,0x00000000cc399f68,0x00000000cc400000)
 Metaspace       used 64367K, committed 65600K, reserved 1114112K
  class space    used 6749K, committed 7296K, reserved 1048576K
}
Event: 10.810 GC heap before
{Heap before GC invocations=128 (full 8):
 PSYoungGen      total 13312K, used 2505K [0x00000000eab00000, 0x00000000eba80000, 0x0000000100000000)
  eden space 10752K, 0% used [0x00000000eab00000,0x00000000eab00000,0x00000000eb580000)
  from space 2560K, 97% used [0x00000000eb580000,0x00000000eb7f2418,0x00000000eb800000)
  to   space 2560K, 0% used [0x00000000eb800000,0x00000000eb800000,0x00000000eba80000)
 ParOldGen       total 200704K, used 200295K [0x00000000c0000000, 0x00000000cc400000, 0x00000000eab00000)
  object space 200704K, 99% used [0x00000000c0000000,0x00000000cc399f68,0x00000000cc400000)
 Metaspace       used 64367K, committed 65600K, reserved 1114112K
  class space    used 6749K, committed 7296K, reserved 1048576K
}
Event: 10.943 GC heap after
{Heap after GC invocations=128 (full 8):
 PSYoungGen      total 13312K, used 0K [0x00000000eab00000, 0x00000000ebc00000, 0x0000000100000000)
  eden space 10752K, 0% used [0x00000000eab00000,0x00000000eab00000,0x00000000eb580000)
  from space 2560K, 0% used [0x00000000eb800000,0x00000000eb800000,0x00000000eba80000)
  to   space 2560K, 0% used [0x00000000eb580000,0x00000000eb580000,0x00000000eb800000)
 ParOldGen       total 236032K, used 195745K [0x00000000c0000000, 0x00000000ce680000, 0x00000000eab00000)
  object space 236032K, 82% used [0x00000000c0000000,0x00000000cbf28798,0x00000000ce680000)
 Metaspace       used 64367K, committed 65600K, reserved 1114112K
  class space    used 6749K, committed 7296K, reserved 1048576K
}
Event: 10.995 GC heap before
{Heap before GC invocations=129 (full 8):
 PSYoungGen      total 13312K, used 10752K [0x00000000eab00000, 0x00000000ebc00000, 0x0000000100000000)
  eden space 10752K, 100% used [0x00000000eab00000,0x00000000eb580000,0x00000000eb580000)
  from space 2560K, 0% used [0x00000000eb800000,0x00000000eb800000,0x00000000eba80000)
  to   space 2560K, 0% used [0x00000000eb580000,0x00000000eb580000,0x00000000eb800000)
 ParOldGen       total 236032K, used 195745K [0x00000000c0000000, 0x00000000ce680000, 0x00000000eab00000)
  object space 236032K, 82% used [0x00000000c0000000,0x00000000cbf28798,0x00000000ce680000)
 Metaspace       used 64489K, committed 65728K, reserved 1114112K
  class space    used 6757K, committed 7296K, reserved 1048576K
}
Event: 10.997 GC heap after
{Heap after GC invocations=129 (full 8):
 PSYoungGen      total 13312K, used 2541K [0x00000000eab00000, 0x00000000ebb80000, 0x0000000100000000)
  eden space 10752K, 0% used [0x00000000eab00000,0x00000000eab00000,0x00000000eb580000)
  from space 2560K, 99% used [0x00000000eb580000,0x00000000eb7fb4b8,0x00000000eb800000)
  to   space 3072K, 0% used [0x00000000eb880000,0x00000000eb880000,0x00000000ebb80000)
 ParOldGen       total 236032K, used 195789K [0x00000000c0000000, 0x00000000ce680000, 0x00000000eab00000)
  object space 236032K, 82% used [0x00000000c0000000,0x00000000cbf33418,0x00000000ce680000)
 Metaspace       used 64489K, committed 65728K, reserved 1114112K
  class space    used 6757K, committed 7296K, reserved 1048576K
}
Event: 11.083 GC heap before
{Heap before GC invocations=130 (full 8):
 PSYoungGen      total 13312K, used 13293K [0x00000000eab00000, 0x00000000ebb80000, 0x0000000100000000)
  eden space 10752K, 100% used [0x00000000eab00000,0x00000000eb580000,0x00000000eb580000)
  from space 2560K, 99% used [0x00000000eb580000,0x00000000eb7fb4b8,0x00000000eb800000)
  to   space 3072K, 0% used [0x00000000eb880000,0x00000000eb880000,0x00000000ebb80000)
 ParOldGen       total 236032K, used 195789K [0x00000000c0000000, 0x00000000ce680000, 0x00000000eab00000)
  object space 236032K, 82% used [0x00000000c0000000,0x00000000cbf33418,0x00000000ce680000)
 Metaspace       used 64629K, committed 65856K, reserved 1114112K
  class space    used 6774K, committed 7296K, reserved 1048576K
}
Event: 11.087 GC heap after
{Heap after GC invocations=130 (full 8):
 PSYoungGen      total 13312K, used 2524K [0x00000000eab00000, 0x00000000ebb00000, 0x0000000100000000)
  eden space 10752K, 0% used [0x00000000eab00000,0x00000000eab00000,0x00000000eb580000)
  from space 2560K, 98% used [0x00000000eb880000,0x00000000ebaf7308,0x00000000ebb00000)
  to   space 2560K, 0% used [0x00000000eb580000,0x00000000eb580000,0x00000000eb800000)
 ParOldGen       total 236032K, used 198102K [0x00000000c0000000, 0x00000000ce680000, 0x00000000eab00000)
  object space 236032K, 83% used [0x00000000c0000000,0x00000000cc1759d8,0x00000000ce680000)
 Metaspace       used 64629K, committed 65856K, reserved 1114112K
  class space    used 6774K, committed 7296K, reserved 1048576K
}
Event: 11.168 GC heap before
{Heap before GC invocations=131 (full 8):
 PSYoungGen      total 13312K, used 13276K [0x00000000eab00000, 0x00000000ebb00000, 0x0000000100000000)
  eden space 10752K, 100% used [0x00000000eab00000,0x00000000eb580000,0x00000000eb580000)
  from space 2560K, 98% used [0x00000000eb880000,0x00000000ebaf7308,0x00000000ebb00000)
  to   space 2560K, 0% used [0x00000000eb580000,0x00000000eb580000,0x00000000eb800000)
 ParOldGen       total 236032K, used 198102K [0x00000000c0000000, 0x00000000ce680000, 0x00000000eab00000)
  object space 236032K, 83% used [0x00000000c0000000,0x00000000cc1759d8,0x00000000ce680000)
 Metaspace       used 64750K, committed 65984K, reserved 1114112K
  class space    used 6784K, committed 7296K, reserved 1048576K
}
Event: 11.172 GC heap after
{Heap after GC invocations=131 (full 8):
 PSYoungGen      total 13312K, used 2545K [0x00000000eab00000, 0x00000000ebf80000, 0x0000000100000000)
  eden space 10752K, 0% used [0x00000000eab00000,0x00000000eab00000,0x00000000eb580000)
  from space 2560K, 99% used [0x00000000eb580000,0x00000000eb7fc448,0x00000000eb800000)
  to   space 5120K, 0% used [0x00000000eba80000,0x00000000eba80000,0x00000000ebf80000)
 ParOldGen       total 236032K, used 200231K [0x00000000c0000000, 0x00000000ce680000, 0x00000000eab00000)
  object space 236032K, 84% used [0x00000000c0000000,0x00000000cc389fe8,0x00000000ce680000)
 Metaspace       used 64750K, committed 65984K, reserved 1114112K
  class space    used 6784K, committed 7296K, reserved 1048576K
}
Event: 11.317 GC heap before
{Heap before GC invocations=132 (full 8):
 PSYoungGen      total 13312K, used 13297K [0x00000000eab00000, 0x00000000ebf80000, 0x0000000100000000)
  eden space 10752K, 100% used [0x00000000eab00000,0x00000000eb580000,0x00000000eb580000)
  from space 2560K, 99% used [0x00000000eb580000,0x00000000eb7fc448,0x00000000eb800000)
  to   space 5120K, 0% used [0x00000000eba80000,0x00000000eba80000,0x00000000ebf80000)
 ParOldGen       total 236032K, used 200231K [0x00000000c0000000, 0x00000000ce680000, 0x00000000eab00000)
  object space 236032K, 84% used [0x00000000c0000000,0x00000000cc389fe8,0x00000000ce680000)
 Metaspace       used 64829K, committed 66048K, reserved 1114112K
  class space    used 6784K, committed 7296K, reserved 1048576K
}
Event: 11.321 GC heap after
{Heap after GC invocations=132 (full 8):
 PSYoungGen      total 13824K, used 3008K [0x00000000eab00000, 0x00000000ebd80000, 0x0000000100000000)
  eden space 10752K, 0% used [0x00000000eab00000,0x00000000eab00000,0x00000000eb580000)
  from space 3072K, 97% used [0x00000000eba80000,0x00000000ebd700d8,0x00000000ebd80000)
  to   space 4096K, 0% used [0x00000000eb580000,0x00000000eb580000,0x00000000eb980000)
 ParOldGen       total 236032K, used 202664K [0x00000000c0000000, 0x00000000ce680000, 0x00000000eab00000)
  object space 236032K, 85% used [0x00000000c0000000,0x00000000cc5ea3f0,0x00000000ce680000)
 Metaspace       used 64829K, committed 66048K, reserved 1114112K
  class space    used 6784K, committed 7296K, reserved 1048576K
}

Dll operation events (10 events):
Event: 0.009 Loaded shared library c:\Users\Lenovo -pc\.vscode\extensions\redhat.java-1.35.1-win32-x64\jre\17.0.12-win32-x86_64\bin\java.dll
Event: 0.144 Loaded shared library c:\Users\Lenovo -pc\.vscode\extensions\redhat.java-1.35.1-win32-x64\jre\17.0.12-win32-x86_64\bin\zip.dll
Event: 0.147 Loaded shared library C:\Users\Lenovo -pc\.vscode\extensions\redhat.java-1.35.1-win32-x64\jre\17.0.12-win32-x86_64\bin\instrument.dll
Event: 0.159 Loaded shared library C:\Users\Lenovo -pc\.vscode\extensions\redhat.java-1.35.1-win32-x64\jre\17.0.12-win32-x86_64\bin\net.dll
Event: 0.161 Loaded shared library C:\Users\Lenovo -pc\.vscode\extensions\redhat.java-1.35.1-win32-x64\jre\17.0.12-win32-x86_64\bin\nio.dll
Event: 0.169 Loaded shared library C:\Users\Lenovo -pc\.vscode\extensions\redhat.java-1.35.1-win32-x64\jre\17.0.12-win32-x86_64\bin\zip.dll
Event: 0.186 Loaded shared library C:\Users\Lenovo -pc\.vscode\extensions\redhat.java-1.35.1-win32-x64\jre\17.0.12-win32-x86_64\bin\jimage.dll
Event: 0.253 Loaded shared library c:\Users\Lenovo -pc\.vscode\extensions\redhat.java-1.35.1-win32-x64\jre\17.0.12-win32-x86_64\bin\verify.dll
Event: 1.409 Loaded shared library C:\Users\Lenovo -pc\AppData\Roaming\Code\User\globalStorage\redhat.java\1.35.1\config_win\org.eclipse.equinox.launcher\org.eclipse.equinox.launcher.win32.win32.x86_64_1.2.1100.v20240722-2106\eclipse_11904.dll
Event: 3.026 Loaded shared library C:\Users\Lenovo -pc\AppData\Local\Temp\jna-1726588563\jna12734662587478066233.dll

Deoptimization events (20 events):
Event: 11.147 Thread 0x000002ea9f3ab920 Uncommon trap: trap_request=0xffffff45 fr.pc=0x000002ea8dc62e04 relative=0x00000000000004a4
Event: 11.147 Thread 0x000002ea9f3ab920 Uncommon trap: reason=unstable_if action=reinterpret pc=0x000002ea8dc62e04 method=java.util.HashMap.putVal(ILjava/lang/Object;Ljava/lang/Object;ZZ)Ljava/lang/Object; @ 94 c2
Event: 11.147 Thread 0x000002ea9f3ab920 DEOPT PACKING pc=0x000002ea8dc62e04 sp=0x000000f0296fe4b0
Event: 11.147 Thread 0x000002ea9f3ab920 DEOPT UNPACKING pc=0x000002ea8d0b66a3 sp=0x000000f0296fe418 mode 2
Event: 11.162 Thread 0x000002ea9f3ab920 Uncommon trap: trap_request=0xffffff45 fr.pc=0x000002ea8d7ebfb8 relative=0x0000000000000478
Event: 11.162 Thread 0x000002ea9f3ab920 Uncommon trap: reason=unstable_if action=reinterpret pc=0x000002ea8d7ebfb8 method=java.util.HashMap$HashIterator.<init>(Ljava/util/HashMap;)V @ 45 c2
Event: 11.162 Thread 0x000002ea9f3ab920 DEOPT PACKING pc=0x000002ea8d7ebfb8 sp=0x000000f0296fec40
Event: 11.162 Thread 0x000002ea9f3ab920 DEOPT UNPACKING pc=0x000002ea8d0b66a3 sp=0x000000f0296feab0 mode 2
Event: 11.164 Thread 0x000002ea9f3ab920 Uncommon trap: trap_request=0xffffff45 fr.pc=0x000002ea8d89bfa4 relative=0x0000000000000304
Event: 11.164 Thread 0x000002ea9f3ab920 Uncommon trap: reason=unstable_if action=reinterpret pc=0x000002ea8d89bfa4 method=java.util.HashMap$HashIterator.<init>(Ljava/util/HashMap;)V @ 45 c2
Event: 11.164 Thread 0x000002ea9f3ab920 DEOPT PACKING pc=0x000002ea8d89bfa4 sp=0x000000f0296febe0
Event: 11.164 Thread 0x000002ea9f3ab920 DEOPT UNPACKING pc=0x000002ea8d0b66a3 sp=0x000000f0296feab0 mode 2
Event: 11.183 Thread 0x000002ea9f3ab920 Uncommon trap: trap_request=0xffffff45 fr.pc=0x000002ea8dd2ec64 relative=0x00000000000008c4
Event: 11.183 Thread 0x000002ea9f3ab920 Uncommon trap: reason=unstable_if action=reinterpret pc=0x000002ea8dd2ec64 method=lombok.core.configuration.FileSystemSourceCache.parseIfNeccesary(Llombok/core/configuration/ConfigurationFile;Llombok/core/configuration/ConfigurationParser;)Llombok/core/co
Event: 11.184 Thread 0x000002ea9f3ab920 DEOPT PACKING pc=0x000002ea8dd2ec64 sp=0x000000f0296fe710
Event: 11.184 Thread 0x000002ea9f3ab920 DEOPT UNPACKING pc=0x000002ea8d0b66a3 sp=0x000000f0296fe6b8 mode 2
Event: 11.231 Thread 0x000002eaa2140e20 Uncommon trap: trap_request=0xffffff45 fr.pc=0x000002ea8d89a2e8 relative=0x00000000000000c8
Event: 11.231 Thread 0x000002eaa2140e20 Uncommon trap: reason=unstable_if action=reinterpret pc=0x000002ea8d89a2e8 method=java.util.stream.SpinedBuffer.accept(Ljava/lang/Object;)V @ 9 c2
Event: 11.231 Thread 0x000002eaa2140e20 DEOPT PACKING pc=0x000002ea8d89a2e8 sp=0x000000f02bcfe4b0
Event: 11.231 Thread 0x000002eaa2140e20 DEOPT UNPACKING pc=0x000002ea8d0b66a3 sp=0x000000f02bcfe458 mode 2

Classes loaded (20 events):
Event: 8.633 Loading class java/util/Vector$1
Event: 8.633 Loading class java/util/Vector$1 done
Event: 9.153 Loading class java/util/regex/Pattern$Caret
Event: 9.154 Loading class java/util/regex/Pattern$Caret done
Event: 9.209 Loading class java/util/regex/Pattern$LazyLoop
Event: 9.209 Loading class java/util/regex/Pattern$LazyLoop done
Event: 9.313 Loading class java/nio/file/FileTreeIterator
Event: 9.313 Loading class java/nio/file/FileTreeIterator done
Event: 9.794 Loading class java/util/stream/ReduceOps$4
Event: 9.794 Loading class java/util/stream/ReduceOps$4 done
Event: 9.796 Loading class java/util/stream/ReduceOps$4ReducingSink
Event: 9.796 Loading class java/util/stream/ReduceOps$4ReducingSink done
Event: 9.798 Loading class java/nio/file/Files$2
Event: 9.798 Loading class java/nio/file/Files$2 done
Event: 10.303 Loading class jdk/internal/module/IllegalAccessLogger
Event: 10.303 Loading class jdk/internal/module/IllegalAccessLogger done
Event: 10.424 Loading class java/util/Hashtable$ValueCollection
Event: 10.424 Loading class java/util/Hashtable$ValueCollection done
Event: 10.512 Loading class java/nio/channels/Channels$1
Event: 10.512 Loading class java/nio/channels/Channels$1 done

Classes unloaded (7 events):
Event: 4.141 Thread 0x000002ea830258e0 Unloading class 0x0000000100250400 'java/lang/invoke/LambdaForm$MH+0x0000000100250400'
Event: 4.141 Thread 0x000002ea830258e0 Unloading class 0x0000000100250000 'java/lang/invoke/LambdaForm$MH+0x0000000100250000'
Event: 4.141 Thread 0x000002ea830258e0 Unloading class 0x000000010024fc00 'java/lang/invoke/LambdaForm$MH+0x000000010024fc00'
Event: 4.141 Thread 0x000002ea830258e0 Unloading class 0x000000010024f800 'java/lang/invoke/LambdaForm$MH+0x000000010024f800'
Event: 4.141 Thread 0x000002ea830258e0 Unloading class 0x000000010024f400 'java/lang/invoke/LambdaForm$BMH+0x000000010024f400'
Event: 4.141 Thread 0x000002ea830258e0 Unloading class 0x000000010024f000 'java/lang/invoke/LambdaForm$DMH+0x000000010024f000'
Event: 4.141 Thread 0x000002ea830258e0 Unloading class 0x000000010024c400 'java/lang/invoke/LambdaForm$DMH+0x000000010024c400'

Classes redefined (0 events):
No events

Internal exceptions (20 events):
Event: 5.818 Thread 0x000002eaa2140e20 Exception <a 'java/io/FileNotFoundException'{0x00000000ebc384c8}> (0x00000000ebc384c8) 
thrown [s\src\hotspot\share\prims\jni.cpp, line 516]
Event: 5.969 Thread 0x000002ea9f37c810 Implicit null exception at 0x000002ea8d86d8ac to 0x000002ea8d86d99c
Event: 6.069 Thread 0x000002eaa2140e20 Exception <a 'java/lang/NoSuchMethodError'{0x00000000eb548c70}: 'java.lang.Object java.lang.invoke.DirectMethodHandle$Holder.invokeVirtual(java.lang.Object, java.lang.Object, java.lang.Object)'> (0x00000000eb548c70) 
thrown [s\src\hotspot\share\interpreter\linkResolver.cpp, line 759]
Event: 6.560 Thread 0x000002eaa2140e20 Exception <a 'sun/nio/fs/WindowsException'{0x00000000eb647ec8}> (0x00000000eb647ec8) 
thrown [s\src\hotspot\share\prims\jni.cpp, line 516]
Event: 6.560 Thread 0x000002eaa2140e20 Exception <a 'sun/nio/fs/WindowsException'{0x00000000eb648500}> (0x00000000eb648500) 
thrown [s\src\hotspot\share\prims\jni.cpp, line 516]
Event: 7.127 Thread 0x000002ea9f37c810 Implicit null exception at 0x000002ea8db27719 to 0x000002ea8db296bc
Event: 7.148 Thread 0x000002ea9f37d230 Exception <a 'java/lang/ExceptionInInitializerError'{0x00000000eae01f18}> (0x00000000eae01f18) 
thrown [s\src\hotspot\share\oops\instanceKlass.cpp, line 1218]
Event: 7.237 Thread 0x000002ea9f37d230 Implicit null exception at 0x000002ea8d8de02f to 0x000002ea8d8de1bc
Event: 7.237 Thread 0x000002ea9f37d230 Implicit null exception at 0x000002ea8d845f89 to 0x000002ea8d8471f0
Event: 7.240 Thread 0x000002ea9f37d230 Exception <a 'java/lang/NoSuchMethodError'{0x00000000eb753f08}: 'java.lang.Object java.lang.invoke.Invokers$Holder.invokeExact_MT(java.lang.Object, int, java.lang.Object)'> (0x00000000eb753f08) 
thrown [s\src\hotspot\share\interpreter\linkResolver.cpp, line 759]
Event: 7.767 Thread 0x000002ea9f37c810 Implicit null exception at 0x000002ea8dc1029b to 0x000002ea8dc17c48
Event: 7.800 Thread 0x000002ea9f37d230 Exception <a 'java/lang/NoClassDefFoundError'{0x00000000ead54f70}: com/google/inject/servlet/ServletModuleTargetVisitor> (0x00000000ead54f70) 
thrown [s\src\hotspot\share\classfile\systemDictionary.cpp, line 245]
Event: 8.095 Thread 0x000002eaa2140e20 Exception <a 'sun/nio/fs/WindowsException'{0x00000000eab08998}> (0x00000000eab08998) 
thrown [s\src\hotspot\share\prims\jni.cpp, line 516]
Event: 8.096 Thread 0x000002eaa2140e20 Exception <a 'sun/nio/fs/WindowsException'{0x00000000eabac000}> (0x00000000eabac000) 
thrown [s\src\hotspot\share\prims\jni.cpp, line 516]
Event: 8.097 Thread 0x000002eaa2140e20 Exception <a 'sun/nio/fs/WindowsException'{0x00000000eabacac0}> (0x00000000eabacac0) 
thrown [s\src\hotspot\share\prims\jni.cpp, line 516]
Event: 9.803 Thread 0x000002eaa2140e20 Exception <a 'java/lang/NoSuchMethodError'{0x00000000eab15400}: 'int java.lang.invoke.DirectMethodHandle$Holder.invokeSpecialIFC(java.lang.Object, java.lang.Object, java.lang.Object)'> (0x00000000eab15400) 
thrown [s\src\hotspot\share\interpreter\linkResolver.cpp, line 759]
Event: 10.339 Thread 0x000002ea9f3ab920 Implicit null exception at 0x000002ea8da2b89e to 0x000002ea8da2b9e8
Event: 10.382 Thread 0x000002ea9f3ab920 Implicit null exception at 0x000002ea8db8e0d8 to 0x000002ea8db8e678
Event: 10.398 Thread 0x000002ea9f3ab920 Exception <a 'java/lang/NoSuchMethodError'{0x00000000eaea17d8}: 'void java.lang.invoke.DirectMethodHandle$Holder.invokeStatic(java.lang.Object, int, java.lang.Object)'> (0x00000000eaea17d8) 
thrown [s\src\hotspot\share\interpreter\linkResolver.cpp, line 759]
Event: 10.415 Thread 0x000002ea9f3ab920 Exception <a 'java/lang/NoSuchMethodError'{0x00000000eae708c8}: 'int java.lang.invoke.DirectMethodHandle$Holder.invokeStatic(java.lang.Object, int, java.lang.Object)'> (0x00000000eae708c8) 
thrown [s\src\hotspot\share\interpreter\linkResolver.cpp, line 759]

VM Operations (20 events):
Event: 10.651 Executing VM operation: ParallelGCFailedAllocation
Event: 10.654 Executing VM operation: ParallelGCFailedAllocation done
Event: 10.686 Executing VM operation: ParallelGCFailedAllocation
Event: 10.689 Executing VM operation: ParallelGCFailedAllocation done
Event: 10.722 Executing VM operation: ParallelGCFailedAllocation
Event: 10.726 Executing VM operation: ParallelGCFailedAllocation done
Event: 10.748 Executing VM operation: HandshakeAllThreads
Event: 10.748 Executing VM operation: HandshakeAllThreads done
Event: 10.757 Executing VM operation: ParallelGCFailedAllocation
Event: 10.761 Executing VM operation: ParallelGCFailedAllocation done
Event: 10.805 Executing VM operation: ParallelGCFailedAllocation
Event: 10.944 Executing VM operation: ParallelGCFailedAllocation done
Event: 10.995 Executing VM operation: ParallelGCFailedAllocation
Event: 10.998 Executing VM operation: ParallelGCFailedAllocation done
Event: 11.083 Executing VM operation: ParallelGCFailedAllocation
Event: 11.087 Executing VM operation: ParallelGCFailedAllocation done
Event: 11.168 Executing VM operation: ParallelGCFailedAllocation
Event: 11.180 Executing VM operation: ParallelGCFailedAllocation done
Event: 11.317 Executing VM operation: ParallelGCFailedAllocation
Event: 11.321 Executing VM operation: ParallelGCFailedAllocation done

Events (20 events):
Event: 8.544 Thread 0x000002ea9c048e80 flushing nmethod 0x000002ea86a1b410
Event: 8.544 Thread 0x000002ea9c048e80 flushing nmethod 0x000002ea86a1bb90
Event: 8.544 Thread 0x000002ea9c048e80 flushing nmethod 0x000002ea86a1c090
Event: 8.544 Thread 0x000002ea9c048e80 flushing nmethod 0x000002ea86a1d390
Event: 8.544 Thread 0x000002ea9c048e80 flushing nmethod 0x000002ea86a1d810
Event: 8.544 Thread 0x000002ea9c048e80 flushing nmethod 0x000002ea86a1ef90
Event: 8.544 Thread 0x000002ea9c048e80 flushing nmethod 0x000002ea86a1f490
Event: 8.544 Thread 0x000002ea9c048e80 flushing nmethod 0x000002ea86a37210
Event: 8.545 Thread 0x000002ea9c048e80 flushing nmethod 0x000002ea86aa4390
Event: 8.545 Thread 0x000002ea9c048e80 flushing nmethod 0x000002ea86ac1690
Event: 8.545 Thread 0x000002ea9c048e80 flushing nmethod 0x000002ea86adc010
Event: 8.545 Thread 0x000002ea9c048e80 flushing nmethod 0x000002ea86add010
Event: 8.545 Thread 0x000002ea9c048e80 flushing nmethod 0x000002ea86add890
Event: 8.603 Thread 0x000002ea9f37c300 Thread exited: 0x000002ea9f37c300
Event: 9.030 Thread 0x000002eaa26ea450 Thread exited: 0x000002eaa26ea450
Event: 10.322 Thread 0x000002ea9f3ab920 Thread added: 0x000002ea9f3ab920
Event: 10.503 Thread 0x000002eaa1ad9a60 Thread exited: 0x000002eaa1ad9a60
Event: 10.572 Thread 0x000002ea9c048e80 flushing nmethod 0x000002ea864fd310
Event: 10.572 Thread 0x000002ea9c048e80 flushing nmethod 0x000002ea8650d310
Event: 10.572 Thread 0x000002ea9c048e80 flushing nmethod 0x000002ea8656b190


Dynamic libraries:
0x00007ff654120000 - 0x00007ff65412e000 	c:\Users\Lenovo -pc\.vscode\extensions\redhat.java-1.35.1-win32-x64\jre\17.0.12-win32-x86_64\bin\java.exe
0x00007ff9b3110000 - 0x00007ff9b3327000 	C:\WINDOWS\SYSTEM32\ntdll.dll
0x00007ff9b1280000 - 0x00007ff9b1344000 	C:\WINDOWS\System32\KERNEL32.DLL
0x00007ff9b0a50000 - 0x00007ff9b0e07000 	C:\WINDOWS\System32\KERNELBASE.dll
0x00007ff9b05d0000 - 0x00007ff9b06e1000 	C:\WINDOWS\System32\ucrtbase.dll
0x00007ff9a0af0000 - 0x00007ff9a0b07000 	c:\Users\Lenovo -pc\.vscode\extensions\redhat.java-1.35.1-win32-x64\jre\17.0.12-win32-x86_64\bin\jli.dll
0x00007ff9a0ad0000 - 0x00007ff9a0aeb000 	c:\Users\Lenovo -pc\.vscode\extensions\redhat.java-1.35.1-win32-x64\jre\17.0.12-win32-x86_64\bin\VCRUNTIME140.dll
0x00007ff9b2a10000 - 0x00007ff9b2bbf000 	C:\WINDOWS\System32\USER32.dll
0x00007ff9a1f30000 - 0x00007ff9a21c3000 	C:\WINDOWS\WinSxS\amd64_microsoft.windows.common-controls_6595b64144ccf1df_6.0.22621.3672_none_2713b9d173822955\COMCTL32.dll
0x00007ff9b0e10000 - 0x00007ff9b0e36000 	C:\WINDOWS\System32\win32u.dll
0x00007ff9b1400000 - 0x00007ff9b14a7000 	C:\WINDOWS\System32\msvcrt.dll
0x00007ff9b1350000 - 0x00007ff9b1379000 	C:\WINDOWS\System32\GDI32.dll
0x00007ff9b0930000 - 0x00007ff9b0a48000 	C:\WINDOWS\System32\gdi32full.dll
0x00007ff9b06f0000 - 0x00007ff9b078a000 	C:\WINDOWS\System32\msvcp_win.dll
0x00007ff9b27a0000 - 0x00007ff9b27d1000 	C:\WINDOWS\System32\IMM32.DLL
0x00007ff9ad010000 - 0x00007ff9ad01c000 	c:\Users\Lenovo -pc\.vscode\extensions\redhat.java-1.35.1-win32-x64\jre\17.0.12-win32-x86_64\bin\vcruntime140_1.dll
0x00007ff9a0a40000 - 0x00007ff9a0acd000 	c:\Users\Lenovo -pc\.vscode\extensions\redhat.java-1.35.1-win32-x64\jre\17.0.12-win32-x86_64\bin\msvcp140.dll
0x00007ff919e50000 - 0x00007ff91aaba000 	c:\Users\Lenovo -pc\.vscode\extensions\redhat.java-1.35.1-win32-x64\jre\17.0.12-win32-x86_64\bin\server\jvm.dll
0x00007ff9b0ff0000 - 0x00007ff9b10a2000 	C:\WINDOWS\System32\ADVAPI32.dll
0x00007ff9b14b0000 - 0x00007ff9b1558000 	C:\WINDOWS\System32\sechost.dll
0x00007ff9b0900000 - 0x00007ff9b0928000 	C:\WINDOWS\System32\bcrypt.dll
0x00007ff9b1160000 - 0x00007ff9b1274000 	C:\WINDOWS\System32\RPCRT4.dll
0x00007ff9b2bc0000 - 0x00007ff9b2c31000 	C:\WINDOWS\System32\WS2_32.dll
0x00007ff9afd20000 - 0x00007ff9afd6d000 	C:\WINDOWS\SYSTEM32\POWRPROF.dll
0x00007ff9a8a50000 - 0x00007ff9a8a84000 	C:\WINDOWS\SYSTEM32\WINMM.dll
0x00007ff9a6e40000 - 0x00007ff9a6e4a000 	C:\WINDOWS\SYSTEM32\VERSION.dll
0x00007ff9afcd0000 - 0x00007ff9afce3000 	C:\WINDOWS\SYSTEM32\UMPDC.dll
0x00007ff9af470000 - 0x00007ff9af488000 	C:\WINDOWS\SYSTEM32\kernel.appcore.dll
0x00007ff9ac130000 - 0x00007ff9ac13a000 	c:\Users\Lenovo -pc\.vscode\extensions\redhat.java-1.35.1-win32-x64\jre\17.0.12-win32-x86_64\bin\jimage.dll
0x00007ff9adca0000 - 0x00007ff9aded2000 	C:\WINDOWS\SYSTEM32\DBGHELP.DLL
0x00007ff9b2d40000 - 0x00007ff9b30ce000 	C:\WINDOWS\System32\combase.dll
0x00007ff9b27e0000 - 0x00007ff9b28b7000 	C:\WINDOWS\System32\OLEAUT32.dll
0x00007ff999590000 - 0x00007ff9995c2000 	C:\WINDOWS\SYSTEM32\dbgcore.DLL
0x00007ff9b0490000 - 0x00007ff9b050b000 	C:\WINDOWS\System32\bcryptPrimitives.dll
0x00007ff9a0a30000 - 0x00007ff9a0a3e000 	c:\Users\Lenovo -pc\.vscode\extensions\redhat.java-1.35.1-win32-x64\jre\17.0.12-win32-x86_64\bin\instrument.dll
0x00007ff9a0a00000 - 0x00007ff9a0a25000 	c:\Users\Lenovo -pc\.vscode\extensions\redhat.java-1.35.1-win32-x64\jre\17.0.12-win32-x86_64\bin\java.dll
0x00007ff97fb70000 - 0x00007ff97fb88000 	c:\Users\Lenovo -pc\.vscode\extensions\redhat.java-1.35.1-win32-x64\jre\17.0.12-win32-x86_64\bin\zip.dll
0x00007ff9b1950000 - 0x00007ff9b21b9000 	C:\WINDOWS\System32\SHELL32.dll
0x00007ff9ae390000 - 0x00007ff9aec8f000 	C:\WINDOWS\SYSTEM32\windows.storage.dll
0x00007ff9ae250000 - 0x00007ff9ae38f000 	C:\WINDOWS\SYSTEM32\wintypes.dll
0x00007ff9b1560000 - 0x00007ff9b1659000 	C:\WINDOWS\System32\SHCORE.dll
0x00007ff9b1380000 - 0x00007ff9b13de000 	C:\WINDOWS\System32\shlwapi.dll
0x00007ff9b0350000 - 0x00007ff9b0377000 	C:\WINDOWS\SYSTEM32\profapi.dll
0x00007ff93b2c0000 - 0x00007ff93b2d9000 	C:\Users\Lenovo -pc\.vscode\extensions\redhat.java-1.35.1-win32-x64\jre\17.0.12-win32-x86_64\bin\net.dll
0x00007ff9ac8a0000 - 0x00007ff9ac9d6000 	C:\WINDOWS\SYSTEM32\WINHTTP.dll
0x00007ff9af8e0000 - 0x00007ff9af949000 	C:\WINDOWS\system32\mswsock.dll
0x00007ff93a3e0000 - 0x00007ff93a3f6000 	C:\Users\Lenovo -pc\.vscode\extensions\redhat.java-1.35.1-win32-x64\jre\17.0.12-win32-x86_64\bin\nio.dll
0x00007ff980de0000 - 0x00007ff980df0000 	c:\Users\Lenovo -pc\.vscode\extensions\redhat.java-1.35.1-win32-x64\jre\17.0.12-win32-x86_64\bin\verify.dll
0x00007ff937440000 - 0x00007ff937485000 	C:\Users\Lenovo -pc\AppData\Roaming\Code\User\globalStorage\redhat.java\1.35.1\config_win\org.eclipse.equinox.launcher\org.eclipse.equinox.launcher.win32.win32.x86_64_1.2.1100.v20240722-2106\eclipse_11904.dll
0x00007ff9b0e40000 - 0x00007ff9b0fe5000 	C:\WINDOWS\System32\ole32.dll
0x00007ff9afb30000 - 0x00007ff9afb4b000 	C:\WINDOWS\SYSTEM32\CRYPTSP.dll
0x00007ff9af3d0000 - 0x00007ff9af405000 	C:\WINDOWS\system32\rsaenh.dll
0x00007ff9af9d0000 - 0x00007ff9af9f8000 	C:\WINDOWS\SYSTEM32\USERENV.dll
0x00007ff9afb50000 - 0x00007ff9afb5c000 	C:\WINDOWS\SYSTEM32\CRYPTBASE.dll
0x00007ff9aef30000 - 0x00007ff9aef5d000 	C:\WINDOWS\SYSTEM32\IPHLPAPI.DLL
0x00007ff9b1770000 - 0x00007ff9b1779000 	C:\WINDOWS\System32\NSI.dll
0x00007ff9ac7c0000 - 0x00007ff9ac7d9000 	C:\WINDOWS\SYSTEM32\dhcpcsvc6.DLL
0x00007ff9ac7a0000 - 0x00007ff9ac7bf000 	C:\WINDOWS\SYSTEM32\dhcpcsvc.DLL
0x00007ff9aefb0000 - 0x00007ff9af0b2000 	C:\WINDOWS\SYSTEM32\DNSAPI.dll
0x00007ff93f8e0000 - 0x00007ff93f929000 	C:\Users\Lenovo -pc\AppData\Local\Temp\jna-1726588563\jna12734662587478066233.dll
0x00007ff9b1760000 - 0x00007ff9b1768000 	C:\WINDOWS\System32\PSAPI.DLL

dbghelp: loaded successfully - version: 4.0.5 - missing functions: none
symbol engine: initialized successfully - sym options: 0x614 - pdb path: .;c:\Users\Lenovo -pc\.vscode\extensions\redhat.java-1.35.1-win32-x64\jre\17.0.12-win32-x86_64\bin;C:\WINDOWS\SYSTEM32;C:\WINDOWS\WinSxS\amd64_microsoft.windows.common-controls_6595b64144ccf1df_6.0.22621.3672_none_2713b9d173822955;c:\Users\Lenovo -pc\.vscode\extensions\redhat.java-1.35.1-win32-x64\jre\17.0.12-win32-x86_64\bin\server;C:\Users\Lenovo -pc\AppData\Roaming\Code\User\globalStorage\redhat.java\1.35.1\config_win\org.eclipse.equinox.launcher\org.eclipse.equinox.launcher.win32.win32.x86_64_1.2.1100.v20240722-2106;C:\Users\Lenovo -pc\AppData\Local\Temp\jna-1726588563

VM Arguments:
jvm_args: --add-modules=ALL-SYSTEM --add-opens=java.base/java.util=ALL-UNNAMED --add-opens=java.base/java.lang=ALL-UNNAMED --add-opens=java.base/sun.nio.fs=ALL-UNNAMED -Declipse.application=org.eclipse.jdt.ls.core.id1 -Dosgi.bundles.defaultStartLevel=4 -Declipse.product=org.eclipse.jdt.ls.core.product -Djava.import.generatesMetadataFilesAtProjectRoot=false -DDetectVMInstallationsJob.disabled=true -Dfile.encoding=utf8 -XX:+UseParallelGC -XX:GCTimeRatio=4 -XX:AdaptiveSizePolicyWeight=90 -Dsun.zip.disableMemoryMapping=true -Xmx1G -Xms100m -Xlog:disable -javaagent:c:\Users\Lenovo -pc\.vscode\extensions\redhat.java-1.35.1-win32-x64\lombok\lombok-1.18.33.jar -XX:+HeapDumpOnOutOfMemoryError -XX:HeapDumpPath=c:\Users\Lenovo -pc\AppData\Roaming\Code\User\workspaceStorage\f4a9151d0c23d47ba8fff7671007197b\redhat.java -Daether.dependencyCollector.impl=bf 
java_command: c:\Users\Lenovo -pc\.vscode\extensions\redhat.java-1.35.1-win32-x64\server\plugins\org.eclipse.equinox.launcher_1.6.900.v20240613-2009.jar -configuration c:\Users\Lenovo -pc\AppData\Roaming\Code\User\globalStorage\redhat.java\1.35.1\config_win -data c:\Users\Lenovo -pc\AppData\Roaming\Code\User\workspaceStorage\f4a9151d0c23d47ba8fff7671007197b\redhat.java\jdt_ws --pipe=\\.\pipe\lsp-28db26f2ccf5735dbf990a8feb0079cd-sock
java_class_path (initial): c:\Users\Lenovo -pc\.vscode\extensions\redhat.java-1.35.1-win32-x64\server\plugins\org.eclipse.equinox.launcher_1.6.900.v20240613-2009.jar
Launcher Type: SUN_STANDARD

[Global flags]
    uintx AdaptiveSizePolicyWeight                 = 90                                        {product} {command line}
     intx CICompilerCount                          = 12                                        {product} {ergonomic}
    uintx GCTimeRatio                              = 4                                         {product} {command line}
     bool HeapDumpOnOutOfMemoryError               = true                                   {manageable} {command line}
    ccstr HeapDumpPath                             = c:\Users\Lenovo -pc\AppData\Roaming\Code\User\workspaceStorage\f4a9151d0c23d47ba8fff7671007197b\redhat.java         {manageable} {command line}
   size_t InitialHeapSize                          = 104857600                                 {product} {command line}
   size_t MaxHeapSize                              = 1073741824                                {product} {command line}
   size_t MaxNewSize                               = 357564416                                 {product} {ergonomic}
   size_t MinHeapDeltaBytes                        = 524288                                    {product} {ergonomic}
   size_t MinHeapSize                              = 104857600                                 {product} {command line}
   size_t NewSize                                  = 34603008                                  {product} {ergonomic}
    uintx NonNMethodCodeHeapSize                   = 7602480                                {pd product} {ergonomic}
    uintx NonProfiledCodeHeapSize                  = 122027880                              {pd product} {ergonomic}
   size_t OldSize                                  = 70254592                                  {product} {ergonomic}
    uintx ProfiledCodeHeapSize                     = 122027880                              {pd product} {ergonomic}
    uintx ReservedCodeCacheSize                    = 251658240                              {pd product} {ergonomic}
     bool SegmentedCodeCache                       = true                                      {product} {ergonomic}
   size_t SoftMaxHeapSize                          = 1073741824                             {manageable} {ergonomic}
     bool UseCompressedClassPointers               = true                           {product lp64_product} {ergonomic}
     bool UseCompressedOops                        = true                           {product lp64_product} {ergonomic}
     bool UseLargePagesIndividualAllocation        = false                                  {pd product} {ergonomic}
     bool UseParallelGC                            = true                                      {product} {command line}

Logging:
Log output configuration:
 #0: stdout all=off uptime,level,tags
 #1: stderr all=off uptime,level,tags

Environment Variables:
JAVA_HOME=C:\Program Files\Java\jdk-22
PATH=C:\Program Files\Common Files\Oracle\Java\javapath;C:\WINDOWS\system32;C:\WINDOWS;C:\WINDOWS\System32\Wbem;C:\WINDOWS\System32\WindowsPowerShell\v1.0\;C:\WINDOWS\System32\OpenSSH\;C:\maven\apache-maven-3.9.8\bin;C:\Program Files\nodejs\;C:\Program Files\MySQL\MySQL Shell 8.0\bin\;C:\Users\Lenovo -pc\AppData\Local\Microsoft\WindowsApps;C:\Users\Lenovo -pc\AppData\Local\Programs\Microsoft VS Code\bin;C:\Users\Lenovo -pc\AppData\Roaming\npm
USERNAME=Lenovo -pc
OS=Windows_NT
PROCESSOR_IDENTIFIER=AMD64 Family 23 Model 104 Stepping 1, AuthenticAMD
TMP=C:\Users\LENOVO~1\AppData\Local\Temp
TEMP=C:\Users\LENOVO~1\AppData\Local\Temp



Periodic native trim disabled


---------------  S Y S T E M  ---------------

OS:
 Windows 11 , 64 bit Build 22621 (10.0.22621.3958)
OS uptime: 2 days 21:15 hours

CPU: total 16 (initial active 16) (16 cores per cpu, 2 threads per core) family 23 model 104 stepping 1 microcode 0x0, cx8, cmov, fxsr, ht, mmx, 3dnowpref, sse, sse2, sse3, ssse3, sse4a, sse4.1, sse4.2, popcnt, lzcnt, tsc, tscinvbit, avx, avx2, aes, clmul, bmi1, bmi2, adx, sha, fma, vzeroupper, clflush, clflushopt
Processor Information for all 16 processors :
  Max Mhz: 1801, Current Mhz: 1801, Mhz Limit: 1801

Memory: 4k page, system-wide physical 15709M (4347M free)
TotalPageFile size 21853M (AvailPageFile size 5M)
current process WorkingSet (physical memory assigned to process): 565M, peak: 567M
current process commit charge ("private bytes"): 583M, peak: 586M

vm_info: OpenJDK 64-Bit Server VM (17.0.12+7) for windows-amd64 JRE (17.0.12+7), built on Jul 16 2024 22:08:24 by "admin" with MS VC++ 16.10 / 16.11 (VS2019)

END.
