#
# There is insufficient memory for the Java Runtime Environment to continue.
# Native memory allocation (malloc) failed to allocate 72944 bytes. Error detail: Chunk::new
# Possible reasons:
#   The system is out of physical RAM or swap space
#   This process is running with CompressedOops enabled, and the Java Heap may be blocking the growth of the native heap
# Possible solutions:
#   Reduce memory load on the system
#   Increase physical memory or swap space
#   Check if swap backing store is full
#   Decrease Java heap size (-Xmx/-Xms)
#   Decrease number of Java threads
#   Decrease Java thread stack sizes (-Xss)
#   Set larger code cache with -XX:ReservedCodeCacheSize=
#   JVM is running with Unscaled Compressed Oops mode in which the Java heap is
#     placed in the first 4GB address space. The Java Heap base address is the
#     maximum limit for the native heap growth. Please use -XX:HeapBaseMinAddress
#     to set the Java Heap base and to place the Java Heap above 4GB virtual address.
# This output file may be truncated or incomplete.
#
#  Out of Memory Error (arena.cpp:191), pid=24308, tid=10804
#
# JRE version: OpenJDK Runtime Environment Temurin-17.0.12+7 (17.0.12+7) (build 17.0.12+7)
# Java VM: OpenJDK 64-Bit Server VM Temurin-17.0.12+7 (17.0.12+7, mixed mode, tiered, compressed oops, compressed class ptrs, parallel gc, windows-amd64)
# No core dump will be written. Minidumps are not enabled by default on client versions of Windows
#

---------------  S U M M A R Y ------------

Command Line: --add-modules=ALL-SYSTEM --add-opens=java.base/java.util=ALL-UNNAMED --add-opens=java.base/java.lang=ALL-UNNAMED --add-opens=java.base/sun.nio.fs=ALL-UNNAMED -Declipse.application=org.eclipse.jdt.ls.core.id1 -Dosgi.bundles.defaultStartLevel=4 -Declipse.product=org.eclipse.jdt.ls.core.product -Djava.import.generatesMetadataFilesAtProjectRoot=false -DDetectVMInstallationsJob.disabled=true -Dfile.encoding=utf8 -XX:+UseParallelGC -XX:GCTimeRatio=4 -XX:AdaptiveSizePolicyWeight=90 -Dsun.zip.disableMemoryMapping=true -Xmx1G -Xms100m -Xlog:disable -javaagent:c:\Users\Lenovo -pc\.vscode\extensions\redhat.java-1.35.1-win32-x64\lombok\lombok-1.18.33.jar -XX:+HeapDumpOnOutOfMemoryError -XX:HeapDumpPath=c:\Users\Lenovo -pc\AppData\Roaming\Code\User\workspaceStorage\f4a9151d0c23d47ba8fff7671007197b\redhat.java -Daether.dependencyCollector.impl=bf c:\Users\Lenovo -pc\.vscode\extensions\redhat.java-1.35.1-win32-x64\server\plugins\org.eclipse.equinox.launcher_1.6.900.v20240613-2009.jar -configuration c:\Users\Lenovo -pc\AppData\Roaming\Code\User\globalStorage\redhat.java\1.35.1\config_win -data c:\Users\Lenovo -pc\AppData\Roaming\Code\User\workspaceStorage\f4a9151d0c23d47ba8fff7671007197b\redhat.java\jdt_ws --pipe=\\.\pipe\lsp-779caaf8f88a8c457aab04d6f8ce5430-sock

Host: AMD Ryzen 7 5700U with Radeon Graphics         , 16 cores, 15G,  Windows 11 , 64 bit Build 22621 (10.0.22621.3958)
Time: Wed Oct 23 14:53:45 2024 Sri Lanka Standard Time elapsed time: 13.247628 seconds (0d 0h 0m 13s)

---------------  T H R E A D  ---------------

Current thread (0x000001d77e62e060):  JavaThread "C2 CompilerThread6" daemon [_thread_in_native, id=10804, stack(0x000000b9fe600000,0x000000b9fe700000)]


Current CompileTask:
C2:  13247 8998       4       org.eclipse.jdt.internal.core.builder.ClasspathLocation::getModulesDeclaringPackage (11 bytes)

Stack: [0x000000b9fe600000,0x000000b9fe700000]
Native frames: (J=compiled Java code, j=interpreted, Vv=VM code, C=native code)
V  [jvm.dll+0x67f929]
V  [jvm.dll+0x8371ba]
V  [jvm.dll+0x838c7e]
V  [jvm.dll+0x8392e3]
V  [jvm.dll+0x24834f]
V  [jvm.dll+0xac9d4]
V  [jvm.dll+0xad01c]
V  [jvm.dll+0x11f8a7]
V  [jvm.dll+0x60b592]
V  [jvm.dll+0x60f9d2]
V  [jvm.dll+0x21a728]
V  [jvm.dll+0x219cf1]
V  [jvm.dll+0x1a58bd]
V  [jvm.dll+0x229a2d]
V  [jvm.dll+0x227bdc]
V  [jvm.dll+0x7ec1f7]
V  [jvm.dll+0x7e65dc]
V  [jvm.dll+0x67e7f7]
C  [ucrtbase.dll+0x29333]
C  [KERNEL32.DLL+0x1257d]
C  [ntdll.dll+0x5af08]


---------------  P R O C E S S  ---------------

Threads class SMR info:
_java_thread_list=0x000001d77f450900, length=70, elements={
0x000001d75fe908c0, 0x000001d773d1b700, 0x000001d7790d8020, 0x000001d779101320,
0x000001d779101fb0, 0x000001d779102d40, 0x000001d779109040, 0x000001d779109cf0,
0x000001d779122a80, 0x000001d779123b30, 0x000001d779267bd0, 0x000001d77926f5e0,
0x000001d75fef2c30, 0x000001d77930efb0, 0x000001d7793e6c00, 0x000001d77b087070,
0x000001d77b742590, 0x000001d77b8f4dd0, 0x000001d77ba9dc30, 0x000001d77c279130,
0x000001d77b8e9c20, 0x000001d77c2fd110, 0x000001d77c2fcc00, 0x000001d77c2ff480,
0x000001d77c2fd620, 0x000001d77c2fdb30, 0x000001d77c643c00, 0x000001d77d7c35a0,
0x000001d77c2fe550, 0x000001d77c2fbcd0, 0x000001d77e717a50, 0x000001d70036e430,
0x000001d77c2fe040, 0x000001d77c2fea60, 0x000001d77c2fef70, 0x000001d77c2fc6f0,
0x000001d77db6e430, 0x000001d77db73a40, 0x000001d77db70290, 0x000001d77db72600,
0x000001d77db75db0, 0x000001d77db6f870, 0x000001d77db74970, 0x000001d77db72b10,
0x000001d77db716d0, 0x000001d77db6ee50, 0x000001d77db6e940, 0x000001d77db720f0,
0x000001d77db6f360, 0x000001d77db73530, 0x000001d77db707a0, 0x000001d77e62e060,
0x000001d77db73f50, 0x000001d77db70cb0, 0x000001d77db6fd80, 0x000001d77db711c0,
0x000001d7017b6f00, 0x000001d7017ba1a0, 0x000001d7017b5fd0, 0x000001d7017b9270,
0x000001d7017b69f0, 0x000001d7017b7e30, 0x000001d7017b8340, 0x000001d7017b9c90,
0x000001d7017b4170, 0x000001d7017b7410, 0x000001d7017b8850, 0x000001d7017ba6b0,
0x000001d7017bb0d0, 0x000001d7017b50a0
}

Java Threads: ( => current thread )
  0x000001d75fe908c0 JavaThread "main" [_thread_blocked, id=10000, stack(0x000000b9fa300000,0x000000b9fa400000)]
  0x000001d773d1b700 JavaThread "Reference Handler" daemon [_thread_blocked, id=3168, stack(0x000000b9fa600000,0x000000b9fa700000)]
  0x000001d7790d8020 JavaThread "Finalizer" daemon [_thread_blocked, id=17056, stack(0x000000b9fa700000,0x000000b9fa800000)]
  0x000001d779101320 JavaThread "Signal Dispatcher" daemon [_thread_blocked, id=27008, stack(0x000000b9fa800000,0x000000b9fa900000)]
  0x000001d779101fb0 JavaThread "Attach Listener" daemon [_thread_blocked, id=9776, stack(0x000000b9fa900000,0x000000b9faa00000)]
  0x000001d779102d40 JavaThread "Service Thread" daemon [_thread_blocked, id=17164, stack(0x000000b9faa00000,0x000000b9fab00000)]
  0x000001d779109040 JavaThread "Monitor Deflation Thread" daemon [_thread_blocked, id=19504, stack(0x000000b9fab00000,0x000000b9fac00000)]
  0x000001d779109cf0 JavaThread "C2 CompilerThread0" daemon [_thread_in_native, id=1268, stack(0x000000b9fac00000,0x000000b9fad00000)]
  0x000001d779122a80 JavaThread "C1 CompilerThread0" daemon [_thread_blocked, id=22524, stack(0x000000b9fad00000,0x000000b9fae00000)]
  0x000001d779123b30 JavaThread "Sweeper thread" daemon [_thread_blocked, id=19788, stack(0x000000b9fae00000,0x000000b9faf00000)]
  0x000001d779267bd0 JavaThread "Common-Cleaner" daemon [_thread_blocked, id=19612, stack(0x000000b9faf00000,0x000000b9fb000000)]
  0x000001d77926f5e0 JavaThread "C1 CompilerThread1" daemon [_thread_blocked, id=6928, stack(0x000000b9fb000000,0x000000b9fb100000)]
  0x000001d75fef2c30 JavaThread "C1 CompilerThread2" daemon [_thread_blocked, id=20008, stack(0x000000b9fb100000,0x000000b9fb200000)]
  0x000001d77930efb0 JavaThread "C2 CompilerThread1" daemon [_thread_in_native, id=12564, stack(0x000000b9fb200000,0x000000b9fb300000)]
  0x000001d7793e6c00 JavaThread "C1 CompilerThread3" daemon [_thread_blocked, id=21472, stack(0x000000b9fb400000,0x000000b9fb500000)]
  0x000001d77b087070 JavaThread "Notification Thread" daemon [_thread_blocked, id=4264, stack(0x000000b9fb500000,0x000000b9fb600000)]
  0x000001d77b742590 JavaThread "Active Thread: Equinox Container: 3e92f95a-2c86-45f5-b04a-c435e58f9563" [_thread_blocked, id=17152, stack(0x000000b9fbd00000,0x000000b9fbe00000)]
  0x000001d77b8f4dd0 JavaThread "Framework Event Dispatcher: Equinox Container: 3e92f95a-2c86-45f5-b04a-c435e58f9563" daemon [_thread_blocked, id=15636, stack(0x000000b9fbe00000,0x000000b9fbf00000)]
  0x000001d77ba9dc30 JavaThread "Start Level: Equinox Container: 3e92f95a-2c86-45f5-b04a-c435e58f9563" daemon [_thread_blocked, id=25148, stack(0x000000b9fbf00000,0x000000b9fc000000)]
  0x000001d77c279130 JavaThread "Bundle File Closer" daemon [_thread_blocked, id=19696, stack(0x000000b9fc200000,0x000000b9fc300000)]
  0x000001d77b8e9c20 JavaThread "SCR Component Actor" daemon [_thread_blocked, id=22948, stack(0x000000b9fc400000,0x000000b9fc500000)]
  0x000001d77c2fd110 JavaThread "Worker-JM" [_thread_blocked, id=27336, stack(0x000000b9fc800000,0x000000b9fc900000)]
  0x000001d77c2fcc00 JavaThread "JNA Cleaner" daemon [_thread_blocked, id=8824, stack(0x000000b9fb300000,0x000000b9fb400000)]
  0x000001d77c2ff480 JavaThread "Worker-0" [_thread_blocked, id=3728, stack(0x000000b9fca00000,0x000000b9fcb00000)]
  0x000001d77c2fd620 JavaThread "Worker-1: Building" [_thread_in_native, id=9140, stack(0x000000b9fcb00000,0x000000b9fcc00000)]
  0x000001d77c2fdb30 JavaThread "Worker-2" [_thread_blocked, id=22736, stack(0x000000b9fcc00000,0x000000b9fcd00000)]
  0x000001d77c643c00 JavaThread "C2 CompilerThread2" daemon [_thread_in_native, id=22688, stack(0x000000b9fcd00000,0x000000b9fce00000)]
  0x000001d77d7c35a0 JavaThread "C2 CompilerThread3" daemon [_thread_in_native, id=5552, stack(0x000000b9fce00000,0x000000b9fcf00000)]
  0x000001d77c2fe550 JavaThread "Java indexing" daemon [_thread_in_Java, id=23980, stack(0x000000b9fcf00000,0x000000b9fd000000)]
  0x000001d77c2fbcd0 JavaThread "Worker-3: Java indexing... " [_thread_blocked, id=9468, stack(0x000000b9fd000000,0x000000b9fd100000)]
  0x000001d77e717a50 JavaThread "C2 CompilerThread4" daemon [_thread_in_native, id=21200, stack(0x000000b9fd100000,0x000000b9fd200000)]
  0x000001d70036e430 JavaThread "C2 CompilerThread5" daemon [_thread_in_native, id=27580, stack(0x000000b9fd200000,0x000000b9fd300000)]
  0x000001d77c2fe040 JavaThread "Worker-4" [_thread_blocked, id=21780, stack(0x000000b9fd300000,0x000000b9fd400000)]
  0x000001d77c2fea60 JavaThread "Thread-2" daemon [_thread_in_native, id=23316, stack(0x000000b9fd400000,0x000000b9fd500000)]
  0x000001d77c2fef70 JavaThread "Thread-3" daemon [_thread_in_native, id=16512, stack(0x000000b9fd500000,0x000000b9fd600000)]
  0x000001d77c2fc6f0 JavaThread "Thread-4" daemon [_thread_in_native, id=11824, stack(0x000000b9fd600000,0x000000b9fd700000)]
  0x000001d77db6e430 JavaThread "Thread-5" daemon [_thread_in_native, id=17360, stack(0x000000b9fd700000,0x000000b9fd800000)]
  0x000001d77db73a40 JavaThread "Thread-6" daemon [_thread_in_native, id=15924, stack(0x000000b9fd800000,0x000000b9fd900000)]
  0x000001d77db70290 JavaThread "Thread-7" daemon [_thread_in_native, id=23044, stack(0x000000b9fd900000,0x000000b9fda00000)]
  0x000001d77db72600 JavaThread "Thread-8" daemon [_thread_in_native, id=5572, stack(0x000000b9fda00000,0x000000b9fdb00000)]
  0x000001d77db75db0 JavaThread "Thread-9" daemon [_thread_in_native, id=22156, stack(0x000000b9fdb00000,0x000000b9fdc00000)]
  0x000001d77db6f870 JavaThread "Thread-10" daemon [_thread_in_native, id=192, stack(0x000000b9fdc00000,0x000000b9fdd00000)]
  0x000001d77db74970 JavaThread "Thread-11" daemon [_thread_in_native, id=8108, stack(0x000000b9fdd00000,0x000000b9fde00000)]
  0x000001d77db72b10 JavaThread "Thread-12" daemon [_thread_in_native, id=8968, stack(0x000000b9fde00000,0x000000b9fdf00000)]
  0x000001d77db716d0 JavaThread "Thread-13" daemon [_thread_in_native, id=15152, stack(0x000000b9fdf00000,0x000000b9fe000000)]
  0x000001d77db6ee50 JavaThread "Thread-14" daemon [_thread_in_native, id=18276, stack(0x000000b9fe000000,0x000000b9fe100000)]
  0x000001d77db6e940 JavaThread "Thread-15" daemon [_thread_in_native, id=20880, stack(0x000000b9fe100000,0x000000b9fe200000)]
  0x000001d77db720f0 JavaThread "Thread-16" daemon [_thread_in_native, id=15668, stack(0x000000b9fe200000,0x000000b9fe300000)]
  0x000001d77db6f360 JavaThread "Thread-17" daemon [_thread_in_native, id=25736, stack(0x000000b9fe300000,0x000000b9fe400000)]
  0x000001d77db73530 JavaThread "Thread-18" daemon [_thread_in_native, id=7972, stack(0x000000b9fe400000,0x000000b9fe500000)]
  0x000001d77db707a0 JavaThread "pool-2-thread-1" [_thread_blocked, id=11924, stack(0x000000b9fe500000,0x000000b9fe600000)]
=>0x000001d77e62e060 JavaThread "C2 CompilerThread6" daemon [_thread_in_native, id=10804, stack(0x000000b9fe600000,0x000000b9fe700000)]
  0x000001d77db73f50 JavaThread "Worker-5" [_thread_blocked, id=24736, stack(0x000000b9fe800000,0x000000b9fe900000)]
  0x000001d77db70cb0 JavaThread "Worker-6" [_thread_blocked, id=9292, stack(0x000000b9fe900000,0x000000b9fea00000)]
  0x000001d77db6fd80 JavaThread "WorkspaceEventsHandler" [_thread_blocked, id=25968, stack(0x000000b9fea00000,0x000000b9feb00000)]
  0x000001d77db711c0 JavaThread "pool-1-thread-1" [_thread_blocked, id=20752, stack(0x000000b9feb00000,0x000000b9fec00000)]
  0x000001d7017b6f00 JavaThread "Compiler Source File Reader" daemon [_thread_blocked, id=15160, stack(0x000000b9fc500000,0x000000b9fc600000)]
  0x000001d7017ba1a0 JavaThread "Compiler Source File Reader" daemon [_thread_blocked, id=13588, stack(0x000000b9fec00000,0x000000b9fed00000)]
  0x000001d7017b5fd0 JavaThread "Compiler Source File Reader" daemon [_thread_blocked, id=23300, stack(0x000000b9fed00000,0x000000b9fee00000)]
  0x000001d7017b9270 JavaThread "Compiler Source File Reader" daemon [_thread_blocked, id=26204, stack(0x000000b9fee00000,0x000000b9fef00000)]
  0x000001d7017b69f0 JavaThread "Compiler Source File Reader" daemon [_thread_blocked, id=7740, stack(0x000000b9fef00000,0x000000b9ff000000)]
  0x000001d7017b7e30 JavaThread "Compiler Source File Reader" daemon [_thread_blocked, id=24792, stack(0x000000b9ff000000,0x000000b9ff100000)]
  0x000001d7017b8340 JavaThread "Compiler Source File Reader" daemon [_thread_blocked, id=26956, stack(0x000000b9ff100000,0x000000b9ff200000)]
  0x000001d7017b9c90 JavaThread "Compiler Source File Reader" daemon [_thread_blocked, id=16888, stack(0x000000b9ff200000,0x000000b9ff300000)]
  0x000001d7017b4170 JavaThread "Compiler Source File Reader" daemon [_thread_blocked, id=15908, stack(0x000000b9ff300000,0x000000b9ff400000)]
  0x000001d7017b7410 JavaThread "Compiler Source File Reader" daemon [_thread_blocked, id=24216, stack(0x000000b9ff400000,0x000000b9ff500000)]
  0x000001d7017b8850 JavaThread "Compiler Source File Reader" daemon [_thread_blocked, id=20828, stack(0x000000b9ff500000,0x000000b9ff600000)]
  0x000001d7017ba6b0 JavaThread "Compiler Source File Reader" daemon [_thread_blocked, id=3904, stack(0x000000b9ff600000,0x000000b9ff700000)]
  0x000001d7017bb0d0 JavaThread "Compiler Source File Reader" daemon [_thread_blocked, id=5624, stack(0x000000b9ff700000,0x000000b9ff800000)]
  0x000001d7017b50a0 JavaThread "Compiler Source File Reader" daemon [_thread_blocked, id=23256, stack(0x000000b9ff800000,0x000000b9ff900000)]

Other Threads:
  0x000001d75ff3a6c0 VMThread "VM Thread" [stack: 0x000000b9fa500000,0x000000b9fa600000] [id=16848]
  0x000001d77b087550 WatcherThread [stack: 0x000000b9fb600000,0x000000b9fb700000] [id=24540]
  0x000001d75fea4610 GCTaskThread "GC Thread#0" [stack: 0x000000b9fa400000,0x000000b9fa500000] [id=9880]
  0x000001d77b568d20 GCTaskThread "GC Thread#1" [stack: 0x000000b9fb700000,0x000000b9fb800000] [id=19412]
  0x000001d77b5691f0 GCTaskThread "GC Thread#2" [stack: 0x000000b9fb800000,0x000000b9fb900000] [id=16320]
  0x000001d77b5694b0 GCTaskThread "GC Thread#3" [stack: 0x000000b9fb900000,0x000000b9fba00000] [id=1280]
  0x000001d77b486d70 GCTaskThread "GC Thread#4" [stack: 0x000000b9fba00000,0x000000b9fbb00000] [id=26636]
  0x000001d77b487030 GCTaskThread "GC Thread#5" [stack: 0x000000b9fbb00000,0x000000b9fbc00000] [id=10684]
  0x000001d77bd36b40 GCTaskThread "GC Thread#6" [stack: 0x000000b9fc000000,0x000000b9fc100000] [id=24584]
  0x000001d77b17fb80 GCTaskThread "GC Thread#7" [stack: 0x000000b9fc100000,0x000000b9fc200000] [id=20772]
  0x000001d77bca2010 GCTaskThread "GC Thread#8" [stack: 0x000000b9fc300000,0x000000b9fc400000] [id=8708]
  0x000001d77c2d1330 GCTaskThread "GC Thread#9" [stack: 0x000000b9fbc00000,0x000000b9fbd00000] [id=10820]
  0x000001d77c2d1e30 GCTaskThread "GC Thread#10" [stack: 0x000000b9fc600000,0x000000b9fc700000] [id=11516]
  0x000001d77c2d18b0 GCTaskThread "GC Thread#11" [stack: 0x000000b9fc700000,0x000000b9fc800000] [id=15732]
  0x000001d77c2d20f0 GCTaskThread "GC Thread#12" [stack: 0x000000b9fc900000,0x000000b9fca00000] [id=12332]

Threads with active compile tasks:
C2 CompilerThread0    13288 9052   !   4       org.eclipse.jdt.internal.core.search.indexing.BinaryIndexer::indexDocument (1157 bytes)
C2 CompilerThread1    13288 9047   !   4       org.eclipse.jdt.internal.core.builder.ClasspathMultiReleaseJar::findClass (219 bytes)
C2 CompilerThread2    13288 9059       4       com.sun.org.apache.xerces.internal.impl.XMLEntityScanner::skipSpaces (362 bytes)
C2 CompilerThread3    13288 9053       4       java.util.TimSort::countRunAndMakeAscending (128 bytes)
C2 CompilerThread4    13289 9063       4       com.sun.org.apache.xerces.internal.impl.XMLEntityScanner::scanLiteral (398 bytes)
C2 CompilerThread5    13289 9045       4       org.eclipse.jdt.internal.core.builder.ClasspathLocation::findClass (25 bytes)
C2 CompilerThread6    13289 8998       4       org.eclipse.jdt.internal.core.builder.ClasspathLocation::getModulesDeclaringPackage (11 bytes)

VM state: not at safepoint (normal execution)

VM Mutex/Monitor currently owned by a thread: None

Heap address: 0x00000000c0000000, size: 1024 MB, Compressed Oops mode: 32-bit

CDS archive(s) not mapped
Compressed class space mapped at: 0x0000000100000000-0x0000000140000000, reserved size: 1073741824
Narrow klass base: 0x0000000000000000, Narrow klass shift: 3, Narrow klass range: 0x140000000

GC Precious Log:
 CPUs: 16 total, 16 available
 Memory: 15709M
 Large Page Support: Disabled
 NUMA Support: Disabled
 Compressed Oops: Enabled (32-bit)
 Alignments: Space 512K, Generation 512K, Heap 2M
 Heap Min Capacity: 100M
 Heap Initial Capacity: 100M
 Heap Max Capacity: 1G
 Pre-touch: Disabled
 Parallel Workers: 13

Heap:
 PSYoungGen      total 6144K, used 4100K [0x00000000eab00000, 0x00000000eb280000, 0x0000000100000000)
  eden space 4608K, 62% used [0x00000000eab00000,0x00000000eadd1038,0x00000000eaf80000)
  from space 1536K, 79% used [0x00000000eb100000,0x00000000eb230000,0x00000000eb280000)
  to   space 1536K, 0% used [0x00000000eaf80000,0x00000000eaf80000,0x00000000eb100000)
 ParOldGen       total 159744K, used 157411K [0x00000000c0000000, 0x00000000c9c00000, 0x00000000eab00000)
  object space 159744K, 98% used [0x00000000c0000000,0x00000000c99b8fe0,0x00000000c9c00000)
 Metaspace       used 61754K, committed 62848K, reserved 1114112K
  class space    used 6529K, committed 6976K, reserved 1048576K

Card table byte_map: [0x000001d75f820000,0x000001d75fa30000] _byte_map_base: 0x000001d75f220000

Marking Bits: (ParMarkBitMap*) 0x00007ff91a9f58b0
 Begin Bits: [0x000001d771b20000, 0x000001d772b20000)
 End Bits:   [0x000001d772b20000, 0x000001d773b20000)

Polling page: 0x000001d75de60000

Metaspace:

Usage:
  Non-class:     53.93 MB used.
      Class:      6.38 MB used.
       Both:     60.31 MB used.

Virtual space:
  Non-class space:       64.00 MB reserved,      54.56 MB ( 85%) committed,  1 nodes.
      Class space:        1.00 GB reserved,       6.81 MB ( <1%) committed,  1 nodes.
             Both:        1.06 GB reserved,      61.38 MB (  6%) committed. 

Chunk freelists:
   Non-Class:  8.50 MB
       Class:  9.22 MB
        Both:  17.72 MB

MaxMetaspaceSize: unlimited
CompressedClassSpaceSize: 1.00 GB
Initial GC threshold: 21.00 MB
Current GC threshold: 102.19 MB
CDS: off
MetaspaceReclaimPolicy: balanced
 - commit_granule_bytes: 65536.
 - commit_granule_words: 8192.
 - virtual_space_node_default_size: 8388608.
 - enlarge_chunks_in_place: 1.
 - new_chunks_are_fully_committed: 0.
 - uncommit_free_chunks: 1.
 - use_allocation_guard: 0.
 - handle_deallocations: 1.


Internal statistics:

num_allocs_failed_limit: 6.
num_arena_births: 798.
num_arena_deaths: 14.
num_vsnodes_births: 2.
num_vsnodes_deaths: 0.
num_space_committed: 982.
num_space_uncommitted: 0.
num_chunks_returned_to_freelist: 20.
num_chunks_taken_from_freelist: 3362.
num_chunk_merges: 5.
num_chunk_splits: 2008.
num_chunks_enlarged: 1075.
num_inconsistent_stats: 0.

CodeHeap 'non-profiled nmethods': size=119168Kb used=5886Kb max_used=5886Kb free=113281Kb
 bounds [0x000001d76a6c0000, 0x000001d76ac90000, 0x000001d771b20000]
CodeHeap 'profiled nmethods': size=119104Kb used=15471Kb max_used=16060Kb free=103632Kb
 bounds [0x000001d762b20000, 0x000001d763b10000, 0x000001d769f70000]
CodeHeap 'non-nmethods': size=7488Kb used=3030Kb max_used=3164Kb free=4457Kb
 bounds [0x000001d769f70000, 0x000001d76a2a0000, 0x000001d76a6c0000]
 total_blobs=8170 nmethods=7489 adapters=591
 compilation: enabled
              stopped_count=0, restarted_count=0
 full_count=0

Compilation events (20 events):
Event: 13.227 Thread 0x000001d7793e6c00 9064       3       com.sun.org.apache.xerces.internal.dom.DeferredElementImpl::synchronizeData (96 bytes)
Event: 13.234 Thread 0x000001d7793e6c00 nmethod 9064 0x000001d763743b90 code [0x000001d763743de0, 0x000001d763744728]
Event: 13.234 Thread 0x000001d7793e6c00 9070       3       org.eclipse.jdt.internal.compiler.classfmt.AnnotationInfo::scanAnnotation (330 bytes)
Event: 13.236 Thread 0x000001d77926f5e0 nmethod 9057 0x000001d7637e9a10 code [0x000001d7637e9e40, 0x000001d7637ebda8]
Event: 13.237 Thread 0x000001d77926f5e0 9067       3       com.sun.org.apache.xerces.internal.dom.DeepNodeListImpl::item (136 bytes)
Event: 13.237 Thread 0x000001d75fef2c30 nmethod 9054 0x000001d762bd0790 code [0x000001d762bd0b20, 0x000001d762bd2688]
Event: 13.238 Thread 0x000001d75fef2c30 9066       3       com.sun.org.apache.xerces.internal.dom.DeferredDocumentImpl::synchronizeChildren (127 bytes)
Event: 13.241 Thread 0x000001d7793e6c00 nmethod 9070 0x000001d762e62310 code [0x000001d762e62600, 0x000001d762e63708]
Event: 13.241 Thread 0x000001d77926f5e0 nmethod 9067 0x000001d76366ea90 code [0x000001d76366ed20, 0x000001d76366fa98]
Event: 13.241 Thread 0x000001d7793e6c00 9068       3       com.sun.org.apache.xerces.internal.dom.NodeImpl::changes (8 bytes)
Event: 13.241 Thread 0x000001d77926f5e0 9073       3       com.sun.org.apache.xerces.internal.dom.ElementImpl::getDefaultAttributes (48 bytes)
Event: 13.243 Thread 0x000001d7793e6c00 nmethod 9068 0x000001d7636a8510 code [0x000001d7636a86c0, 0x000001d7636a8928]
Event: 13.243 Thread 0x000001d75fef2c30 nmethod 9066 0x000001d7638fa090 code [0x000001d7638fa2c0, 0x000001d7638faca8]
Event: 13.243 Thread 0x000001d7793e6c00 9074       3       com.sun.org.apache.xerces.internal.dom.CoreDocumentImpl::getDoctype (16 bytes)
Event: 13.243 Thread 0x000001d75fef2c30 9058       3       com.sun.org.apache.xerces.internal.dom.DeferredDocumentImpl::getParentNode (49 bytes)
Event: 13.244 Thread 0x000001d7793e6c00 nmethod 9074 0x000001d762bcce90 code [0x000001d762bcd040, 0x000001d762bcd308]
Event: 13.244 Thread 0x000001d7793e6c00 9065       3       com.sun.org.apache.xerces.internal.dom.DeferredElementImpl::synchronizeChildren (18 bytes)
Event: 13.244 Thread 0x000001d75fef2c30 nmethod 9058 0x000001d762bcc810 code [0x000001d762bcc9e0, 0x000001d762bccd08]
Event: 13.244 Thread 0x000001d77926f5e0 nmethod 9073 0x000001d763163090 code [0x000001d763163300, 0x000001d763164118]
Event: 13.244 Thread 0x000001d75fef2c30 9062       3       com.sun.org.apache.xerces.internal.parsers.AbstractDOMParser::emptyElement (14 bytes)

GC Heap History (20 events):
Event: 12.783 GC heap before
{Heap before GC invocations=92 (full 6):
 PSYoungGen      total 6144K, used 6125K [0x00000000eab00000, 0x00000000eb380000, 0x0000000100000000)
  eden space 4608K, 100% used [0x00000000eab00000,0x00000000eaf80000,0x00000000eaf80000)
  from space 1536K, 98% used [0x00000000eaf80000,0x00000000eb0fb520,0x00000000eb100000)
  to   space 2048K, 0% used [0x00000000eb180000,0x00000000eb180000,0x00000000eb380000)
 ParOldGen       total 159744K, used 150017K [0x00000000c0000000, 0x00000000c9c00000, 0x00000000eab00000)
  object space 159744K, 93% used [0x00000000c0000000,0x00000000c92804f0,0x00000000c9c00000)
 Metaspace       used 61251K, committed 62400K, reserved 1114112K
  class space    used 6492K, committed 6976K, reserved 1048576K
}
Event: 12.787 GC heap after
{Heap after GC invocations=92 (full 6):
 PSYoungGen      total 5632K, used 1023K [0x00000000eab00000, 0x00000000eb280000, 0x0000000100000000)
  eden space 4608K, 0% used [0x00000000eab00000,0x00000000eab00000,0x00000000eaf80000)
  from space 1024K, 99% used [0x00000000eb180000,0x00000000eb27ff38,0x00000000eb280000)
  to   space 1536K, 0% used [0x00000000eaf80000,0x00000000eaf80000,0x00000000eb100000)
 ParOldGen       total 159744K, used 151454K [0x00000000c0000000, 0x00000000c9c00000, 0x00000000eab00000)
  object space 159744K, 94% used [0x00000000c0000000,0x00000000c93e7ab0,0x00000000c9c00000)
 Metaspace       used 61251K, committed 62400K, reserved 1114112K
  class space    used 6492K, committed 6976K, reserved 1048576K
}
Event: 12.819 GC heap before
{Heap before GC invocations=93 (full 6):
 PSYoungGen      total 5632K, used 5631K [0x00000000eab00000, 0x00000000eb280000, 0x0000000100000000)
  eden space 4608K, 100% used [0x00000000eab00000,0x00000000eaf80000,0x00000000eaf80000)
  from space 1024K, 99% used [0x00000000eb180000,0x00000000eb27ff38,0x00000000eb280000)
  to   space 1536K, 0% used [0x00000000eaf80000,0x00000000eaf80000,0x00000000eb100000)
 ParOldGen       total 159744K, used 151454K [0x00000000c0000000, 0x00000000c9c00000, 0x00000000eab00000)
  object space 159744K, 94% used [0x00000000c0000000,0x00000000c93e7ab0,0x00000000c9c00000)
 Metaspace       used 61273K, committed 62400K, reserved 1114112K
  class space    used 6492K, committed 6976K, reserved 1048576K
}
Event: 12.824 GC heap after
{Heap after GC invocations=93 (full 6):
 PSYoungGen      total 6144K, used 1356K [0x00000000eab00000, 0x00000000eb280000, 0x0000000100000000)
  eden space 4608K, 0% used [0x00000000eab00000,0x00000000eab00000,0x00000000eaf80000)
  from space 1536K, 88% used [0x00000000eaf80000,0x00000000eb0d3128,0x00000000eb100000)
  to   space 1536K, 0% used [0x00000000eb100000,0x00000000eb100000,0x00000000eb280000)
 ParOldGen       total 159744K, used 152282K [0x00000000c0000000, 0x00000000c9c00000, 0x00000000eab00000)
  object space 159744K, 95% used [0x00000000c0000000,0x00000000c94b6ad8,0x00000000c9c00000)
 Metaspace       used 61273K, committed 62400K, reserved 1114112K
  class space    used 6492K, committed 6976K, reserved 1048576K
}
Event: 12.851 GC heap before
{Heap before GC invocations=94 (full 6):
 PSYoungGen      total 6144K, used 5964K [0x00000000eab00000, 0x00000000eb280000, 0x0000000100000000)
  eden space 4608K, 100% used [0x00000000eab00000,0x00000000eaf80000,0x00000000eaf80000)
  from space 1536K, 88% used [0x00000000eaf80000,0x00000000eb0d3128,0x00000000eb100000)
  to   space 1536K, 0% used [0x00000000eb100000,0x00000000eb100000,0x00000000eb280000)
 ParOldGen       total 159744K, used 152282K [0x00000000c0000000, 0x00000000c9c00000, 0x00000000eab00000)
  object space 159744K, 95% used [0x00000000c0000000,0x00000000c94b6ad8,0x00000000c9c00000)
 Metaspace       used 61312K, committed 62464K, reserved 1114112K
  class space    used 6498K, committed 6976K, reserved 1048576K
}
Event: 12.856 GC heap after
{Heap after GC invocations=94 (full 6):
 PSYoungGen      total 6144K, used 1293K [0x00000000eab00000, 0x00000000eb280000, 0x0000000100000000)
  eden space 4608K, 0% used [0x00000000eab00000,0x00000000eab00000,0x00000000eaf80000)
  from space 1536K, 84% used [0x00000000eb100000,0x00000000eb243558,0x00000000eb280000)
  to   space 1536K, 0% used [0x00000000eaf80000,0x00000000eaf80000,0x00000000eb100000)
 ParOldGen       total 159744K, used 153492K [0x00000000c0000000, 0x00000000c9c00000, 0x00000000eab00000)
  object space 159744K, 96% used [0x00000000c0000000,0x00000000c95e5158,0x00000000c9c00000)
 Metaspace       used 61312K, committed 62464K, reserved 1114112K
  class space    used 6498K, committed 6976K, reserved 1048576K
}
Event: 12.898 GC heap before
{Heap before GC invocations=95 (full 6):
 PSYoungGen      total 6144K, used 5901K [0x00000000eab00000, 0x00000000eb280000, 0x0000000100000000)
  eden space 4608K, 100% used [0x00000000eab00000,0x00000000eaf80000,0x00000000eaf80000)
  from space 1536K, 84% used [0x00000000eb100000,0x00000000eb243558,0x00000000eb280000)
  to   space 1536K, 0% used [0x00000000eaf80000,0x00000000eaf80000,0x00000000eb100000)
 ParOldGen       total 159744K, used 153492K [0x00000000c0000000, 0x00000000c9c00000, 0x00000000eab00000)
  object space 159744K, 96% used [0x00000000c0000000,0x00000000c95e5158,0x00000000c9c00000)
 Metaspace       used 61403K, committed 62528K, reserved 1114112K
  class space    used 6511K, committed 6976K, reserved 1048576K
}
Event: 12.901 GC heap after
{Heap after GC invocations=95 (full 6):
 PSYoungGen      total 6144K, used 1171K [0x00000000eab00000, 0x00000000eb280000, 0x0000000100000000)
  eden space 4608K, 0% used [0x00000000eab00000,0x00000000eab00000,0x00000000eaf80000)
  from space 1536K, 76% used [0x00000000eaf80000,0x00000000eb0a4dd0,0x00000000eb100000)
  to   space 1536K, 0% used [0x00000000eb100000,0x00000000eb100000,0x00000000eb280000)
 ParOldGen       total 159744K, used 154578K [0x00000000c0000000, 0x00000000c9c00000, 0x00000000eab00000)
  object space 159744K, 96% used [0x00000000c0000000,0x00000000c96f4af8,0x00000000c9c00000)
 Metaspace       used 61403K, committed 62528K, reserved 1114112K
  class space    used 6511K, committed 6976K, reserved 1048576K
}
Event: 12.939 GC heap before
{Heap before GC invocations=96 (full 6):
 PSYoungGen      total 6144K, used 5779K [0x00000000eab00000, 0x00000000eb280000, 0x0000000100000000)
  eden space 4608K, 100% used [0x00000000eab00000,0x00000000eaf80000,0x00000000eaf80000)
  from space 1536K, 76% used [0x00000000eaf80000,0x00000000eb0a4dd0,0x00000000eb100000)
  to   space 1536K, 0% used [0x00000000eb100000,0x00000000eb100000,0x00000000eb280000)
 ParOldGen       total 159744K, used 154578K [0x00000000c0000000, 0x00000000c9c00000, 0x00000000eab00000)
  object space 159744K, 96% used [0x00000000c0000000,0x00000000c96f4af8,0x00000000c9c00000)
 Metaspace       used 61475K, committed 62592K, reserved 1114112K
  class space    used 6516K, committed 6976K, reserved 1048576K
}
Event: 12.945 GC heap after
{Heap after GC invocations=96 (full 6):
 PSYoungGen      total 6144K, used 1188K [0x00000000eab00000, 0x00000000eb280000, 0x0000000100000000)
  eden space 4608K, 0% used [0x00000000eab00000,0x00000000eab00000,0x00000000eaf80000)
  from space 1536K, 77% used [0x00000000eb100000,0x00000000eb2293a8,0x00000000eb280000)
  to   space 1536K, 0% used [0x00000000eaf80000,0x00000000eaf80000,0x00000000eb100000)
 ParOldGen       total 159744K, used 155596K [0x00000000c0000000, 0x00000000c9c00000, 0x00000000eab00000)
  object space 159744K, 97% used [0x00000000c0000000,0x00000000c97f3268,0x00000000c9c00000)
 Metaspace       used 61475K, committed 62592K, reserved 1114112K
  class space    used 6516K, committed 6976K, reserved 1048576K
}
Event: 12.998 GC heap before
{Heap before GC invocations=97 (full 6):
 PSYoungGen      total 6144K, used 5789K [0x00000000eab00000, 0x00000000eb280000, 0x0000000100000000)
  eden space 4608K, 99% used [0x00000000eab00000,0x00000000eaf7e370,0x00000000eaf80000)
  from space 1536K, 77% used [0x00000000eb100000,0x00000000eb2293a8,0x00000000eb280000)
  to   space 1536K, 0% used [0x00000000eaf80000,0x00000000eaf80000,0x00000000eb100000)
 ParOldGen       total 159744K, used 155596K [0x00000000c0000000, 0x00000000c9c00000, 0x00000000eab00000)
  object space 159744K, 97% used [0x00000000c0000000,0x00000000c97f3268,0x00000000c9c00000)
 Metaspace       used 61533K, committed 62656K, reserved 1114112K
  class space    used 6518K, committed 6976K, reserved 1048576K
}
Event: 13.000 GC heap after
{Heap after GC invocations=97 (full 6):
 PSYoungGen      total 6144K, used 1276K [0x00000000eab00000, 0x00000000eb280000, 0x0000000100000000)
  eden space 4608K, 0% used [0x00000000eab00000,0x00000000eab00000,0x00000000eaf80000)
  from space 1536K, 83% used [0x00000000eaf80000,0x00000000eb0bf378,0x00000000eb100000)
  to   space 1536K, 0% used [0x00000000eb100000,0x00000000eb100000,0x00000000eb280000)
 ParOldGen       total 159744K, used 156641K [0x00000000c0000000, 0x00000000c9c00000, 0x00000000eab00000)
  object space 159744K, 98% used [0x00000000c0000000,0x00000000c98f8508,0x00000000c9c00000)
 Metaspace       used 61533K, committed 62656K, reserved 1114112K
  class space    used 6518K, committed 6976K, reserved 1048576K
}
Event: 13.029 GC heap before
{Heap before GC invocations=98 (full 6):
 PSYoungGen      total 6144K, used 5884K [0x00000000eab00000, 0x00000000eb280000, 0x0000000100000000)
  eden space 4608K, 100% used [0x00000000eab00000,0x00000000eaf80000,0x00000000eaf80000)
  from space 1536K, 83% used [0x00000000eaf80000,0x00000000eb0bf378,0x00000000eb100000)
  to   space 1536K, 0% used [0x00000000eb100000,0x00000000eb100000,0x00000000eb280000)
 ParOldGen       total 159744K, used 156641K [0x00000000c0000000, 0x00000000c9c00000, 0x00000000eab00000)
  object space 159744K, 98% used [0x00000000c0000000,0x00000000c98f8508,0x00000000c9c00000)
 Metaspace       used 61583K, committed 62720K, reserved 1114112K
  class space    used 6522K, committed 6976K, reserved 1048576K
}
Event: 13.031 GC heap after
{Heap after GC invocations=98 (full 6):
 PSYoungGen      total 6144K, used 1113K [0x00000000eab00000, 0x00000000eb280000, 0x0000000100000000)
  eden space 4608K, 0% used [0x00000000eab00000,0x00000000eab00000,0x00000000eaf80000)
  from space 1536K, 72% used [0x00000000eb100000,0x00000000eb216718,0x00000000eb280000)
  to   space 1536K, 0% used [0x00000000eaf80000,0x00000000eaf80000,0x00000000eb100000)
 ParOldGen       total 159744K, used 157620K [0x00000000c0000000, 0x00000000c9c00000, 0x00000000eab00000)
  object space 159744K, 98% used [0x00000000c0000000,0x00000000c99ed210,0x00000000c9c00000)
 Metaspace       used 61583K, committed 62720K, reserved 1114112K
  class space    used 6522K, committed 6976K, reserved 1048576K
}
Event: 13.065 GC heap before
{Heap before GC invocations=99 (full 6):
 PSYoungGen      total 6144K, used 5721K [0x00000000eab00000, 0x00000000eb280000, 0x0000000100000000)
  eden space 4608K, 100% used [0x00000000eab00000,0x00000000eaf80000,0x00000000eaf80000)
  from space 1536K, 72% used [0x00000000eb100000,0x00000000eb216718,0x00000000eb280000)
  to   space 1536K, 0% used [0x00000000eaf80000,0x00000000eaf80000,0x00000000eb100000)
 ParOldGen       total 159744K, used 157620K [0x00000000c0000000, 0x00000000c9c00000, 0x00000000eab00000)
  object space 159744K, 98% used [0x00000000c0000000,0x00000000c99ed210,0x00000000c9c00000)
 Metaspace       used 61606K, committed 62720K, reserved 1114112K
  class space    used 6524K, committed 6976K, reserved 1048576K
}
Event: 13.069 GC heap after
{Heap after GC invocations=99 (full 6):
 PSYoungGen      total 6144K, used 1396K [0x00000000eab00000, 0x00000000eb280000, 0x0000000100000000)
  eden space 4608K, 0% used [0x00000000eab00000,0x00000000eab00000,0x00000000eaf80000)
  from space 1536K, 90% used [0x00000000eaf80000,0x00000000eb0dd2f8,0x00000000eb100000)
  to   space 1536K, 0% used [0x00000000eb100000,0x00000000eb100000,0x00000000eb280000)
 ParOldGen       total 159744K, used 158576K [0x00000000c0000000, 0x00000000c9c00000, 0x00000000eab00000)
  object space 159744K, 99% used [0x00000000c0000000,0x00000000c9adc098,0x00000000c9c00000)
 Metaspace       used 61606K, committed 62720K, reserved 1114112K
  class space    used 6524K, committed 6976K, reserved 1048576K
}
Event: 13.111 GC heap before
{Heap before GC invocations=100 (full 6):
 PSYoungGen      total 6144K, used 6004K [0x00000000eab00000, 0x00000000eb280000, 0x0000000100000000)
  eden space 4608K, 100% used [0x00000000eab00000,0x00000000eaf80000,0x00000000eaf80000)
  from space 1536K, 90% used [0x00000000eaf80000,0x00000000eb0dd2f8,0x00000000eb100000)
  to   space 1536K, 0% used [0x00000000eb100000,0x00000000eb100000,0x00000000eb280000)
 ParOldGen       total 159744K, used 158576K [0x00000000c0000000, 0x00000000c9c00000, 0x00000000eab00000)
  object space 159744K, 99% used [0x00000000c0000000,0x00000000c9adc098,0x00000000c9c00000)
 Metaspace       used 61684K, committed 62784K, reserved 1114112K
  class space    used 6525K, committed 6976K, reserved 1048576K
}
Event: 13.113 GC heap after
{Heap after GC invocations=100 (full 6):
 PSYoungGen      total 6144K, used 1188K [0x00000000eab00000, 0x00000000eb280000, 0x0000000100000000)
  eden space 4608K, 0% used [0x00000000eab00000,0x00000000eab00000,0x00000000eaf80000)
  from space 1536K, 77% used [0x00000000eb100000,0x00000000eb229278,0x00000000eb280000)
  to   space 1536K, 0% used [0x00000000eaf80000,0x00000000eaf80000,0x00000000eb100000)
 ParOldGen       total 159744K, used 159696K [0x00000000c0000000, 0x00000000c9c00000, 0x00000000eab00000)
  object space 159744K, 99% used [0x00000000c0000000,0x00000000c9bf43b8,0x00000000c9c00000)
 Metaspace       used 61684K, committed 62784K, reserved 1114112K
  class space    used 6525K, committed 6976K, reserved 1048576K
}
Event: 13.113 GC heap before
{Heap before GC invocations=101 (full 7):
 PSYoungGen      total 6144K, used 1188K [0x00000000eab00000, 0x00000000eb280000, 0x0000000100000000)
  eden space 4608K, 0% used [0x00000000eab00000,0x00000000eab00000,0x00000000eaf80000)
  from space 1536K, 77% used [0x00000000eb100000,0x00000000eb229278,0x00000000eb280000)
  to   space 1536K, 0% used [0x00000000eaf80000,0x00000000eaf80000,0x00000000eb100000)
 ParOldGen       total 159744K, used 159696K [0x00000000c0000000, 0x00000000c9c00000, 0x00000000eab00000)
  object space 159744K, 99% used [0x00000000c0000000,0x00000000c9bf43b8,0x00000000c9c00000)
 Metaspace       used 61684K, committed 62784K, reserved 1114112K
  class space    used 6525K, committed 6976K, reserved 1048576K
}
Event: 13.201 GC heap after
{Heap after GC invocations=101 (full 7):
 PSYoungGen      total 6144K, used 0K [0x00000000eab00000, 0x00000000eb280000, 0x0000000100000000)
  eden space 4608K, 0% used [0x00000000eab00000,0x00000000eab00000,0x00000000eaf80000)
  from space 1536K, 0% used [0x00000000eaf80000,0x00000000eaf80000,0x00000000eb100000)
  to   space 1536K, 0% used [0x00000000eb100000,0x00000000eb100000,0x00000000eb280000)
 ParOldGen       total 159744K, used 157411K [0x00000000c0000000, 0x00000000c9c00000, 0x00000000eab00000)
  object space 159744K, 98% used [0x00000000c0000000,0x00000000c99b8fe0,0x00000000c9c00000)
 Metaspace       used 61684K, committed 62784K, reserved 1114112K
  class space    used 6525K, committed 6976K, reserved 1048576K
}

Dll operation events (10 events):
Event: 0.018 Loaded shared library c:\Users\Lenovo -pc\.vscode\extensions\redhat.java-1.35.1-win32-x64\jre\17.0.12-win32-x86_64\bin\java.dll
Event: 0.248 Loaded shared library c:\Users\Lenovo -pc\.vscode\extensions\redhat.java-1.35.1-win32-x64\jre\17.0.12-win32-x86_64\bin\zip.dll
Event: 0.253 Loaded shared library C:\Users\Lenovo -pc\.vscode\extensions\redhat.java-1.35.1-win32-x64\jre\17.0.12-win32-x86_64\bin\instrument.dll
Event: 0.271 Loaded shared library C:\Users\Lenovo -pc\.vscode\extensions\redhat.java-1.35.1-win32-x64\jre\17.0.12-win32-x86_64\bin\net.dll
Event: 0.274 Loaded shared library C:\Users\Lenovo -pc\.vscode\extensions\redhat.java-1.35.1-win32-x64\jre\17.0.12-win32-x86_64\bin\nio.dll
Event: 0.282 Loaded shared library C:\Users\Lenovo -pc\.vscode\extensions\redhat.java-1.35.1-win32-x64\jre\17.0.12-win32-x86_64\bin\zip.dll
Event: 0.309 Loaded shared library C:\Users\Lenovo -pc\.vscode\extensions\redhat.java-1.35.1-win32-x64\jre\17.0.12-win32-x86_64\bin\jimage.dll
Event: 0.423 Loaded shared library c:\Users\Lenovo -pc\.vscode\extensions\redhat.java-1.35.1-win32-x64\jre\17.0.12-win32-x86_64\bin\verify.dll
Event: 1.905 Loaded shared library C:\Users\Lenovo -pc\AppData\Roaming\Code\User\globalStorage\redhat.java\1.35.1\config_win\org.eclipse.equinox.launcher\org.eclipse.equinox.launcher.win32.win32.x86_64_1.2.1100.v20240722-2106\eclipse_11904.dll
Event: 3.549 Loaded shared library C:\Users\Lenovo -pc\AppData\Local\Temp\jna-1726588563\jna18353901495186599915.dll

Deoptimization events (20 events):
Event: 13.095 Thread 0x000001d77c2fd620 Uncommon trap: trap_request=0xffffffd6 fr.pc=0x000001d76a9cf630 relative=0x00000000000011d0
Event: 13.095 Thread 0x000001d77c2fd620 Uncommon trap: reason=array_check action=maybe_recompile pc=0x000001d76a9cf630 method=java.util.TimSort.reverseRange([Ljava/lang/Object;II)V @ 20 c2
Event: 13.095 Thread 0x000001d77c2fd620 DEOPT PACKING pc=0x000001d76a9cf630 sp=0x000000b9fcbfded0
Event: 13.095 Thread 0x000001d77c2fd620 DEOPT UNPACKING pc=0x000001d769fc66a3 sp=0x000000b9fcbfdd68 mode 2
Event: 13.098 Thread 0x000001d77c2fd620 Uncommon trap: trap_request=0xffffffd6 fr.pc=0x000001d76a9cf630 relative=0x00000000000011d0
Event: 13.098 Thread 0x000001d77c2fd620 Uncommon trap: reason=array_check action=maybe_recompile pc=0x000001d76a9cf630 method=java.util.TimSort.reverseRange([Ljava/lang/Object;II)V @ 20 c2
Event: 13.098 Thread 0x000001d77c2fd620 DEOPT PACKING pc=0x000001d76a9cf630 sp=0x000000b9fcbfded0
Event: 13.098 Thread 0x000001d77c2fd620 DEOPT UNPACKING pc=0x000001d769fc66a3 sp=0x000000b9fcbfdd68 mode 2
Event: 13.098 Thread 0x000001d77c2fd620 Uncommon trap: trap_request=0xffffffd6 fr.pc=0x000001d76a81e1b0 relative=0x00000000000004f0
Event: 13.098 Thread 0x000001d77c2fd620 Uncommon trap: reason=array_check action=maybe_recompile pc=0x000001d76a81e1b0 method=java.util.TimSort.binarySort([Ljava/lang/Object;IIILjava/util/Comparator;)V @ 193 c2
Event: 13.098 Thread 0x000001d77c2fd620 DEOPT PACKING pc=0x000001d76a81e1b0 sp=0x000000b9fcbfddf0
Event: 13.098 Thread 0x000001d77c2fd620 DEOPT UNPACKING pc=0x000001d769fc66a3 sp=0x000000b9fcbfddb0 mode 2
Event: 13.103 Thread 0x000001d77c2fd620 Uncommon trap: trap_request=0xffffffd6 fr.pc=0x000001d76a81d5dc relative=0x000000000000051c
Event: 13.103 Thread 0x000001d77c2fd620 Uncommon trap: reason=array_check action=maybe_recompile pc=0x000001d76a81d5dc method=java.util.TimSort.reverseRange([Ljava/lang/Object;II)V @ 20 c2
Event: 13.103 Thread 0x000001d77c2fd620 DEOPT PACKING pc=0x000001d76a81d5dc sp=0x000000b9fcbfde30
Event: 13.103 Thread 0x000001d77c2fd620 DEOPT UNPACKING pc=0x000001d769fc66a3 sp=0x000000b9fcbfdd60 mode 2
Event: 13.103 Thread 0x000001d77c2fd620 Uncommon trap: trap_request=0xffffffd6 fr.pc=0x000001d76a81e058 relative=0x0000000000000398
Event: 13.103 Thread 0x000001d77c2fd620 Uncommon trap: reason=array_check action=maybe_recompile pc=0x000001d76a81e058 method=java.util.TimSort.binarySort([Ljava/lang/Object;IIILjava/util/Comparator;)V @ 215 c2
Event: 13.103 Thread 0x000001d77c2fd620 DEOPT PACKING pc=0x000001d76a81e058 sp=0x000000b9fcbfddf0
Event: 13.103 Thread 0x000001d77c2fd620 DEOPT UNPACKING pc=0x000001d769fc66a3 sp=0x000000b9fcbfddb0 mode 2

Classes loaded (20 events):
Event: 11.011 Loading class java/util/stream/MatchOps$MatchOp
Event: 11.012 Loading class java/util/stream/MatchOps$MatchOp done
Event: 11.012 Loading class java/util/stream/MatchOps$BooleanTerminalSink
Event: 11.012 Loading class java/util/stream/MatchOps$BooleanTerminalSink done
Event: 11.013 Loading class java/util/stream/MatchOps$1MatchSink
Event: 11.013 Loading class java/util/stream/MatchOps$1MatchSink done
Event: 11.497 Loading class java/util/Vector$1
Event: 11.497 Loading class java/util/Vector$1 done
Event: 11.978 Loading class java/util/regex/Pattern$Caret
Event: 11.979 Loading class java/util/regex/Pattern$Caret done
Event: 12.051 Loading class java/util/regex/Pattern$LazyLoop
Event: 12.051 Loading class java/util/regex/Pattern$LazyLoop done
Event: 12.321 Loading class java/nio/file/FileTreeIterator
Event: 12.321 Loading class java/nio/file/FileTreeIterator done
Event: 12.847 Loading class java/util/stream/ReduceOps$4
Event: 12.847 Loading class java/util/stream/ReduceOps$4 done
Event: 12.849 Loading class java/util/stream/ReduceOps$4ReducingSink
Event: 12.849 Loading class java/util/stream/ReduceOps$4ReducingSink done
Event: 12.858 Loading class java/nio/file/Files$2
Event: 12.858 Loading class java/nio/file/Files$2 done

Classes unloaded (7 events):
Event: 5.338 Thread 0x000001d75ff3a6c0 Unloading class 0x000000010024a400 'java/lang/invoke/LambdaForm$MH+0x000000010024a400'
Event: 5.338 Thread 0x000001d75ff3a6c0 Unloading class 0x000000010024a000 'java/lang/invoke/LambdaForm$MH+0x000000010024a000'
Event: 5.338 Thread 0x000001d75ff3a6c0 Unloading class 0x0000000100249c00 'java/lang/invoke/LambdaForm$MH+0x0000000100249c00'
Event: 5.338 Thread 0x000001d75ff3a6c0 Unloading class 0x0000000100249800 'java/lang/invoke/LambdaForm$MH+0x0000000100249800'
Event: 5.338 Thread 0x000001d75ff3a6c0 Unloading class 0x0000000100249400 'java/lang/invoke/LambdaForm$BMH+0x0000000100249400'
Event: 5.338 Thread 0x000001d75ff3a6c0 Unloading class 0x0000000100249000 'java/lang/invoke/LambdaForm$DMH+0x0000000100249000'
Event: 5.338 Thread 0x000001d75ff3a6c0 Unloading class 0x0000000100244400 'java/lang/invoke/LambdaForm$DMH+0x0000000100244400'

Classes redefined (0 events):
No events

Internal exceptions (20 events):
Event: 8.576 Thread 0x000001d77c2fd620 Exception <a 'sun/nio/fs/WindowsException'{0x00000000eb948a78}> (0x00000000eb948a78) 
thrown [s\src\hotspot\share\prims\jni.cpp, line 516]
Event: 8.576 Thread 0x000001d77c2fd620 Exception <a 'sun/nio/fs/WindowsException'{0x00000000eb9490b0}> (0x00000000eb9490b0) 
thrown [s\src\hotspot\share\prims\jni.cpp, line 516]
Event: 8.854 Thread 0x000001d77c2fe550 Implicit null exception at 0x000001d76a9f3e2c to 0x000001d76a9f3f1c
Event: 9.537 Thread 0x000001d77c2ff480 Exception <a 'java/lang/ExceptionInInitializerError'{0x00000000eaf859c8}> (0x00000000eaf859c8) 
thrown [s\src\hotspot\share\oops\instanceKlass.cpp, line 1218]
Event: 9.538 Thread 0x000001d77c2fe550 Implicit null exception at 0x000001d76aaab177 to 0x000001d76aaac5a4
Event: 9.586 Thread 0x000001d77c2ff480 Implicit null exception at 0x000001d76a7eb7af to 0x000001d76a7eb93c
Event: 9.587 Thread 0x000001d77c2ff480 Implicit null exception at 0x000001d76a755509 to 0x000001d76a75690c
Event: 9.592 Thread 0x000001d77c2ff480 Exception <a 'java/lang/NoSuchMethodError'{0x00000000ebad7680}: 'java.lang.Object java.lang.invoke.Invokers$Holder.invokeExact_MT(java.lang.Object, int, java.lang.Object)'> (0x00000000ebad7680) 
thrown [s\src\hotspot\share\interpreter\linkResolver.cpp, line 759]
Event: 10.362 Thread 0x000001d77c2ff480 Exception <a 'java/lang/NoClassDefFoundError'{0x00000000eb6a7968}: com/google/inject/servlet/ServletModuleTargetVisitor> (0x00000000eb6a7968) 
thrown [s\src\hotspot\share\classfile\systemDictionary.cpp, line 245]
Event: 10.905 Thread 0x000001d77c2fd620 Exception <a 'sun/nio/fs/WindowsException'{0x00000000eae164b8}> (0x00000000eae164b8) 
thrown [s\src\hotspot\share\prims\jni.cpp, line 516]
Event: 10.906 Thread 0x000001d77c2fd620 Exception <a 'sun/nio/fs/WindowsException'{0x00000000eae17050}> (0x00000000eae17050) 
thrown [s\src\hotspot\share\prims\jni.cpp, line 516]
Event: 10.907 Thread 0x000001d77c2fd620 Exception <a 'sun/nio/fs/WindowsException'{0x00000000eae17b10}> (0x00000000eae17b10) 
thrown [s\src\hotspot\share\prims\jni.cpp, line 516]
Event: 10.908 Thread 0x000001d77c2fd620 Exception <a 'sun/nio/fs/WindowsException'{0x00000000eae19400}> (0x00000000eae19400) 
thrown [s\src\hotspot\share\prims\jni.cpp, line 516]
Event: 10.911 Thread 0x000001d77c2fe550 Implicit null exception at 0x000001d76abc25a8 to 0x000001d76abc6928
Event: 10.914 Thread 0x000001d77c2fd620 Exception <a 'sun/nio/fs/WindowsException'{0x00000000eaedf4f8}> (0x00000000eaedf4f8) 
thrown [s\src\hotspot\share\prims\jni.cpp, line 516]
Event: 10.918 Thread 0x000001d77c2fd620 Exception <a 'sun/nio/fs/WindowsException'{0x00000000eaee2160}> (0x00000000eaee2160) 
thrown [s\src\hotspot\share\prims\jni.cpp, line 516]
Event: 10.923 Thread 0x000001d77c2fd620 Exception <a 'sun/nio/fs/WindowsException'{0x00000000eaee5588}> (0x00000000eaee5588) 
thrown [s\src\hotspot\share\prims\jni.cpp, line 516]
Event: 10.925 Thread 0x000001d77c2fd620 Exception <a 'sun/nio/fs/WindowsException'{0x00000000eb080e80}> (0x00000000eb080e80) 
thrown [s\src\hotspot\share\prims\jni.cpp, line 516]
Event: 10.931 Thread 0x000001d77c2fd620 Exception <a 'sun/nio/fs/WindowsException'{0x00000000eb0845a0}> (0x00000000eb0845a0) 
thrown [s\src\hotspot\share\prims\jni.cpp, line 516]
Event: 12.863 Thread 0x000001d77c2fd620 Exception <a 'java/lang/NoSuchMethodError'{0x00000000eabc84b8}: 'int java.lang.invoke.DirectMethodHandle$Holder.invokeSpecialIFC(java.lang.Object, java.lang.Object, java.lang.Object)'> (0x00000000eabc84b8) 
thrown [s\src\hotspot\share\interpreter\linkResolver.cpp, line 759]

VM Operations (20 events):
Event: 12.783 Executing VM operation: ParallelGCFailedAllocation
Event: 12.788 Executing VM operation: ParallelGCFailedAllocation done
Event: 12.819 Executing VM operation: ParallelGCFailedAllocation
Event: 12.824 Executing VM operation: ParallelGCFailedAllocation done
Event: 12.849 Executing VM operation: HandshakeAllThreads
Event: 12.849 Executing VM operation: HandshakeAllThreads done
Event: 12.851 Executing VM operation: ParallelGCFailedAllocation
Event: 12.856 Executing VM operation: ParallelGCFailedAllocation done
Event: 12.897 Executing VM operation: ParallelGCFailedAllocation
Event: 12.901 Executing VM operation: ParallelGCFailedAllocation done
Event: 12.939 Executing VM operation: ParallelGCFailedAllocation
Event: 12.945 Executing VM operation: ParallelGCFailedAllocation done
Event: 12.998 Executing VM operation: ParallelGCFailedAllocation
Event: 13.000 Executing VM operation: ParallelGCFailedAllocation done
Event: 13.029 Executing VM operation: ParallelGCFailedAllocation
Event: 13.032 Executing VM operation: ParallelGCFailedAllocation done
Event: 13.065 Executing VM operation: ParallelGCFailedAllocation
Event: 13.070 Executing VM operation: ParallelGCFailedAllocation done
Event: 13.111 Executing VM operation: ParallelGCFailedAllocation
Event: 13.202 Executing VM operation: ParallelGCFailedAllocation done

Events (20 events):
Event: 11.993 Thread 0x000001d779123b30 flushing nmethod 0x000001d7638c4610
Event: 11.993 Thread 0x000001d779123b30 flushing nmethod 0x000001d7638d6810
Event: 11.993 Thread 0x000001d779123b30 flushing nmethod 0x000001d7638f6910
Event: 11.993 Thread 0x000001d779123b30 flushing nmethod 0x000001d7638f7190
Event: 11.993 Thread 0x000001d779123b30 flushing nmethod 0x000001d7638f8490
Event: 11.993 Thread 0x000001d779123b30 flushing nmethod 0x000001d7638f8910
Event: 11.993 Thread 0x000001d779123b30 flushing nmethod 0x000001d7638fa090
Event: 11.993 Thread 0x000001d779123b30 flushing nmethod 0x000001d7638fa590
Event: 11.993 Thread 0x000001d779123b30 flushing nmethod 0x000001d7638fc010
Event: 11.993 Thread 0x000001d779123b30 flushing nmethod 0x000001d7638fda10
Event: 11.994 Thread 0x000001d779123b30 flushing nmethod 0x000001d763900590
Event: 11.994 Thread 0x000001d779123b30 flushing nmethod 0x000001d763907e90
Event: 11.994 Thread 0x000001d779123b30 flushing nmethod 0x000001d763966590
Event: 11.994 Thread 0x000001d779123b30 flushing nmethod 0x000001d7639a6090
Event: 11.994 Thread 0x000001d779123b30 flushing nmethod 0x000001d7639a7f90
Event: 11.994 Thread 0x000001d779123b30 flushing nmethod 0x000001d7639a8b10
Event: 11.994 Thread 0x000001d779123b30 flushing nmethod 0x000001d7639a9390
Event: 11.995 Thread 0x000001d779123b30 flushing nmethod 0x000001d763a5c710
Event: 11.995 Thread 0x000001d779123b30 flushing nmethod 0x000001d763a74290
Event: 13.214 Thread 0x000001d77ecccdc0 Thread exited: 0x000001d77ecccdc0


Dynamic libraries:
0x00007ff654120000 - 0x00007ff65412e000 	c:\Users\Lenovo -pc\.vscode\extensions\redhat.java-1.35.1-win32-x64\jre\17.0.12-win32-x86_64\bin\java.exe
0x00007ff9b3110000 - 0x00007ff9b3327000 	C:\WINDOWS\SYSTEM32\ntdll.dll
0x00007ff9b1280000 - 0x00007ff9b1344000 	C:\WINDOWS\System32\KERNEL32.DLL
0x00007ff9b0a50000 - 0x00007ff9b0e07000 	C:\WINDOWS\System32\KERNELBASE.dll
0x00007ff9b05d0000 - 0x00007ff9b06e1000 	C:\WINDOWS\System32\ucrtbase.dll
0x00007ff9a0ad0000 - 0x00007ff9a0aeb000 	c:\Users\Lenovo -pc\.vscode\extensions\redhat.java-1.35.1-win32-x64\jre\17.0.12-win32-x86_64\bin\VCRUNTIME140.dll
0x00007ff9a0af0000 - 0x00007ff9a0b07000 	c:\Users\Lenovo -pc\.vscode\extensions\redhat.java-1.35.1-win32-x64\jre\17.0.12-win32-x86_64\bin\jli.dll
0x00007ff9b2a10000 - 0x00007ff9b2bbf000 	C:\WINDOWS\System32\USER32.dll
0x00007ff9b0e10000 - 0x00007ff9b0e36000 	C:\WINDOWS\System32\win32u.dll
0x00007ff9b1350000 - 0x00007ff9b1379000 	C:\WINDOWS\System32\GDI32.dll
0x00007ff9b0930000 - 0x00007ff9b0a48000 	C:\WINDOWS\System32\gdi32full.dll
0x00007ff9a1f30000 - 0x00007ff9a21c3000 	C:\WINDOWS\WinSxS\amd64_microsoft.windows.common-controls_6595b64144ccf1df_6.0.22621.3672_none_2713b9d173822955\COMCTL32.dll
0x00007ff9b06f0000 - 0x00007ff9b078a000 	C:\WINDOWS\System32\msvcp_win.dll
0x00007ff9b1400000 - 0x00007ff9b14a7000 	C:\WINDOWS\System32\msvcrt.dll
0x00007ff9b27a0000 - 0x00007ff9b27d1000 	C:\WINDOWS\System32\IMM32.DLL
0x00007ff9ad010000 - 0x00007ff9ad01c000 	c:\Users\Lenovo -pc\.vscode\extensions\redhat.java-1.35.1-win32-x64\jre\17.0.12-win32-x86_64\bin\vcruntime140_1.dll
0x00007ff9a0a40000 - 0x00007ff9a0acd000 	c:\Users\Lenovo -pc\.vscode\extensions\redhat.java-1.35.1-win32-x64\jre\17.0.12-win32-x86_64\bin\msvcp140.dll
0x00007ff919e50000 - 0x00007ff91aaba000 	c:\Users\Lenovo -pc\.vscode\extensions\redhat.java-1.35.1-win32-x64\jre\17.0.12-win32-x86_64\bin\server\jvm.dll
0x00007ff9b0ff0000 - 0x00007ff9b10a2000 	C:\WINDOWS\System32\ADVAPI32.dll
0x00007ff9b14b0000 - 0x00007ff9b1558000 	C:\WINDOWS\System32\sechost.dll
0x00007ff9b0900000 - 0x00007ff9b0928000 	C:\WINDOWS\System32\bcrypt.dll
0x00007ff9b1160000 - 0x00007ff9b1274000 	C:\WINDOWS\System32\RPCRT4.dll
0x00007ff9b2bc0000 - 0x00007ff9b2c31000 	C:\WINDOWS\System32\WS2_32.dll
0x00007ff9afd20000 - 0x00007ff9afd6d000 	C:\WINDOWS\SYSTEM32\POWRPROF.dll
0x00007ff9a8a50000 - 0x00007ff9a8a84000 	C:\WINDOWS\SYSTEM32\WINMM.dll
0x00007ff9a6e40000 - 0x00007ff9a6e4a000 	C:\WINDOWS\SYSTEM32\VERSION.dll
0x00007ff9afcd0000 - 0x00007ff9afce3000 	C:\WINDOWS\SYSTEM32\UMPDC.dll
0x00007ff9af470000 - 0x00007ff9af488000 	C:\WINDOWS\SYSTEM32\kernel.appcore.dll
0x00007ff9ac130000 - 0x00007ff9ac13a000 	c:\Users\Lenovo -pc\.vscode\extensions\redhat.java-1.35.1-win32-x64\jre\17.0.12-win32-x86_64\bin\jimage.dll
0x00007ff9adca0000 - 0x00007ff9aded2000 	C:\WINDOWS\SYSTEM32\DBGHELP.DLL
0x00007ff9b2d40000 - 0x00007ff9b30ce000 	C:\WINDOWS\System32\combase.dll
0x00007ff9b27e0000 - 0x00007ff9b28b7000 	C:\WINDOWS\System32\OLEAUT32.dll
0x00007ff999590000 - 0x00007ff9995c2000 	C:\WINDOWS\SYSTEM32\dbgcore.DLL
0x00007ff9b0490000 - 0x00007ff9b050b000 	C:\WINDOWS\System32\bcryptPrimitives.dll
0x00007ff9a0a30000 - 0x00007ff9a0a3e000 	c:\Users\Lenovo -pc\.vscode\extensions\redhat.java-1.35.1-win32-x64\jre\17.0.12-win32-x86_64\bin\instrument.dll
0x00007ff9a0a00000 - 0x00007ff9a0a25000 	c:\Users\Lenovo -pc\.vscode\extensions\redhat.java-1.35.1-win32-x64\jre\17.0.12-win32-x86_64\bin\java.dll
0x00007ff97fb70000 - 0x00007ff97fb88000 	c:\Users\Lenovo -pc\.vscode\extensions\redhat.java-1.35.1-win32-x64\jre\17.0.12-win32-x86_64\bin\zip.dll
0x00007ff9b1950000 - 0x00007ff9b21b9000 	C:\WINDOWS\System32\SHELL32.dll
0x00007ff9ae390000 - 0x00007ff9aec8f000 	C:\WINDOWS\SYSTEM32\windows.storage.dll
0x00007ff9ae250000 - 0x00007ff9ae38f000 	C:\WINDOWS\SYSTEM32\wintypes.dll
0x00007ff9b1560000 - 0x00007ff9b1659000 	C:\WINDOWS\System32\SHCORE.dll
0x00007ff9b1380000 - 0x00007ff9b13de000 	C:\WINDOWS\System32\shlwapi.dll
0x00007ff9b0350000 - 0x00007ff9b0377000 	C:\WINDOWS\SYSTEM32\profapi.dll
0x00007ff93b2c0000 - 0x00007ff93b2d9000 	C:\Users\Lenovo -pc\.vscode\extensions\redhat.java-1.35.1-win32-x64\jre\17.0.12-win32-x86_64\bin\net.dll
0x00007ff9ac8a0000 - 0x00007ff9ac9d6000 	C:\WINDOWS\SYSTEM32\WINHTTP.dll
0x00007ff9af8e0000 - 0x00007ff9af949000 	C:\WINDOWS\system32\mswsock.dll
0x00007ff93a3e0000 - 0x00007ff93a3f6000 	C:\Users\Lenovo -pc\.vscode\extensions\redhat.java-1.35.1-win32-x64\jre\17.0.12-win32-x86_64\bin\nio.dll
0x00007ff980de0000 - 0x00007ff980df0000 	c:\Users\Lenovo -pc\.vscode\extensions\redhat.java-1.35.1-win32-x64\jre\17.0.12-win32-x86_64\bin\verify.dll
0x00007ff937440000 - 0x00007ff937485000 	C:\Users\Lenovo -pc\AppData\Roaming\Code\User\globalStorage\redhat.java\1.35.1\config_win\org.eclipse.equinox.launcher\org.eclipse.equinox.launcher.win32.win32.x86_64_1.2.1100.v20240722-2106\eclipse_11904.dll
0x00007ff9b0e40000 - 0x00007ff9b0fe5000 	C:\WINDOWS\System32\ole32.dll
0x00007ff9afb30000 - 0x00007ff9afb4b000 	C:\WINDOWS\SYSTEM32\CRYPTSP.dll
0x00007ff9af3d0000 - 0x00007ff9af405000 	C:\WINDOWS\system32\rsaenh.dll
0x00007ff9af9d0000 - 0x00007ff9af9f8000 	C:\WINDOWS\SYSTEM32\USERENV.dll
0x00007ff9afb50000 - 0x00007ff9afb5c000 	C:\WINDOWS\SYSTEM32\CRYPTBASE.dll
0x00007ff9aef30000 - 0x00007ff9aef5d000 	C:\WINDOWS\SYSTEM32\IPHLPAPI.DLL
0x00007ff9b1770000 - 0x00007ff9b1779000 	C:\WINDOWS\System32\NSI.dll
0x00007ff9ac7c0000 - 0x00007ff9ac7d9000 	C:\WINDOWS\SYSTEM32\dhcpcsvc6.DLL
0x00007ff9ac7a0000 - 0x00007ff9ac7bf000 	C:\WINDOWS\SYSTEM32\dhcpcsvc.DLL
0x00007ff9aefb0000 - 0x00007ff9af0b2000 	C:\WINDOWS\SYSTEM32\DNSAPI.dll
0x00007ff93f890000 - 0x00007ff93f8d9000 	C:\Users\Lenovo -pc\AppData\Local\Temp\jna-1726588563\jna18353901495186599915.dll
0x00007ff9b1760000 - 0x00007ff9b1768000 	C:\WINDOWS\System32\PSAPI.DLL

dbghelp: loaded successfully - version: 4.0.5 - missing functions: none
symbol engine: initialized successfully - sym options: 0x614 - pdb path: .;c:\Users\Lenovo -pc\.vscode\extensions\redhat.java-1.35.1-win32-x64\jre\17.0.12-win32-x86_64\bin;C:\WINDOWS\SYSTEM32;C:\WINDOWS\WinSxS\amd64_microsoft.windows.common-controls_6595b64144ccf1df_6.0.22621.3672_none_2713b9d173822955;c:\Users\Lenovo -pc\.vscode\extensions\redhat.java-1.35.1-win32-x64\jre\17.0.12-win32-x86_64\bin\server;C:\Users\Lenovo -pc\AppData\Roaming\Code\User\globalStorage\redhat.java\1.35.1\config_win\org.eclipse.equinox.launcher\org.eclipse.equinox.launcher.win32.win32.x86_64_1.2.1100.v20240722-2106;C:\Users\Lenovo -pc\AppData\Local\Temp\jna-1726588563

VM Arguments:
jvm_args: --add-modules=ALL-SYSTEM --add-opens=java.base/java.util=ALL-UNNAMED --add-opens=java.base/java.lang=ALL-UNNAMED --add-opens=java.base/sun.nio.fs=ALL-UNNAMED -Declipse.application=org.eclipse.jdt.ls.core.id1 -Dosgi.bundles.defaultStartLevel=4 -Declipse.product=org.eclipse.jdt.ls.core.product -Djava.import.generatesMetadataFilesAtProjectRoot=false -DDetectVMInstallationsJob.disabled=true -Dfile.encoding=utf8 -XX:+UseParallelGC -XX:GCTimeRatio=4 -XX:AdaptiveSizePolicyWeight=90 -Dsun.zip.disableMemoryMapping=true -Xmx1G -Xms100m -Xlog:disable -javaagent:c:\Users\Lenovo -pc\.vscode\extensions\redhat.java-1.35.1-win32-x64\lombok\lombok-1.18.33.jar -XX:+HeapDumpOnOutOfMemoryError -XX:HeapDumpPath=c:\Users\Lenovo -pc\AppData\Roaming\Code\User\workspaceStorage\f4a9151d0c23d47ba8fff7671007197b\redhat.java -Daether.dependencyCollector.impl=bf 
java_command: c:\Users\Lenovo -pc\.vscode\extensions\redhat.java-1.35.1-win32-x64\server\plugins\org.eclipse.equinox.launcher_1.6.900.v20240613-2009.jar -configuration c:\Users\Lenovo -pc\AppData\Roaming\Code\User\globalStorage\redhat.java\1.35.1\config_win -data c:\Users\Lenovo -pc\AppData\Roaming\Code\User\workspaceStorage\f4a9151d0c23d47ba8fff7671007197b\redhat.java\jdt_ws --pipe=\\.\pipe\lsp-779caaf8f88a8c457aab04d6f8ce5430-sock
java_class_path (initial): c:\Users\Lenovo -pc\.vscode\extensions\redhat.java-1.35.1-win32-x64\server\plugins\org.eclipse.equinox.launcher_1.6.900.v20240613-2009.jar
Launcher Type: SUN_STANDARD

[Global flags]
    uintx AdaptiveSizePolicyWeight                 = 90                                        {product} {command line}
     intx CICompilerCount                          = 12                                        {product} {ergonomic}
    uintx GCTimeRatio                              = 4                                         {product} {command line}
     bool HeapDumpOnOutOfMemoryError               = true                                   {manageable} {command line}
    ccstr HeapDumpPath                             = c:\Users\Lenovo -pc\AppData\Roaming\Code\User\workspaceStorage\f4a9151d0c23d47ba8fff7671007197b\redhat.java         {manageable} {command line}
   size_t InitialHeapSize                          = 104857600                                 {product} {command line}
   size_t MaxHeapSize                              = 1073741824                                {product} {command line}
   size_t MaxNewSize                               = 357564416                                 {product} {ergonomic}
   size_t MinHeapDeltaBytes                        = 524288                                    {product} {ergonomic}
   size_t MinHeapSize                              = 104857600                                 {product} {command line}
   size_t NewSize                                  = 34603008                                  {product} {ergonomic}
    uintx NonNMethodCodeHeapSize                   = 7602480                                {pd product} {ergonomic}
    uintx NonProfiledCodeHeapSize                  = 122027880                              {pd product} {ergonomic}
   size_t OldSize                                  = 70254592                                  {product} {ergonomic}
    uintx ProfiledCodeHeapSize                     = 122027880                              {pd product} {ergonomic}
    uintx ReservedCodeCacheSize                    = 251658240                              {pd product} {ergonomic}
     bool SegmentedCodeCache                       = true                                      {product} {ergonomic}
   size_t SoftMaxHeapSize                          = 1073741824                             {manageable} {ergonomic}
     bool UseCompressedClassPointers               = true                           {product lp64_product} {ergonomic}
     bool UseCompressedOops                        = true                           {product lp64_product} {ergonomic}
     bool UseLargePagesIndividualAllocation        = false                                  {pd product} {ergonomic}
     bool UseParallelGC                            = true                                      {product} {command line}

Logging:
Log output configuration:
 #0: stdout all=off uptime,level,tags
 #1: stderr all=off uptime,level,tags

Environment Variables:
JAVA_HOME=C:\Program Files\Java\jdk-22
PATH=C:\Program Files\Common Files\Oracle\Java\javapath;C:\WINDOWS\system32;C:\WINDOWS;C:\WINDOWS\System32\Wbem;C:\WINDOWS\System32\WindowsPowerShell\v1.0\;C:\WINDOWS\System32\OpenSSH\;C:\maven\apache-maven-3.9.8\bin;C:\Program Files\nodejs\;C:\Program Files\MySQL\MySQL Shell 8.0\bin\;C:\Users\Lenovo -pc\AppData\Local\Microsoft\WindowsApps;C:\Users\Lenovo -pc\AppData\Local\Programs\Microsoft VS Code\bin;C:\Users\Lenovo -pc\AppData\Roaming\npm
USERNAME=Lenovo -pc
OS=Windows_NT
PROCESSOR_IDENTIFIER=AMD64 Family 23 Model 104 Stepping 1, AuthenticAMD
TMP=C:\Users\LENOVO~1\AppData\Local\Temp
TEMP=C:\Users\LENOVO~1\AppData\Local\Temp



Periodic native trim disabled


---------------  S Y S T E M  ---------------

OS:
 Windows 11 , 64 bit Build 22621 (10.0.22621.3958)
OS uptime: 2 days 21:15 hours

CPU: total 16 (initial active 16) (16 cores per cpu, 2 threads per core) family 23 model 104 stepping 1 microcode 0x0, cx8, cmov, fxsr, ht, mmx, 3dnowpref, sse, sse2, sse3, ssse3, sse4a, sse4.1, sse4.2, popcnt, lzcnt, tsc, tscinvbit, avx, avx2, aes, clmul, bmi1, bmi2, adx, sha, fma, vzeroupper, clflush, clflushopt
Processor Information for all 16 processors :
  Max Mhz: 1801, Current Mhz: 1801, Mhz Limit: 1801

Memory: 4k page, system-wide physical 15709M (4292M free)
TotalPageFile size 21853M (AvailPageFile size 4M)
current process WorkingSet (physical memory assigned to process): 440M, peak: 447M
current process commit charge ("private bytes"): 442M, peak: 963M

vm_info: OpenJDK 64-Bit Server VM (17.0.12+7) for windows-amd64 JRE (17.0.12+7), built on Jul 16 2024 22:08:24 by "admin" with MS VC++ 16.10 / 16.11 (VS2019)

END.
