#
# There is insufficient memory for the Java Runtime Environment to continue.
# Native memory allocation (malloc) failed to allocate 1586128 bytes. Error detail: Chunk::new
# Possible reasons:
#   The system is out of physical RAM or swap space
#   This process is running with CompressedOops enabled, and the Java Heap may be blocking the growth of the native heap
# Possible solutions:
#   Reduce memory load on the system
#   Increase physical memory or swap space
#   Check if swap backing store is full
#   Decrease Java heap size (-Xmx/-Xms)
#   Decrease number of Java threads
#   Decrease Java thread stack sizes (-Xss)
#   Set larger code cache with -XX:ReservedCodeCacheSize=
#   JVM is running with Unscaled Compressed Oops mode in which the Java heap is
#     placed in the first 4GB address space. The Java Heap base address is the
#     maximum limit for the native heap growth. Please use -XX:HeapBaseMinAddress
#     to set the Java Heap base and to place the Java Heap above 4GB virtual address.
# This output file may be truncated or incomplete.
#
#  Out of Memory Error (arena.cpp:191), pid=4564, tid=26568
#
# JRE version: OpenJDK Runtime Environment Temurin-17.0.12+7 (17.0.12+7) (build 17.0.12+7)
# Java VM: OpenJDK 64-Bit Server VM Temurin-17.0.12+7 (17.0.12+7, mixed mode, tiered, compressed oops, compressed class ptrs, parallel gc, windows-amd64)
# No core dump will be written. Minidumps are not enabled by default on client versions of Windows
#

---------------  S U M M A R Y ------------

Command Line: --add-modules=ALL-SYSTEM --add-opens=java.base/java.util=ALL-UNNAMED --add-opens=java.base/java.lang=ALL-UNNAMED --add-opens=java.base/sun.nio.fs=ALL-UNNAMED -Declipse.application=org.eclipse.jdt.ls.core.id1 -Dosgi.bundles.defaultStartLevel=4 -Declipse.product=org.eclipse.jdt.ls.core.product -Djava.import.generatesMetadataFilesAtProjectRoot=false -DDetectVMInstallationsJob.disabled=true -Dfile.encoding=utf8 -XX:+UseParallelGC -XX:GCTimeRatio=4 -XX:AdaptiveSizePolicyWeight=90 -Dsun.zip.disableMemoryMapping=true -Xmx1G -Xms100m -Xlog:disable -javaagent:c:\Users\Lenovo -pc\.vscode\extensions\redhat.java-1.35.1-win32-x64\lombok\lombok-1.18.33.jar -XX:+HeapDumpOnOutOfMemoryError -XX:HeapDumpPath=c:\Users\Lenovo -pc\AppData\Roaming\Code\User\workspaceStorage\614102d5c7a95f50522ef5ecb3225521\redhat.java -Daether.dependencyCollector.impl=bf c:\Users\Lenovo -pc\.vscode\extensions\redhat.java-1.35.1-win32-x64\server\plugins\org.eclipse.equinox.launcher_1.6.900.v20240613-2009.jar -configuration c:\Users\Lenovo -pc\AppData\Roaming\Code\User\globalStorage\redhat.java\1.35.1\config_win -data c:\Users\Lenovo -pc\AppData\Roaming\Code\User\workspaceStorage\614102d5c7a95f50522ef5ecb3225521\redhat.java\jdt_ws --pipe=\\.\pipe\lsp-a8e683935803b5650360de32f343a095-sock

Host: AMD Ryzen 7 5700U with Radeon Graphics         , 16 cores, 15G,  Windows 11 , 64 bit Build 22621 (10.0.22621.3958)
Time: Wed Oct 23 14:53:52 2024 Sri Lanka Standard Time elapsed time: 5.806278 seconds (0d 0h 0m 5s)

---------------  T H R E A D  ---------------

Current thread (0x00000254f7910040):  JavaThread "C2 CompilerThread3" daemon [_thread_in_native, id=26568, stack(0x000000b688800000,0x000000b688900000)]


Current CompileTask:
C2:   5806 4769       4       org.eclipse.osgi.internal.loader.BundleLoader::addExportedProvidersFor (167 bytes)

Stack: [0x000000b688800000,0x000000b688900000]
Native frames: (J=compiled Java code, j=interpreted, Vv=VM code, C=native code)
V  [jvm.dll+0x67f929]
V  [jvm.dll+0x8371ba]
V  [jvm.dll+0x838c7e]
V  [jvm.dll+0x8392e3]
V  [jvm.dll+0x24834f]
V  [jvm.dll+0xac9d4]
V  [jvm.dll+0xad01c]
V  [jvm.dll+0x3674a7]
V  [jvm.dll+0x33197a]
V  [jvm.dll+0x330e1a]
V  [jvm.dll+0x21a8b1]
V  [jvm.dll+0x219cf1]
V  [jvm.dll+0x1a58bd]
V  [jvm.dll+0x229a2d]
V  [jvm.dll+0x227bdc]
V  [jvm.dll+0x7ec1f7]
V  [jvm.dll+0x7e65dc]
V  [jvm.dll+0x67e7f7]
C  [ucrtbase.dll+0x29333]
C  [KERNEL32.DLL+0x1257d]
C  [ntdll.dll+0x5af08]


---------------  P R O C E S S  ---------------

Threads class SMR info:
_java_thread_list=0x00000254fbcbe590, length=51, elements={
0x00000254dbb3d0f0, 0x00000254ef9c4010, 0x00000254ef9c5280, 0x00000254f4bbbdf0,
0x00000254f4bbc2d0, 0x00000254f4bbe450, 0x00000254f4bc34e0, 0x00000254f4bc7e30,
0x00000254f4bcd960, 0x00000254f4bd7050, 0x00000254dbb9ec20, 0x00000254f4c45060,
0x00000254f6cb0ad0, 0x00000254f6cb0ff0, 0x00000254f6da4ca0, 0x00000254f7702b40,
0x00000254f77d43b0, 0x00000254f772c0a0, 0x00000254f76345d0, 0x00000254f77257e0,
0x00000254f787d3a0, 0x00000254f7865b30, 0x00000254f78632b0, 0x00000254f7866550,
0x00000254f7ded5a0, 0x00000254f7910590, 0x00000254f78641e0, 0x00000254f7866a60,
0x00000254f78637c0, 0x00000254f7910040, 0x00000254f790d070, 0x00000254f790db10,
0x00000254f7863cd0, 0x00000254f78646f0, 0x00000254f7866040, 0x00000254f7865110,
0x00000254f7865620, 0x00000254f86e8eb0, 0x00000254f86ebc40, 0x00000254f86ed590,
0x00000254f86e89a0, 0x00000254f86ee9d0, 0x00000254f86edaa0, 0x00000254f86eb220,
0x00000254f86eb730, 0x00000254f86e93c0, 0x00000254f86eeee0, 0x00000254f86ed080,
0x00000254f86e8490, 0x00000254f86edfb0, 0x00000254f86e98d0
}

Java Threads: ( => current thread )
  0x00000254dbb3d0f0 JavaThread "main" [_thread_in_Java, id=10344, stack(0x000000b685c00000,0x000000b685d00000)]
  0x00000254ef9c4010 JavaThread "Reference Handler" daemon [_thread_blocked, id=19604, stack(0x000000b685f00000,0x000000b686000000)]
  0x00000254ef9c5280 JavaThread "Finalizer" daemon [_thread_blocked, id=21072, stack(0x000000b686000000,0x000000b686100000)]
  0x00000254f4bbbdf0 JavaThread "Signal Dispatcher" daemon [_thread_blocked, id=2380, stack(0x000000b686100000,0x000000b686200000)]
  0x00000254f4bbc2d0 JavaThread "Attach Listener" daemon [_thread_blocked, id=2064, stack(0x000000b686200000,0x000000b686300000)]
  0x00000254f4bbe450 JavaThread "Service Thread" daemon [_thread_blocked, id=14452, stack(0x000000b686300000,0x000000b686400000)]
  0x00000254f4bc34e0 JavaThread "Monitor Deflation Thread" daemon [_thread_blocked, id=19184, stack(0x000000b686400000,0x000000b686500000)]
  0x00000254f4bc7e30 JavaThread "C2 CompilerThread0" daemon [_thread_in_native, id=12632, stack(0x000000b686500000,0x000000b686600000)]
  0x00000254f4bcd960 JavaThread "C1 CompilerThread0" daemon [_thread_blocked, id=26556, stack(0x000000b686600000,0x000000b686700000)]
  0x00000254f4bd7050 JavaThread "Sweeper thread" daemon [_thread_blocked, id=16872, stack(0x000000b686700000,0x000000b686800000)]
  0x00000254dbb9ec20 JavaThread "Common-Cleaner" daemon [_thread_blocked, id=11632, stack(0x000000b686800000,0x000000b686900000)]
  0x00000254f4c45060 JavaThread "C1 CompilerThread1" daemon [_thread_blocked, id=22728, stack(0x000000b686900000,0x000000b686a00000)]
  0x00000254f6cb0ad0 JavaThread "C1 CompilerThread2" daemon [_thread_blocked, id=8032, stack(0x000000b686c00000,0x000000b686d00000)]
  0x00000254f6cb0ff0 JavaThread "C1 CompilerThread3" daemon [_thread_blocked, id=9944, stack(0x000000b686d00000,0x000000b686e00000)]
  0x00000254f6da4ca0 JavaThread "Notification Thread" daemon [_thread_blocked, id=11204, stack(0x000000b686e00000,0x000000b686f00000)]
  0x00000254f7702b40 JavaThread "Active Thread: Equinox Container: 9a62dbf4-773a-4558-997e-ef32cc1461af" [_thread_blocked, id=22224, stack(0x000000b687500000,0x000000b687600000)]
  0x00000254f77d43b0 JavaThread "Framework Event Dispatcher: Equinox Container: 9a62dbf4-773a-4558-997e-ef32cc1461af" daemon [_thread_blocked, id=22460, stack(0x000000b687600000,0x000000b687700000)]
  0x00000254f772c0a0 JavaThread "Start Level: Equinox Container: 9a62dbf4-773a-4558-997e-ef32cc1461af" daemon [_thread_blocked, id=18824, stack(0x000000b687700000,0x000000b687800000)]
  0x00000254f76345d0 JavaThread "Bundle File Closer" daemon [_thread_blocked, id=18348, stack(0x000000b687a00000,0x000000b687b00000)]
  0x00000254f77257e0 JavaThread "SCR Component Actor" daemon [_thread_blocked, id=17724, stack(0x000000b687c00000,0x000000b687d00000)]
  0x00000254f787d3a0 JavaThread "SCR Component Registry" daemon [_thread_blocked, id=20280, stack(0x000000b687d00000,0x000000b687e00000)]
  0x00000254f7865b30 JavaThread "Worker-JM" [_thread_blocked, id=14216, stack(0x000000b688000000,0x000000b688100000)]
  0x00000254f78632b0 JavaThread "Worker-0: Repository registry initialization" [_thread_in_vm, id=9488, stack(0x000000b686a00000,0x000000b686b00000)]
  0x00000254f7866550 JavaThread "Worker-1: Updating Maven Dependencies" [_thread_blocked, id=11140, stack(0x000000b688200000,0x000000b688300000)]
  0x00000254f7ded5a0 JavaThread "C2 CompilerThread1" daemon [_thread_in_native, id=8696, stack(0x000000b688300000,0x000000b688400000)]
  0x00000254f7910590 JavaThread "C2 CompilerThread2" daemon [_thread_in_native, id=20304, stack(0x000000b688400000,0x000000b688500000)]
  0x00000254f78641e0 JavaThread "Java indexing" daemon [_thread_blocked, id=16096, stack(0x000000b688500000,0x000000b688600000)]
  0x00000254f7866a60 JavaThread "Worker-2" [_thread_blocked, id=14136, stack(0x000000b688600000,0x000000b688700000)]
  0x00000254f78637c0 JavaThread "Worker-3" [_thread_blocked, id=21336, stack(0x000000b688700000,0x000000b688800000)]
=>0x00000254f7910040 JavaThread "C2 CompilerThread3" daemon [_thread_in_native, id=26568, stack(0x000000b688800000,0x000000b688900000)]
  0x00000254f790d070 JavaThread "C2 CompilerThread4" daemon [_thread_in_native, id=3972, stack(0x000000b688900000,0x000000b688a00000)]
  0x00000254f790db10 JavaThread "C2 CompilerThread5" daemon [_thread_blocked, id=6260, stack(0x000000b688a00000,0x000000b688b00000)]
  0x00000254f7863cd0 JavaThread "JNA Cleaner" daemon [_thread_blocked, id=27436, stack(0x000000b688d00000,0x000000b688e00000)]
  0x00000254f78646f0 JavaThread "Thread-2" daemon [_thread_in_native, id=6760, stack(0x000000b688c00000,0x000000b688d00000)]
  0x00000254f7866040 JavaThread "Thread-3" daemon [_thread_in_native, id=7464, stack(0x000000b688e00000,0x000000b688f00000)]
  0x00000254f7865110 JavaThread "Thread-4" daemon [_thread_in_native, id=20060, stack(0x000000b688f00000,0x000000b689000000)]
  0x00000254f7865620 JavaThread "Thread-5" daemon [_thread_in_native, id=7628, stack(0x000000b689000000,0x000000b689100000)]
  0x00000254f86e8eb0 JavaThread "Thread-6" daemon [_thread_in_native, id=3152, stack(0x000000b689100000,0x000000b689200000)]
  0x00000254f86ebc40 JavaThread "Thread-7" daemon [_thread_in_native, id=24232, stack(0x000000b689200000,0x000000b689300000)]
  0x00000254f86ed590 JavaThread "Thread-8" daemon [_thread_in_native, id=21792, stack(0x000000b689300000,0x000000b689400000)]
  0x00000254f86e89a0 JavaThread "Thread-9" daemon [_thread_in_native, id=16708, stack(0x000000b689400000,0x000000b689500000)]
  0x00000254f86ee9d0 JavaThread "Thread-10" daemon [_thread_in_native, id=17200, stack(0x000000b689500000,0x000000b689600000)]
  0x00000254f86edaa0 JavaThread "Thread-11" daemon [_thread_in_native, id=18724, stack(0x000000b689600000,0x000000b689700000)]
  0x00000254f86eb220 JavaThread "Thread-12" daemon [_thread_in_native, id=25812, stack(0x000000b689700000,0x000000b689800000)]
  0x00000254f86eb730 JavaThread "Thread-13" daemon [_thread_in_native, id=17016, stack(0x000000b689800000,0x000000b689900000)]
  0x00000254f86e93c0 JavaThread "Thread-14" daemon [_thread_in_native, id=23576, stack(0x000000b689900000,0x000000b689a00000)]
  0x00000254f86eeee0 JavaThread "Thread-15" daemon [_thread_in_native, id=22028, stack(0x000000b689a00000,0x000000b689b00000)]
  0x00000254f86ed080 JavaThread "Thread-16" daemon [_thread_in_native, id=24800, stack(0x000000b689b00000,0x000000b689c00000)]
  0x00000254f86e8490 JavaThread "Thread-17" daemon [_thread_in_native, id=6192, stack(0x000000b689c00000,0x000000b689d00000)]
  0x00000254f86edfb0 JavaThread "Thread-18" daemon [_thread_in_native, id=23412, stack(0x000000b689d00000,0x000000b689e00000)]
  0x00000254f86e98d0 JavaThread "pool-2-thread-1" [_thread_blocked, id=4212, stack(0x000000b689e00000,0x000000b689f00000)]

Other Threads:
  0x00000254ef9b21f0 VMThread "VM Thread" [stack: 0x000000b685e00000,0x000000b685f00000] [id=6776] _threads_hazard_ptr=0x00000254fbcbe590
  0x00000254f6da5180 WatcherThread [stack: 0x000000b686f00000,0x000000b687000000] [id=24356]
  0x00000254dbb50760 GCTaskThread "GC Thread#0" [stack: 0x000000b685d00000,0x000000b685e00000] [id=24608]
  0x00000254f751f900 GCTaskThread "GC Thread#1" [stack: 0x000000b687000000,0x000000b687100000] [id=6852]
  0x00000254f751fbc0 GCTaskThread "GC Thread#2" [stack: 0x000000b687100000,0x000000b687200000] [id=16620]
  0x00000254f750a0d0 GCTaskThread "GC Thread#3" [stack: 0x000000b687200000,0x000000b687300000] [id=27060]
  0x00000254f750a390 GCTaskThread "GC Thread#4" [stack: 0x000000b687300000,0x000000b687400000] [id=4644]
  0x00000254f750a650 GCTaskThread "GC Thread#5" [stack: 0x000000b687400000,0x000000b687500000] [id=3220]
  0x00000254f7972fb0 GCTaskThread "GC Thread#6" [stack: 0x000000b687800000,0x000000b687900000] [id=14692]
  0x00000254f76c7210 GCTaskThread "GC Thread#7" [stack: 0x000000b687900000,0x000000b687a00000] [id=24680]
  0x00000254f7862d90 GCTaskThread "GC Thread#8" [stack: 0x000000b687b00000,0x000000b687c00000] [id=6568]
  0x00000254f7e796c0 GCTaskThread "GC Thread#9" [stack: 0x000000b686b00000,0x000000b686c00000] [id=21684]
  0x00000254f7e6bc10 GCTaskThread "GC Thread#10" [stack: 0x000000b687e00000,0x000000b687f00000] [id=17292]
  0x00000254f7e6c6e0 GCTaskThread "GC Thread#11" [stack: 0x000000b687f00000,0x000000b688000000] [id=7988]
  0x00000254f7e68330 GCTaskThread "GC Thread#12" [stack: 0x000000b688100000,0x000000b688200000] [id=9308]

Threads with active compile tasks:
C2 CompilerThread0     5839 4668   !   4       org.eclipse.osgi.internal.loader.classpath.ClasspathManager::findLocalClass (210 bytes)
C2 CompilerThread2     5839 4895   !   4       org.eclipse.osgi.internal.loader.classpath.ClasspathManager::defineClass (636 bytes)
C2 CompilerThread3     5839 4769       4       org.eclipse.osgi.internal.loader.BundleLoader::addExportedProvidersFor (167 bytes)
C2 CompilerThread4     5839 4844   !   4       org.eclipse.osgi.internal.loader.BundleLoader::findClass0 (470 bytes)

VM state: not at safepoint (normal execution)

VM Mutex/Monitor currently owned by a thread: None

Heap address: 0x00000000c0000000, size: 1024 MB, Compressed Oops mode: 32-bit

CDS archive(s) not mapped
Compressed class space mapped at: 0x0000000100000000-0x0000000140000000, reserved size: 1073741824
Narrow klass base: 0x0000000000000000, Narrow klass shift: 3, Narrow klass range: 0x140000000

GC Precious Log:
 CPUs: 16 total, 16 available
 Memory: 15709M
 Large Page Support: Disabled
 NUMA Support: Disabled
 Compressed Oops: Enabled (32-bit)
 Alignments: Space 512K, Generation 512K, Heap 2M
 Heap Min Capacity: 100M
 Heap Initial Capacity: 100M
 Heap Max Capacity: 1G
 Pre-touch: Disabled
 Parallel Workers: 13

Heap:
 PSYoungGen      total 23040K, used 9011K [0x00000000eab00000, 0x00000000ec680000, 0x0000000100000000)
  eden space 22016K, 37% used [0x00000000eab00000,0x00000000eb304c08,0x00000000ec080000)
  from space 1024K, 78% used [0x00000000ec380000,0x00000000ec448000,0x00000000ec480000)
  to   space 1536K, 0% used [0x00000000ec500000,0x00000000ec500000,0x00000000ec680000)
 ParOldGen       total 68608K, used 16745K [0x00000000c0000000, 0x00000000c4300000, 0x00000000eab00000)
  object space 68608K, 24% used [0x00000000c0000000,0x00000000c105a710,0x00000000c4300000)
 Metaspace       used 43625K, committed 44544K, reserved 1114112K
  class space    used 4534K, committed 4928K, reserved 1048576K

Card table byte_map: [0x00000254db4d0000,0x00000254db6e0000] _byte_map_base: 0x00000254daed0000

Marking Bits: (ParMarkBitMap*) 0x00007ff91a9f58b0
 Begin Bits: [0x00000254ed7d0000, 0x00000254ee7d0000)
 End Bits:   [0x00000254ee7d0000, 0x00000254ef7d0000)

Polling page: 0x00000254d9aa0000

Metaspace:

Usage:
  Non-class:     38.18 MB used.
      Class:      4.43 MB used.
       Both:     42.60 MB used.

Virtual space:
  Non-class space:       64.00 MB reserved,      38.69 MB ( 60%) committed,  1 nodes.
      Class space:        1.00 GB reserved,       4.81 MB ( <1%) committed,  1 nodes.
             Both:        1.06 GB reserved,      43.50 MB (  4%) committed. 

Chunk freelists:
   Non-Class:  9.16 MB
       Class:  11.17 MB
        Both:  20.33 MB

MaxMetaspaceSize: unlimited
CompressedClassSpaceSize: 1.00 GB
Initial GC threshold: 21.00 MB
Current GC threshold: 58.38 MB
CDS: off
MetaspaceReclaimPolicy: balanced
 - commit_granule_bytes: 65536.
 - commit_granule_words: 8192.
 - virtual_space_node_default_size: 8388608.
 - enlarge_chunks_in_place: 1.
 - new_chunks_are_fully_committed: 0.
 - uncommit_free_chunks: 1.
 - use_allocation_guard: 0.
 - handle_deallocations: 1.


Internal statistics:

num_allocs_failed_limit: 6.
num_arena_births: 512.
num_arena_deaths: 26.
num_vsnodes_births: 2.
num_vsnodes_deaths: 0.
num_space_committed: 696.
num_space_uncommitted: 0.
num_chunks_returned_to_freelist: 35.
num_chunks_taken_from_freelist: 2041.
num_chunk_merges: 6.
num_chunk_splits: 1260.
num_chunks_enlarged: 775.
num_inconsistent_stats: 0.

CodeHeap 'non-profiled nmethods': size=119168Kb used=2509Kb max_used=2509Kb free=116658Kb
 bounds [0x00000254e6370000, 0x00000254e65f0000, 0x00000254ed7d0000]
CodeHeap 'profiled nmethods': size=119104Kb used=10875Kb max_used=10875Kb free=108228Kb
 bounds [0x00000254de7d0000, 0x00000254df270000, 0x00000254e5c20000]
CodeHeap 'non-nmethods': size=7488Kb used=2972Kb max_used=3040Kb free=4515Kb
 bounds [0x00000254e5c20000, 0x00000254e5f30000, 0x00000254e6370000]
 total_blobs=5507 nmethods=4904 adapters=513
 compilation: enabled
              stopped_count=0, restarted_count=0
 full_count=0

Compilation events (20 events):
Event: 5.761 Thread 0x00000254f4c45060 nmethod 4898 0x00000254df269410 code [0x00000254df2695e0, 0x00000254df2698a8]
Event: 5.762 Thread 0x00000254f6cb0ad0 nmethod 4899 0x00000254df269990 code [0x00000254df269c40, 0x00000254df26aa28]
Event: 5.781 Thread 0x00000254f4c45060 4900       3       com.google.inject.internal.Errors::size (27 bytes)
Event: 5.781 Thread 0x00000254f6cb0ff0 4901       3       com.google.inject.internal.Nullability::hasNullableAnnotation (49 bytes)
Event: 5.781 Thread 0x00000254f4c45060 nmethod 4900 0x00000254df26af10 code [0x00000254df26b0c0, 0x00000254df26b2e8]
Event: 5.782 Thread 0x00000254f6cb0ff0 nmethod 4901 0x00000254df26b410 code [0x00000254df26b5e0, 0x00000254df26b948]
Event: 5.786 Thread 0x00000254f6cb0ad0 4902       3       jdk.internal.jimage.ImageLocation::getAttribute (44 bytes)
Event: 5.787 Thread 0x00000254f6cb0ad0 nmethod 4902 0x00000254df26bb10 code [0x00000254df26bd40, 0x00000254df26c3f8]
Event: 5.787 Thread 0x00000254f4bcd960 4903  s    3       java.io.ByteArrayOutputStream::toByteArray (12 bytes)
Event: 5.788 Thread 0x00000254f4bcd960 nmethod 4903 0x00000254df26c690 code [0x00000254df26c840, 0x00000254df26ca28]
Event: 5.791 Thread 0x00000254f4c45060 4904       3       java.lang.reflect.ProxyGenerator$ProxyMethod::emitIconstInsn (75 bytes)
Event: 5.792 Thread 0x00000254f4c45060 nmethod 4904 0x00000254df26cb10 code [0x00000254df26cd40, 0x00000254df26d5f8]
Event: 5.793 Thread 0x00000254f4c45060 4905       3       jdk.internal.org.objectweb.asm.Label::getCanonicalInstance (19 bytes)
Event: 5.794 Thread 0x00000254f4c45060 nmethod 4905 0x00000254df26d810 code [0x00000254df26d9a0, 0x00000254df26db18]
Event: 5.796 Thread 0x00000254f4c45060 4906       1       java.util.stream.ForEachOps$ForEachOp::get (2 bytes)
Event: 5.796 Thread 0x00000254f4c45060 nmethod 4906 0x00000254e65d3490 code [0x00000254e65d3620, 0x00000254e65d36f8]
Event: 5.797 Thread 0x00000254f4c45060 4907       3       com.google.inject.internal.ProviderInstanceBindingImpl::<init> (23 bytes)
Event: 5.797 Thread 0x00000254f4c45060 nmethod 4907 0x00000254df26dc10 code [0x00000254df26ddc0, 0x00000254df26e068]
Event: 5.801 Thread 0x00000254f4bcd960 4908       1       java.util.AbstractMap$SimpleEntry::getValue (5 bytes)
Event: 5.801 Thread 0x00000254f4bcd960 nmethod 4908 0x00000254e65d3790 code [0x00000254e65d3920, 0x00000254e65d39f8]

GC Heap History (20 events):
Event: 2.414 GC heap before
{Heap before GC invocations=6 (full 1):
 PSYoungGen      total 29696K, used 4093K [0x00000000eab00000, 0x00000000ece00000, 0x0000000100000000)
  eden space 25600K, 0% used [0x00000000eab00000,0x00000000eab00000,0x00000000ec400000)
  from space 4096K, 99% used [0x00000000ec400000,0x00000000ec7ff748,0x00000000ec800000)
  to   space 5120K, 0% used [0x00000000ec900000,0x00000000ec900000,0x00000000ece00000)
 ParOldGen       total 68608K, used 6992K [0x00000000c0000000, 0x00000000c4300000, 0x00000000eab00000)
  object space 68608K, 10% used [0x00000000c0000000,0x00000000c06d4208,0x00000000c4300000)
 Metaspace       used 21147K, committed 21504K, reserved 1114112K
  class space    used 2104K, committed 2304K, reserved 1048576K
}
Event: 2.439 GC heap after
{Heap after GC invocations=6 (full 1):
 PSYoungGen      total 29696K, used 0K [0x00000000eab00000, 0x00000000ece00000, 0x0000000100000000)
  eden space 25600K, 0% used [0x00000000eab00000,0x00000000eab00000,0x00000000ec400000)
  from space 4096K, 0% used [0x00000000ec400000,0x00000000ec400000,0x00000000ec800000)
  to   space 5120K, 0% used [0x00000000ec900000,0x00000000ec900000,0x00000000ece00000)
 ParOldGen       total 68608K, used 10756K [0x00000000c0000000, 0x00000000c4300000, 0x00000000eab00000)
  object space 68608K, 15% used [0x00000000c0000000,0x00000000c0a81350,0x00000000c4300000)
 Metaspace       used 21147K, committed 21504K, reserved 1114112K
  class space    used 2104K, committed 2304K, reserved 1048576K
}
Event: 2.830 GC heap before
{Heap before GC invocations=7 (full 1):
 PSYoungGen      total 29696K, used 25600K [0x00000000eab00000, 0x00000000ece00000, 0x0000000100000000)
  eden space 25600K, 100% used [0x00000000eab00000,0x00000000ec400000,0x00000000ec400000)
  from space 4096K, 0% used [0x00000000ec400000,0x00000000ec400000,0x00000000ec800000)
  to   space 5120K, 0% used [0x00000000ec900000,0x00000000ec900000,0x00000000ece00000)
 ParOldGen       total 68608K, used 10756K [0x00000000c0000000, 0x00000000c4300000, 0x00000000eab00000)
  object space 68608K, 15% used [0x00000000c0000000,0x00000000c0a81350,0x00000000c4300000)
 Metaspace       used 24306K, committed 24896K, reserved 1114112K
  class space    used 2433K, committed 2688K, reserved 1048576K
}
Event: 2.833 GC heap after
{Heap after GC invocations=7 (full 1):
 PSYoungGen      total 26624K, used 1447K [0x00000000eab00000, 0x00000000eca80000, 0x0000000100000000)
  eden space 25088K, 0% used [0x00000000eab00000,0x00000000eab00000,0x00000000ec380000)
  from space 1536K, 94% used [0x00000000ec900000,0x00000000eca69eb8,0x00000000eca80000)
  to   space 3072K, 0% used [0x00000000ec480000,0x00000000ec480000,0x00000000ec780000)
 ParOldGen       total 68608K, used 10764K [0x00000000c0000000, 0x00000000c4300000, 0x00000000eab00000)
  object space 68608K, 15% used [0x00000000c0000000,0x00000000c0a83350,0x00000000c4300000)
 Metaspace       used 24306K, committed 24896K, reserved 1114112K
  class space    used 2433K, committed 2688K, reserved 1048576K
}
Event: 3.173 GC heap before
{Heap before GC invocations=8 (full 1):
 PSYoungGen      total 26624K, used 26535K [0x00000000eab00000, 0x00000000eca80000, 0x0000000100000000)
  eden space 25088K, 100% used [0x00000000eab00000,0x00000000ec380000,0x00000000ec380000)
  from space 1536K, 94% used [0x00000000ec900000,0x00000000eca69eb8,0x00000000eca80000)
  to   space 3072K, 0% used [0x00000000ec480000,0x00000000ec480000,0x00000000ec780000)
 ParOldGen       total 68608K, used 10764K [0x00000000c0000000, 0x00000000c4300000, 0x00000000eab00000)
  object space 68608K, 15% used [0x00000000c0000000,0x00000000c0a83350,0x00000000c4300000)
 Metaspace       used 27356K, committed 27968K, reserved 1114112K
  class space    used 2747K, committed 3008K, reserved 1048576K
}
Event: 3.175 GC heap after
{Heap after GC invocations=8 (full 1):
 PSYoungGen      total 27648K, used 3043K [0x00000000eab00000, 0x00000000ecd00000, 0x0000000100000000)
  eden space 24576K, 0% used [0x00000000eab00000,0x00000000eab00000,0x00000000ec300000)
  from space 3072K, 99% used [0x00000000ec480000,0x00000000ec778c60,0x00000000ec780000)
  to   space 5120K, 0% used [0x00000000ec800000,0x00000000ec800000,0x00000000ecd00000)
 ParOldGen       total 68608K, used 11978K [0x00000000c0000000, 0x00000000c4300000, 0x00000000eab00000)
  object space 68608K, 17% used [0x00000000c0000000,0x00000000c0bb2810,0x00000000c4300000)
 Metaspace       used 27356K, committed 27968K, reserved 1114112K
  class space    used 2747K, committed 3008K, reserved 1048576K
}
Event: 3.412 GC heap before
{Heap before GC invocations=9 (full 1):
 PSYoungGen      total 27648K, used 27619K [0x00000000eab00000, 0x00000000ecd00000, 0x0000000100000000)
  eden space 24576K, 100% used [0x00000000eab00000,0x00000000ec300000,0x00000000ec300000)
  from space 3072K, 99% used [0x00000000ec480000,0x00000000ec778c60,0x00000000ec780000)
  to   space 5120K, 0% used [0x00000000ec800000,0x00000000ec800000,0x00000000ecd00000)
 ParOldGen       total 68608K, used 11978K [0x00000000c0000000, 0x00000000c4300000, 0x00000000eab00000)
  object space 68608K, 17% used [0x00000000c0000000,0x00000000c0bb2810,0x00000000c4300000)
 Metaspace       used 29977K, committed 30592K, reserved 1114112K
  class space    used 2919K, committed 3200K, reserved 1048576K
}
Event: 3.414 GC heap after
{Heap after GC invocations=9 (full 1):
 PSYoungGen      total 27136K, used 3031K [0x00000000eab00000, 0x00000000ecb00000, 0x0000000100000000)
  eden space 24064K, 0% used [0x00000000eab00000,0x00000000eab00000,0x00000000ec280000)
  from space 3072K, 98% used [0x00000000ec800000,0x00000000ecaf5ee0,0x00000000ecb00000)
  to   space 3584K, 0% used [0x00000000ec400000,0x00000000ec400000,0x00000000ec780000)
 ParOldGen       total 68608K, used 11986K [0x00000000c0000000, 0x00000000c4300000, 0x00000000eab00000)
  object space 68608K, 17% used [0x00000000c0000000,0x00000000c0bb4810,0x00000000c4300000)
 Metaspace       used 29977K, committed 30592K, reserved 1114112K
  class space    used 2919K, committed 3200K, reserved 1048576K
}
Event: 3.748 GC heap before
{Heap before GC invocations=10 (full 1):
 PSYoungGen      total 27136K, used 27095K [0x00000000eab00000, 0x00000000ecb00000, 0x0000000100000000)
  eden space 24064K, 100% used [0x00000000eab00000,0x00000000ec280000,0x00000000ec280000)
  from space 3072K, 98% used [0x00000000ec800000,0x00000000ecaf5ee0,0x00000000ecb00000)
  to   space 3584K, 0% used [0x00000000ec400000,0x00000000ec400000,0x00000000ec780000)
 ParOldGen       total 68608K, used 11986K [0x00000000c0000000, 0x00000000c4300000, 0x00000000eab00000)
  object space 68608K, 17% used [0x00000000c0000000,0x00000000c0bb4810,0x00000000c4300000)
 Metaspace       used 31812K, committed 32384K, reserved 1114112K
  class space    used 3061K, committed 3328K, reserved 1048576K
}
Event: 3.751 GC heap after
{Heap after GC invocations=10 (full 1):
 PSYoungGen      total 27136K, used 3570K [0x00000000eab00000, 0x00000000ecc00000, 0x0000000100000000)
  eden space 23552K, 0% used [0x00000000eab00000,0x00000000eab00000,0x00000000ec200000)
  from space 3584K, 99% used [0x00000000ec400000,0x00000000ec77c820,0x00000000ec780000)
  to   space 4608K, 0% used [0x00000000ec780000,0x00000000ec780000,0x00000000ecc00000)
 ParOldGen       total 68608K, used 13196K [0x00000000c0000000, 0x00000000c4300000, 0x00000000eab00000)
  object space 68608K, 19% used [0x00000000c0000000,0x00000000c0ce3200,0x00000000c4300000)
 Metaspace       used 31812K, committed 32384K, reserved 1114112K
  class space    used 3061K, committed 3328K, reserved 1048576K
}
Event: 4.302 GC heap before
{Heap before GC invocations=11 (full 1):
 PSYoungGen      total 27136K, used 26609K [0x00000000eab00000, 0x00000000ecc00000, 0x0000000100000000)
  eden space 23552K, 97% used [0x00000000eab00000,0x00000000ec17fdc0,0x00000000ec200000)
  from space 3584K, 99% used [0x00000000ec400000,0x00000000ec77c820,0x00000000ec780000)
  to   space 4608K, 0% used [0x00000000ec780000,0x00000000ec780000,0x00000000ecc00000)
 ParOldGen       total 68608K, used 13196K [0x00000000c0000000, 0x00000000c4300000, 0x00000000eab00000)
  object space 68608K, 19% used [0x00000000c0000000,0x00000000c0ce3200,0x00000000c4300000)
 Metaspace       used 35098K, committed 35840K, reserved 1114112K
  class space    used 3433K, committed 3776K, reserved 1048576K
}
Event: 4.306 GC heap after
{Heap after GC invocations=11 (full 1):
 PSYoungGen      total 27136K, used 3098K [0x00000000eab00000, 0x00000000ecb00000, 0x0000000100000000)
  eden space 23552K, 0% used [0x00000000eab00000,0x00000000eab00000,0x00000000ec200000)
  from space 3584K, 86% used [0x00000000ec780000,0x00000000eca86ab8,0x00000000ecb00000)
  to   space 4096K, 0% used [0x00000000ec300000,0x00000000ec300000,0x00000000ec700000)
 ParOldGen       total 68608K, used 14884K [0x00000000c0000000, 0x00000000c4300000, 0x00000000eab00000)
  object space 68608K, 21% used [0x00000000c0000000,0x00000000c0e89180,0x00000000c4300000)
 Metaspace       used 35098K, committed 35840K, reserved 1114112K
  class space    used 3433K, committed 3776K, reserved 1048576K
}
Event: 4.306 GC heap before
{Heap before GC invocations=12 (full 2):
 PSYoungGen      total 27136K, used 3098K [0x00000000eab00000, 0x00000000ecb00000, 0x0000000100000000)
  eden space 23552K, 0% used [0x00000000eab00000,0x00000000eab00000,0x00000000ec200000)
  from space 3584K, 86% used [0x00000000ec780000,0x00000000eca86ab8,0x00000000ecb00000)
  to   space 4096K, 0% used [0x00000000ec300000,0x00000000ec300000,0x00000000ec700000)
 ParOldGen       total 68608K, used 14884K [0x00000000c0000000, 0x00000000c4300000, 0x00000000eab00000)
  object space 68608K, 21% used [0x00000000c0000000,0x00000000c0e89180,0x00000000c4300000)
 Metaspace       used 35098K, committed 35840K, reserved 1114112K
  class space    used 3433K, committed 3776K, reserved 1048576K
}
Event: 4.344 GC heap after
{Heap after GC invocations=12 (full 2):
 PSYoungGen      total 27136K, used 0K [0x00000000eab00000, 0x00000000ecb00000, 0x0000000100000000)
  eden space 23552K, 0% used [0x00000000eab00000,0x00000000eab00000,0x00000000ec200000)
  from space 3584K, 0% used [0x00000000ec780000,0x00000000ec780000,0x00000000ecb00000)
  to   space 4096K, 0% used [0x00000000ec300000,0x00000000ec300000,0x00000000ec700000)
 ParOldGen       total 68608K, used 14899K [0x00000000c0000000, 0x00000000c4300000, 0x00000000eab00000)
  object space 68608K, 21% used [0x00000000c0000000,0x00000000c0e8ccf0,0x00000000c4300000)
 Metaspace       used 35074K, committed 35840K, reserved 1114112K
  class space    used 3427K, committed 3776K, reserved 1048576K
}
Event: 4.861 GC heap before
{Heap before GC invocations=13 (full 2):
 PSYoungGen      total 27136K, used 23552K [0x00000000eab00000, 0x00000000ecb00000, 0x0000000100000000)
  eden space 23552K, 100% used [0x00000000eab00000,0x00000000ec200000,0x00000000ec200000)
  from space 3584K, 0% used [0x00000000ec780000,0x00000000ec780000,0x00000000ecb00000)
  to   space 4096K, 0% used [0x00000000ec300000,0x00000000ec300000,0x00000000ec700000)
 ParOldGen       total 68608K, used 14899K [0x00000000c0000000, 0x00000000c4300000, 0x00000000eab00000)
  object space 68608K, 21% used [0x00000000c0000000,0x00000000c0e8ccf0,0x00000000c4300000)
 Metaspace       used 38365K, committed 39104K, reserved 1114112K
  class space    used 3864K, committed 4160K, reserved 1048576K
}
Event: 4.863 GC heap after
{Heap after GC invocations=13 (full 2):
 PSYoungGen      total 24064K, used 934K [0x00000000eab00000, 0x00000000ec800000, 0x0000000100000000)
  eden space 23040K, 0% used [0x00000000eab00000,0x00000000eab00000,0x00000000ec180000)
  from space 1024K, 91% used [0x00000000ec300000,0x00000000ec3e9b48,0x00000000ec400000)
  to   space 2048K, 0% used [0x00000000ec600000,0x00000000ec600000,0x00000000ec800000)
 ParOldGen       total 68608K, used 14907K [0x00000000c0000000, 0x00000000c4300000, 0x00000000eab00000)
  object space 68608K, 21% used [0x00000000c0000000,0x00000000c0e8ecf0,0x00000000c4300000)
 Metaspace       used 38365K, committed 39104K, reserved 1114112K
  class space    used 3864K, committed 4160K, reserved 1048576K
}
Event: 5.318 GC heap before
{Heap before GC invocations=14 (full 2):
 PSYoungGen      total 24064K, used 23974K [0x00000000eab00000, 0x00000000ec800000, 0x0000000100000000)
  eden space 23040K, 99% used [0x00000000eab00000,0x00000000ec17fe38,0x00000000ec180000)
  from space 1024K, 91% used [0x00000000ec300000,0x00000000ec3e9b48,0x00000000ec400000)
  to   space 2048K, 0% used [0x00000000ec600000,0x00000000ec600000,0x00000000ec800000)
 ParOldGen       total 68608K, used 14907K [0x00000000c0000000, 0x00000000c4300000, 0x00000000eab00000)
  object space 68608K, 21% used [0x00000000c0000000,0x00000000c0e8ecf0,0x00000000c4300000)
 Metaspace       used 40494K, committed 41344K, reserved 1114112K
  class space    used 4107K, committed 4480K, reserved 1048576K
}
Event: 5.320 GC heap after
{Heap after GC invocations=14 (full 2):
 PSYoungGen      total 24064K, used 1429K [0x00000000eab00000, 0x00000000ec780000, 0x0000000100000000)
  eden space 22528K, 0% used [0x00000000eab00000,0x00000000eab00000,0x00000000ec100000)
  from space 1536K, 93% used [0x00000000ec600000,0x00000000ec765550,0x00000000ec780000)
  to   space 2048K, 0% used [0x00000000ec380000,0x00000000ec380000,0x00000000ec580000)
 ParOldGen       total 68608K, used 15587K [0x00000000c0000000, 0x00000000c4300000, 0x00000000eab00000)
  object space 68608K, 22% used [0x00000000c0000000,0x00000000c0f38fc0,0x00000000c4300000)
 Metaspace       used 40494K, committed 41344K, reserved 1114112K
  class space    used 4107K, committed 4480K, reserved 1048576K
}
Event: 5.679 GC heap before
{Heap before GC invocations=15 (full 2):
 PSYoungGen      total 24064K, used 23957K [0x00000000eab00000, 0x00000000ec780000, 0x0000000100000000)
  eden space 22528K, 100% used [0x00000000eab00000,0x00000000ec100000,0x00000000ec100000)
  from space 1536K, 93% used [0x00000000ec600000,0x00000000ec765550,0x00000000ec780000)
  to   space 2048K, 0% used [0x00000000ec380000,0x00000000ec380000,0x00000000ec580000)
 ParOldGen       total 68608K, used 15587K [0x00000000c0000000, 0x00000000c4300000, 0x00000000eab00000)
  object space 68608K, 22% used [0x00000000c0000000,0x00000000c0f38fc0,0x00000000c4300000)
 Metaspace       used 42673K, committed 43456K, reserved 1114112K
  class space    used 4404K, committed 4736K, reserved 1048576K
}
Event: 5.682 GC heap after
{Heap after GC invocations=15 (full 2):
 PSYoungGen      total 23040K, used 800K [0x00000000eab00000, 0x00000000ec680000, 0x0000000100000000)
  eden space 22016K, 0% used [0x00000000eab00000,0x00000000eab00000,0x00000000ec080000)
  from space 1024K, 78% used [0x00000000ec380000,0x00000000ec448000,0x00000000ec480000)
  to   space 1536K, 0% used [0x00000000ec500000,0x00000000ec500000,0x00000000ec680000)
 ParOldGen       total 68608K, used 16745K [0x00000000c0000000, 0x00000000c4300000, 0x00000000eab00000)
  object space 68608K, 24% used [0x00000000c0000000,0x00000000c105a710,0x00000000c4300000)
 Metaspace       used 42673K, committed 43456K, reserved 1114112K
  class space    used 4404K, committed 4736K, reserved 1048576K
}

Dll operation events (12 events):
Event: 0.015 Loaded shared library c:\Users\Lenovo -pc\.vscode\extensions\redhat.java-1.35.1-win32-x64\jre\17.0.12-win32-x86_64\bin\java.dll
Event: 0.174 Loaded shared library c:\Users\Lenovo -pc\.vscode\extensions\redhat.java-1.35.1-win32-x64\jre\17.0.12-win32-x86_64\bin\zip.dll
Event: 0.179 Loaded shared library C:\Users\Lenovo -pc\.vscode\extensions\redhat.java-1.35.1-win32-x64\jre\17.0.12-win32-x86_64\bin\instrument.dll
Event: 0.192 Loaded shared library C:\Users\Lenovo -pc\.vscode\extensions\redhat.java-1.35.1-win32-x64\jre\17.0.12-win32-x86_64\bin\net.dll
Event: 0.196 Loaded shared library C:\Users\Lenovo -pc\.vscode\extensions\redhat.java-1.35.1-win32-x64\jre\17.0.12-win32-x86_64\bin\nio.dll
Event: 0.204 Loaded shared library C:\Users\Lenovo -pc\.vscode\extensions\redhat.java-1.35.1-win32-x64\jre\17.0.12-win32-x86_64\bin\zip.dll
Event: 0.225 Loaded shared library C:\Users\Lenovo -pc\.vscode\extensions\redhat.java-1.35.1-win32-x64\jre\17.0.12-win32-x86_64\bin\jimage.dll
Event: 0.309 Loaded shared library c:\Users\Lenovo -pc\.vscode\extensions\redhat.java-1.35.1-win32-x64\jre\17.0.12-win32-x86_64\bin\verify.dll
Event: 1.378 Loaded shared library C:\Users\Lenovo -pc\AppData\Roaming\Code\User\globalStorage\redhat.java\1.35.1\config_win\org.eclipse.equinox.launcher\org.eclipse.equinox.launcher.win32.win32.x86_64_1.2.1100.v20240722-2106\eclipse_11904.dll
Event: 4.186 Loaded shared library C:\Users\Lenovo -pc\.vscode\extensions\redhat.java-1.35.1-win32-x64\jre\17.0.12-win32-x86_64\bin\management.dll
Event: 4.191 Loaded shared library C:\Users\Lenovo -pc\.vscode\extensions\redhat.java-1.35.1-win32-x64\jre\17.0.12-win32-x86_64\bin\management_ext.dll
Event: 4.812 Loaded shared library C:\Users\Lenovo -pc\AppData\Local\Temp\jna-1726588563\jna13102327116826695810.dll

Deoptimization events (20 events):
Event: 5.081 Thread 0x00000254f772c0a0 DEOPT PACKING pc=0x00000254dec603dc sp=0x000000b6877fd8b0
Event: 5.081 Thread 0x00000254f772c0a0 DEOPT UNPACKING pc=0x00000254e5c76e43 sp=0x000000b6877fce00 mode 0
Event: 5.106 Thread 0x00000254f78632b0 Uncommon trap: trap_request=0xffffff45 fr.pc=0x00000254e6570b80 relative=0x0000000000001820
Event: 5.106 Thread 0x00000254f78632b0 Uncommon trap: reason=unstable_if action=reinterpret pc=0x00000254e6570b80 method=sun.nio.cs.StreamDecoder.implRead([CII)I @ 197 c2
Event: 5.106 Thread 0x00000254f78632b0 DEOPT PACKING pc=0x00000254e6570b80 sp=0x000000b686afe4a0
Event: 5.106 Thread 0x00000254f78632b0 DEOPT UNPACKING pc=0x00000254e5c766a3 sp=0x000000b686afe3b8 mode 2
Event: 5.129 Thread 0x00000254f772c0a0 Uncommon trap: trap_request=0xffffff45 fr.pc=0x00000254e654db90 relative=0x0000000000000090
Event: 5.129 Thread 0x00000254f772c0a0 Uncommon trap: reason=unstable_if action=reinterpret pc=0x00000254e654db90 method=java.util.ArrayList.fastRemove([Ljava/lang/Object;I)V @ 19 c2
Event: 5.129 Thread 0x00000254f772c0a0 DEOPT PACKING pc=0x00000254e654db90 sp=0x000000b6877fd140
Event: 5.129 Thread 0x00000254f772c0a0 DEOPT UNPACKING pc=0x00000254e5c766a3 sp=0x000000b6877fd0c8 mode 2
Event: 5.149 Thread 0x00000254f77d43b0 Uncommon trap: trap_request=0xffffffde fr.pc=0x00000254e658db64 relative=0x0000000000000704
Event: 5.149 Thread 0x00000254f77d43b0 Uncommon trap: reason=class_check action=maybe_recompile pc=0x00000254e658db64 method=org.eclipse.osgi.internal.framework.BundleContextImpl.dispatchEvent(Ljava/lang/Object;Ljava/lang/Object;ILjava/lang/Object;)V @ 283 c2
Event: 5.149 Thread 0x00000254f77d43b0 DEOPT PACKING pc=0x00000254e658db64 sp=0x000000b6876ff470
Event: 5.149 Thread 0x00000254f77d43b0 DEOPT UNPACKING pc=0x00000254e5c766a3 sp=0x000000b6876ff420 mode 2
Event: 5.149 Thread 0x00000254f77d43b0 DEOPT PACKING pc=0x00000254dea341a9 sp=0x000000b6876ff310
Event: 5.149 Thread 0x00000254f77d43b0 DEOPT UNPACKING pc=0x00000254e5c76e43 sp=0x000000b6876fe768 mode 3
Event: 5.496 Thread 0x00000254dbb3d0f0 Uncommon trap: trap_request=0xffffff45 fr.pc=0x00000254e6414e1c relative=0x000000000000017c
Event: 5.496 Thread 0x00000254dbb3d0f0 Uncommon trap: reason=unstable_if action=reinterpret pc=0x00000254e6414e1c method=java.util.concurrent.ConcurrentHashMap.get(Ljava/lang/Object;)Ljava/lang/Object; @ 76 c2
Event: 5.497 Thread 0x00000254dbb3d0f0 DEOPT PACKING pc=0x00000254e6414e1c sp=0x000000b685cfd330
Event: 5.497 Thread 0x00000254dbb3d0f0 DEOPT UNPACKING pc=0x00000254e5c766a3 sp=0x000000b685cfd2a8 mode 2

Classes loaded (20 events):
Event: 5.447 Loading class sun/reflect/generics/repository/ConstructorRepository done
Event: 5.447 Loading class sun/reflect/generics/repository/MethodRepository done
Event: 5.447 Loading class sun/reflect/generics/tree/MethodTypeSignature
Event: 5.448 Loading class sun/reflect/generics/tree/MethodTypeSignature done
Event: 5.495 Loading class jdk/internal/vm/annotation/IntrinsicCandidate
Event: 5.496 Loading class jdk/internal/vm/annotation/IntrinsicCandidate done
Event: 5.554 Loading class sun/reflect/generics/tree/BottomSignature
Event: 5.554 Loading class sun/reflect/generics/tree/BottomSignature done
Event: 5.554 Loading class sun/reflect/generics/tree/Wildcard
Event: 5.554 Loading class sun/reflect/generics/tree/Wildcard done
Event: 5.555 Loading class sun/reflect/generics/reflectiveObjects/WildcardTypeImpl
Event: 5.555 Loading class sun/reflect/generics/reflectiveObjects/WildcardTypeImpl done
Event: 5.555 Loading class sun/reflect/annotation/AnnotatedTypeFactory$AnnotatedParameterizedTypeImpl
Event: 5.556 Loading class java/lang/reflect/AnnotatedParameterizedType
Event: 5.556 Loading class java/lang/reflect/AnnotatedParameterizedType done
Event: 5.556 Loading class sun/reflect/annotation/AnnotatedTypeFactory$AnnotatedParameterizedTypeImpl done
Event: 5.663 Loading class sun/reflect/generics/tree/BooleanSignature
Event: 5.663 Loading class sun/reflect/generics/tree/BooleanSignature done
Event: 5.663 Loading class sun/reflect/generics/tree/ArrayTypeSignature
Event: 5.663 Loading class sun/reflect/generics/tree/ArrayTypeSignature done

Classes unloaded (13 events):
Event: 4.309 Thread 0x00000254ef9b21f0 Unloading class 0x000000010035a000 'java/lang/invoke/LambdaForm$MH+0x000000010035a000'
Event: 4.309 Thread 0x00000254ef9b21f0 Unloading class 0x0000000100359c00 'java/lang/invoke/LambdaForm$MH+0x0000000100359c00'
Event: 4.309 Thread 0x00000254ef9b21f0 Unloading class 0x0000000100359000 'java/lang/invoke/LambdaForm$MH+0x0000000100359000'
Event: 4.309 Thread 0x00000254ef9b21f0 Unloading class 0x0000000100358c00 'java/lang/invoke/LambdaForm$MH+0x0000000100358c00'
Event: 4.309 Thread 0x00000254ef9b21f0 Unloading class 0x0000000100356c00 'java/lang/invoke/LambdaForm$MH+0x0000000100356c00'
Event: 4.309 Thread 0x00000254ef9b21f0 Unloading class 0x0000000100356800 'java/lang/invoke/LambdaForm$MH+0x0000000100356800'
Event: 4.309 Thread 0x00000254ef9b21f0 Unloading class 0x000000010024a400 'java/lang/invoke/LambdaForm$MH+0x000000010024a400'
Event: 4.309 Thread 0x00000254ef9b21f0 Unloading class 0x000000010024a000 'java/lang/invoke/LambdaForm$MH+0x000000010024a000'
Event: 4.309 Thread 0x00000254ef9b21f0 Unloading class 0x0000000100249c00 'java/lang/invoke/LambdaForm$MH+0x0000000100249c00'
Event: 4.309 Thread 0x00000254ef9b21f0 Unloading class 0x0000000100249800 'java/lang/invoke/LambdaForm$MH+0x0000000100249800'
Event: 4.309 Thread 0x00000254ef9b21f0 Unloading class 0x0000000100249400 'java/lang/invoke/LambdaForm$BMH+0x0000000100249400'
Event: 4.309 Thread 0x00000254ef9b21f0 Unloading class 0x0000000100249000 'java/lang/invoke/LambdaForm$DMH+0x0000000100249000'
Event: 4.309 Thread 0x00000254ef9b21f0 Unloading class 0x0000000100244400 'java/lang/invoke/LambdaForm$DMH+0x0000000100244400'

Classes redefined (0 events):
No events

Internal exceptions (20 events):
Event: 4.146 Thread 0x00000254f78632b0 Exception <a 'java/lang/NoSuchMethodError'{0x00000000eb714820}: 'int java.lang.invoke.DirectMethodHandle$Holder.invokeStatic(java.lang.Object, long)'> (0x00000000eb714820) 
thrown [s\src\hotspot\share\interpreter\linkResolver.cpp, line 759]
Event: 4.154 Thread 0x00000254f7866550 Exception <a 'java/lang/NoSuchMethodError'{0x00000000eb750258}: 'int java.lang.invoke.Invokers$Holder.linkToTargetMethod(java.lang.Object, java.lang.Object)'> (0x00000000eb750258) 
thrown [s\src\hotspot\share\interpreter\linkResolver.cpp, line 759]
Event: 4.154 Thread 0x00000254f78632b0 Exception <a 'java/lang/NoSuchMethodError'{0x00000000eb74ca88}: 'int java.lang.invoke.Invokers$Holder.linkToTargetMethod(java.lang.Object, java.lang.Object)'> (0x00000000eb74ca88) 
thrown [s\src\hotspot\share\interpreter\linkResolver.cpp, line 759]
Event: 4.156 Thread 0x00000254f7866550 Exception <a 'java/lang/NoSuchMethodError'{0x00000000eb76ff88}: 'int java.lang.invoke.DirectMethodHandle$Holder.invokeSpecial(java.lang.Object, java.lang.Object, java.lang.Object, java.lang.Object)'> (0x00000000eb76ff88) 
thrown [s\src\hotspot\share\interpreter\linkResolver.cpp, line 759]
Event: 4.165 Thread 0x00000254f7866550 Exception <a 'java/lang/NoSuchMethodError'{0x00000000eb838bd0}: 'java.lang.Object java.lang.invoke.DirectMethodHandle$Holder.invokeStatic(java.lang.Object, int, java.lang.Object, java.lang.Object)'> (0x00000000eb838bd0) 
thrown [s\src\hotspot\share\interpreter\linkResolver.cpp, line 759]
Event: 4.168 Thread 0x00000254f7866550 Exception <a 'java/lang/NoSuchMethodError'{0x00000000eb8442e0}: 'java.lang.Object java.lang.invoke.DelegatingMethodHandle$Holder.delegate(java.lang.Object, int, java.lang.Object, java.lang.Object)'> (0x00000000eb8442e0) 
thrown [s\src\hotspot\share\interpreter\linkResolver.cpp, line 759]
Event: 4.180 Thread 0x00000254f7866550 Exception <a 'java/lang/NoSuchMethodError'{0x00000000eb8c7268}: 'int java.lang.invoke.Invokers$Holder.linkToTargetMethod(java.lang.Object, java.lang.Object, java.lang.Object)'> (0x00000000eb8c7268) 
thrown [s\src\hotspot\share\interpreter\linkResolver.cpp, line 759]
Event: 4.206 Thread 0x00000254f78632b0 Exception <a 'java/lang/NoSuchMethodError'{0x00000000eba84e98}: 'java.lang.Object java.lang.invoke.DirectMethodHandle$Holder.invokeSpecialIFC(java.lang.Object, java.lang.Object, java.lang.Object, java.lang.Object)'> (0x00000000eba84e98) 
thrown [s\src\hotspot\share\interpreter\linkResolver.cpp, line 759]
Event: 4.359 Thread 0x00000254f772c0a0 Exception <a 'java/lang/ClassNotFoundException'{0x00000000eabf5410}: com/sun/org/apache/xml/internal/serializer/spi/XMLEntitiesProvider> (0x00000000eabf5410) 
thrown [s\src\hotspot\share\classfile\systemDictionary.cpp, line 256]
Event: 4.513 Thread 0x00000254f772c0a0 Exception <a 'java/lang/NoSuchMethodError'{0x00000000eb39ef50}: 'void java.lang.invoke.DirectMethodHandle$Holder.invokeSpecial(java.lang.Object, java.lang.Object, java.lang.Object, int)'> (0x00000000eb39ef50) 
thrown [s\src\hotspot\share\interpreter\linkResolver.cpp, line 759]
Event: 4.551 Thread 0x00000254f78632b0 Exception <a 'java/lang/NoSuchMethodError'{0x00000000eb5fc500}: 'int java.lang.invoke.DirectMethodHandle$Holder.invokeStatic(java.lang.Object, java.lang.Object, java.lang.Object, java.lang.Object, java.lang.Object)'> (0x00000000eb5fc500) 
thrown [s\src\hotspot\share\interpreter\linkResolver.cpp, line 759]
Event: 4.572 Thread 0x00000254f772c0a0 Exception <a 'java/io/FileNotFoundException'{0x00000000eb66bb80}> (0x00000000eb66bb80) 
thrown [s\src\hotspot\share\prims\jni.cpp, line 516]
Event: 4.778 Thread 0x00000254f78632b0 Exception <a 'java/lang/NoClassDefFoundError'{0x00000000ebee2fc0}: javax/enterprise/inject/Typed> (0x00000000ebee2fc0) 
thrown [s\src\hotspot\share\classfile\systemDictionary.cpp, line 245]
Event: 4.973 Thread 0x00000254f772c0a0 Exception <a 'java/lang/UnsatisfiedLinkError'{0x00000000eb0732b0}: The specified procedure could not be found.
> (0x00000000eb0732b0) 
thrown [s\src\hotspot\share\prims\jni.cpp, line 535]
Event: 4.995 Thread 0x00000254f772c0a0 Exception <a 'java/io/FileNotFoundException'{0x00000000eb09d018}> (0x00000000eb09d018) 
thrown [s\src\hotspot\share\prims\jni.cpp, line 516]
Event: 5.041 Thread 0x00000254f772c0a0 Exception <a 'java/io/FileNotFoundException'{0x00000000eb3146a0}> (0x00000000eb3146a0) 
thrown [s\src\hotspot\share\prims\jni.cpp, line 516]
Event: 5.066 Thread 0x00000254f772c0a0 Exception <a 'java/lang/UnsatisfiedLinkError'{0x00000000eb3eee40}: The specified procedure could not be found.
> (0x00000000eb3eee40) 
thrown [s\src\hotspot\share\prims\jni.cpp, line 535]
Event: 5.350 Thread 0x00000254dbb3d0f0 Exception <a 'java/lang/NoSuchMethodError'{0x00000000ead60ed8}: 'java.lang.Object java.lang.invoke.DirectMethodHandle$Holder.invokeStatic(java.lang.Object, java.lang.Object, long, java.lang.Object)'> (0x00000000ead60ed8) 
thrown [s\src\hotspot\share\interpreter\linkResolver.cpp, line 759]
Event: 5.351 Thread 0x00000254dbb3d0f0 Exception <a 'java/lang/NoSuchMethodError'{0x00000000ead9fa28}: 'java.lang.Object java.lang.invoke.DirectMethodHandle$Holder.invokeStaticInit(java.lang.Object, java.lang.Object, long, java.lang.Object)'> (0x00000000ead9fa28) 
thrown [s\src\hotspot\share\interpreter\linkResolver.cpp, line 759]
Event: 5.352 Thread 0x00000254dbb3d0f0 Exception <a 'java/lang/NoSuchMethodError'{0x00000000eada6038}: 'java.lang.Object java.lang.invoke.DirectMethodHandle$Holder.newInvokeSpecial(java.lang.Object, java.lang.Object, long)'> (0x00000000eada6038) 
thrown [s\src\hotspot\share\interpreter\linkResolver.cpp, line 759]

VM Operations (20 events):
Event: 4.353 Executing VM operation: HandshakeAllThreads
Event: 4.356 Executing VM operation: HandshakeAllThreads done
Event: 4.365 Executing VM operation: HandshakeAllThreads
Event: 4.365 Executing VM operation: HandshakeAllThreads done
Event: 4.422 Executing VM operation: HandshakeAllThreads
Event: 4.422 Executing VM operation: HandshakeAllThreads done
Event: 4.493 Executing VM operation: HandshakeAllThreads
Event: 4.493 Executing VM operation: HandshakeAllThreads done
Event: 4.743 Executing VM operation: HandshakeAllThreads
Event: 4.743 Executing VM operation: HandshakeAllThreads done
Event: 4.860 Executing VM operation: ParallelGCFailedAllocation
Event: 4.863 Executing VM operation: ParallelGCFailedAllocation done
Event: 4.910 Executing VM operation: HandshakeAllThreads
Event: 4.910 Executing VM operation: HandshakeAllThreads done
Event: 5.318 Executing VM operation: ParallelGCFailedAllocation
Event: 5.320 Executing VM operation: ParallelGCFailedAllocation done
Event: 5.640 Executing VM operation: HandshakeAllThreads
Event: 5.640 Executing VM operation: HandshakeAllThreads done
Event: 5.679 Executing VM operation: ParallelGCFailedAllocation
Event: 5.682 Executing VM operation: ParallelGCFailedAllocation done

Events (20 events):
Event: 5.218 Thread 0x00000254f790e060 Thread exited: 0x00000254f790e060
Event: 5.366 Thread 0x00000254f78646f0 Thread added: 0x00000254f78646f0
Event: 5.367 Thread 0x00000254f7866040 Thread added: 0x00000254f7866040
Event: 5.367 Thread 0x00000254f7865110 Thread added: 0x00000254f7865110
Event: 5.367 Thread 0x00000254f7865620 Thread added: 0x00000254f7865620
Event: 5.367 Thread 0x00000254f86e8eb0 Thread added: 0x00000254f86e8eb0
Event: 5.367 Thread 0x00000254f86ebc40 Thread added: 0x00000254f86ebc40
Event: 5.367 Thread 0x00000254f86ed590 Thread added: 0x00000254f86ed590
Event: 5.368 Thread 0x00000254f86e89a0 Thread added: 0x00000254f86e89a0
Event: 5.368 Thread 0x00000254f86ee9d0 Thread added: 0x00000254f86ee9d0
Event: 5.368 Thread 0x00000254f86edaa0 Thread added: 0x00000254f86edaa0
Event: 5.369 Thread 0x00000254f86eb220 Thread added: 0x00000254f86eb220
Event: 5.369 Thread 0x00000254f86eb730 Thread added: 0x00000254f86eb730
Event: 5.369 Thread 0x00000254f86e93c0 Thread added: 0x00000254f86e93c0
Event: 5.370 Thread 0x00000254f86eeee0 Thread added: 0x00000254f86eeee0
Event: 5.370 Thread 0x00000254f86ed080 Thread added: 0x00000254f86ed080
Event: 5.370 Thread 0x00000254f86e8490 Thread added: 0x00000254f86e8490
Event: 5.370 Thread 0x00000254f86edfb0 Thread added: 0x00000254f86edfb0
Event: 5.420 Thread 0x00000254f86e98d0 Thread added: 0x00000254f86e98d0
Event: 5.522 Thread 0x00000254f790f5a0 Thread exited: 0x00000254f790f5a0


Dynamic libraries:
0x00007ff654120000 - 0x00007ff65412e000 	c:\Users\Lenovo -pc\.vscode\extensions\redhat.java-1.35.1-win32-x64\jre\17.0.12-win32-x86_64\bin\java.exe
0x00007ff9b3110000 - 0x00007ff9b3327000 	C:\WINDOWS\SYSTEM32\ntdll.dll
0x00007ff9b1280000 - 0x00007ff9b1344000 	C:\WINDOWS\System32\KERNEL32.DLL
0x00007ff9b0a50000 - 0x00007ff9b0e07000 	C:\WINDOWS\System32\KERNELBASE.dll
0x00007ff9b05d0000 - 0x00007ff9b06e1000 	C:\WINDOWS\System32\ucrtbase.dll
0x00007ff9a0ad0000 - 0x00007ff9a0aeb000 	c:\Users\Lenovo -pc\.vscode\extensions\redhat.java-1.35.1-win32-x64\jre\17.0.12-win32-x86_64\bin\VCRUNTIME140.dll
0x00007ff9a0af0000 - 0x00007ff9a0b07000 	c:\Users\Lenovo -pc\.vscode\extensions\redhat.java-1.35.1-win32-x64\jre\17.0.12-win32-x86_64\bin\jli.dll
0x00007ff9b2a10000 - 0x00007ff9b2bbf000 	C:\WINDOWS\System32\USER32.dll
0x00007ff9a1f30000 - 0x00007ff9a21c3000 	C:\WINDOWS\WinSxS\amd64_microsoft.windows.common-controls_6595b64144ccf1df_6.0.22621.3672_none_2713b9d173822955\COMCTL32.dll
0x00007ff9b0e10000 - 0x00007ff9b0e36000 	C:\WINDOWS\System32\win32u.dll
0x00007ff9b1350000 - 0x00007ff9b1379000 	C:\WINDOWS\System32\GDI32.dll
0x00007ff9b1400000 - 0x00007ff9b14a7000 	C:\WINDOWS\System32\msvcrt.dll
0x00007ff9b0930000 - 0x00007ff9b0a48000 	C:\WINDOWS\System32\gdi32full.dll
0x00007ff9b06f0000 - 0x00007ff9b078a000 	C:\WINDOWS\System32\msvcp_win.dll
0x00007ff9b27a0000 - 0x00007ff9b27d1000 	C:\WINDOWS\System32\IMM32.DLL
0x00007ff9ad010000 - 0x00007ff9ad01c000 	c:\Users\Lenovo -pc\.vscode\extensions\redhat.java-1.35.1-win32-x64\jre\17.0.12-win32-x86_64\bin\vcruntime140_1.dll
0x00007ff9a0a40000 - 0x00007ff9a0acd000 	c:\Users\Lenovo -pc\.vscode\extensions\redhat.java-1.35.1-win32-x64\jre\17.0.12-win32-x86_64\bin\msvcp140.dll
0x00007ff919e50000 - 0x00007ff91aaba000 	c:\Users\Lenovo -pc\.vscode\extensions\redhat.java-1.35.1-win32-x64\jre\17.0.12-win32-x86_64\bin\server\jvm.dll
0x00007ff9b0ff0000 - 0x00007ff9b10a2000 	C:\WINDOWS\System32\ADVAPI32.dll
0x00007ff9b14b0000 - 0x00007ff9b1558000 	C:\WINDOWS\System32\sechost.dll
0x00007ff9b0900000 - 0x00007ff9b0928000 	C:\WINDOWS\System32\bcrypt.dll
0x00007ff9b1160000 - 0x00007ff9b1274000 	C:\WINDOWS\System32\RPCRT4.dll
0x00007ff9b2bc0000 - 0x00007ff9b2c31000 	C:\WINDOWS\System32\WS2_32.dll
0x00007ff9afd20000 - 0x00007ff9afd6d000 	C:\WINDOWS\SYSTEM32\POWRPROF.dll
0x00007ff9a8a50000 - 0x00007ff9a8a84000 	C:\WINDOWS\SYSTEM32\WINMM.dll
0x00007ff9a6e40000 - 0x00007ff9a6e4a000 	C:\WINDOWS\SYSTEM32\VERSION.dll
0x00007ff9afcd0000 - 0x00007ff9afce3000 	C:\WINDOWS\SYSTEM32\UMPDC.dll
0x00007ff9af470000 - 0x00007ff9af488000 	C:\WINDOWS\SYSTEM32\kernel.appcore.dll
0x00007ff9ac130000 - 0x00007ff9ac13a000 	c:\Users\Lenovo -pc\.vscode\extensions\redhat.java-1.35.1-win32-x64\jre\17.0.12-win32-x86_64\bin\jimage.dll
0x00007ff9adca0000 - 0x00007ff9aded2000 	C:\WINDOWS\SYSTEM32\DBGHELP.DLL
0x00007ff9b2d40000 - 0x00007ff9b30ce000 	C:\WINDOWS\System32\combase.dll
0x00007ff9b27e0000 - 0x00007ff9b28b7000 	C:\WINDOWS\System32\OLEAUT32.dll
0x00007ff999590000 - 0x00007ff9995c2000 	C:\WINDOWS\SYSTEM32\dbgcore.DLL
0x00007ff9b0490000 - 0x00007ff9b050b000 	C:\WINDOWS\System32\bcryptPrimitives.dll
0x00007ff9a0a30000 - 0x00007ff9a0a3e000 	c:\Users\Lenovo -pc\.vscode\extensions\redhat.java-1.35.1-win32-x64\jre\17.0.12-win32-x86_64\bin\instrument.dll
0x00007ff9a0a00000 - 0x00007ff9a0a25000 	c:\Users\Lenovo -pc\.vscode\extensions\redhat.java-1.35.1-win32-x64\jre\17.0.12-win32-x86_64\bin\java.dll
0x00007ff97fb70000 - 0x00007ff97fb88000 	c:\Users\Lenovo -pc\.vscode\extensions\redhat.java-1.35.1-win32-x64\jre\17.0.12-win32-x86_64\bin\zip.dll
0x00007ff9b1950000 - 0x00007ff9b21b9000 	C:\WINDOWS\System32\SHELL32.dll
0x00007ff9ae390000 - 0x00007ff9aec8f000 	C:\WINDOWS\SYSTEM32\windows.storage.dll
0x00007ff9ae250000 - 0x00007ff9ae38f000 	C:\WINDOWS\SYSTEM32\wintypes.dll
0x00007ff9b1560000 - 0x00007ff9b1659000 	C:\WINDOWS\System32\SHCORE.dll
0x00007ff9b1380000 - 0x00007ff9b13de000 	C:\WINDOWS\System32\shlwapi.dll
0x00007ff9b0350000 - 0x00007ff9b0377000 	C:\WINDOWS\SYSTEM32\profapi.dll
0x00007ff93b2c0000 - 0x00007ff93b2d9000 	C:\Users\Lenovo -pc\.vscode\extensions\redhat.java-1.35.1-win32-x64\jre\17.0.12-win32-x86_64\bin\net.dll
0x00007ff9ac8a0000 - 0x00007ff9ac9d6000 	C:\WINDOWS\SYSTEM32\WINHTTP.dll
0x00007ff9af8e0000 - 0x00007ff9af949000 	C:\WINDOWS\system32\mswsock.dll
0x00007ff93a3e0000 - 0x00007ff93a3f6000 	C:\Users\Lenovo -pc\.vscode\extensions\redhat.java-1.35.1-win32-x64\jre\17.0.12-win32-x86_64\bin\nio.dll
0x00007ff980de0000 - 0x00007ff980df0000 	c:\Users\Lenovo -pc\.vscode\extensions\redhat.java-1.35.1-win32-x64\jre\17.0.12-win32-x86_64\bin\verify.dll
0x00007ff937440000 - 0x00007ff937485000 	C:\Users\Lenovo -pc\AppData\Roaming\Code\User\globalStorage\redhat.java\1.35.1\config_win\org.eclipse.equinox.launcher\org.eclipse.equinox.launcher.win32.win32.x86_64_1.2.1100.v20240722-2106\eclipse_11904.dll
0x00007ff9b0e40000 - 0x00007ff9b0fe5000 	C:\WINDOWS\System32\ole32.dll
0x00007ff9afb30000 - 0x00007ff9afb4b000 	C:\WINDOWS\SYSTEM32\CRYPTSP.dll
0x00007ff9af3d0000 - 0x00007ff9af405000 	C:\WINDOWS\system32\rsaenh.dll
0x00007ff9af9d0000 - 0x00007ff9af9f8000 	C:\WINDOWS\SYSTEM32\USERENV.dll
0x00007ff9afb50000 - 0x00007ff9afb5c000 	C:\WINDOWS\SYSTEM32\CRYPTBASE.dll
0x00007ff9aef30000 - 0x00007ff9aef5d000 	C:\WINDOWS\SYSTEM32\IPHLPAPI.DLL
0x00007ff9b1770000 - 0x00007ff9b1779000 	C:\WINDOWS\System32\NSI.dll
0x00007ff9ac7c0000 - 0x00007ff9ac7d9000 	C:\WINDOWS\SYSTEM32\dhcpcsvc6.DLL
0x00007ff9ac7a0000 - 0x00007ff9ac7bf000 	C:\WINDOWS\SYSTEM32\dhcpcsvc.DLL
0x00007ff9aefb0000 - 0x00007ff9af0b2000 	C:\WINDOWS\SYSTEM32\DNSAPI.dll
0x00007ff971b90000 - 0x00007ff971b99000 	C:\Users\Lenovo -pc\.vscode\extensions\redhat.java-1.35.1-win32-x64\jre\17.0.12-win32-x86_64\bin\management.dll
0x00007ff96e550000 - 0x00007ff96e55b000 	C:\Users\Lenovo -pc\.vscode\extensions\redhat.java-1.35.1-win32-x64\jre\17.0.12-win32-x86_64\bin\management_ext.dll
0x00007ff9b1760000 - 0x00007ff9b1768000 	C:\WINDOWS\System32\PSAPI.DLL
0x00007ff93f890000 - 0x00007ff93f8d9000 	C:\Users\Lenovo -pc\AppData\Local\Temp\jna-1726588563\jna13102327116826695810.dll

dbghelp: loaded successfully - version: 4.0.5 - missing functions: none
symbol engine: initialized successfully - sym options: 0x614 - pdb path: .;c:\Users\Lenovo -pc\.vscode\extensions\redhat.java-1.35.1-win32-x64\jre\17.0.12-win32-x86_64\bin;C:\WINDOWS\SYSTEM32;C:\WINDOWS\WinSxS\amd64_microsoft.windows.common-controls_6595b64144ccf1df_6.0.22621.3672_none_2713b9d173822955;c:\Users\Lenovo -pc\.vscode\extensions\redhat.java-1.35.1-win32-x64\jre\17.0.12-win32-x86_64\bin\server;C:\Users\Lenovo -pc\AppData\Roaming\Code\User\globalStorage\redhat.java\1.35.1\config_win\org.eclipse.equinox.launcher\org.eclipse.equinox.launcher.win32.win32.x86_64_1.2.1100.v20240722-2106;C:\Users\Lenovo -pc\AppData\Local\Temp\jna-1726588563

VM Arguments:
jvm_args: --add-modules=ALL-SYSTEM --add-opens=java.base/java.util=ALL-UNNAMED --add-opens=java.base/java.lang=ALL-UNNAMED --add-opens=java.base/sun.nio.fs=ALL-UNNAMED -Declipse.application=org.eclipse.jdt.ls.core.id1 -Dosgi.bundles.defaultStartLevel=4 -Declipse.product=org.eclipse.jdt.ls.core.product -Djava.import.generatesMetadataFilesAtProjectRoot=false -DDetectVMInstallationsJob.disabled=true -Dfile.encoding=utf8 -XX:+UseParallelGC -XX:GCTimeRatio=4 -XX:AdaptiveSizePolicyWeight=90 -Dsun.zip.disableMemoryMapping=true -Xmx1G -Xms100m -Xlog:disable -javaagent:c:\Users\Lenovo -pc\.vscode\extensions\redhat.java-1.35.1-win32-x64\lombok\lombok-1.18.33.jar -XX:+HeapDumpOnOutOfMemoryError -XX:HeapDumpPath=c:\Users\Lenovo -pc\AppData\Roaming\Code\User\workspaceStorage\614102d5c7a95f50522ef5ecb3225521\redhat.java -Daether.dependencyCollector.impl=bf 
java_command: c:\Users\Lenovo -pc\.vscode\extensions\redhat.java-1.35.1-win32-x64\server\plugins\org.eclipse.equinox.launcher_1.6.900.v20240613-2009.jar -configuration c:\Users\Lenovo -pc\AppData\Roaming\Code\User\globalStorage\redhat.java\1.35.1\config_win -data c:\Users\Lenovo -pc\AppData\Roaming\Code\User\workspaceStorage\614102d5c7a95f50522ef5ecb3225521\redhat.java\jdt_ws --pipe=\\.\pipe\lsp-a8e683935803b5650360de32f343a095-sock
java_class_path (initial): c:\Users\Lenovo -pc\.vscode\extensions\redhat.java-1.35.1-win32-x64\server\plugins\org.eclipse.equinox.launcher_1.6.900.v20240613-2009.jar
Launcher Type: SUN_STANDARD

[Global flags]
    uintx AdaptiveSizePolicyWeight                 = 90                                        {product} {command line}
     intx CICompilerCount                          = 12                                        {product} {ergonomic}
    uintx GCTimeRatio                              = 4                                         {product} {command line}
     bool HeapDumpOnOutOfMemoryError               = true                                   {manageable} {command line}
    ccstr HeapDumpPath                             = c:\Users\Lenovo -pc\AppData\Roaming\Code\User\workspaceStorage\614102d5c7a95f50522ef5ecb3225521\redhat.java         {manageable} {command line}
   size_t InitialHeapSize                          = 104857600                                 {product} {command line}
   size_t MaxHeapSize                              = 1073741824                                {product} {command line}
   size_t MaxNewSize                               = 357564416                                 {product} {ergonomic}
   size_t MinHeapDeltaBytes                        = 524288                                    {product} {ergonomic}
   size_t MinHeapSize                              = 104857600                                 {product} {command line}
   size_t NewSize                                  = 34603008                                  {product} {ergonomic}
    uintx NonNMethodCodeHeapSize                   = 7602480                                {pd product} {ergonomic}
    uintx NonProfiledCodeHeapSize                  = 122027880                              {pd product} {ergonomic}
   size_t OldSize                                  = 70254592                                  {product} {ergonomic}
    uintx ProfiledCodeHeapSize                     = 122027880                              {pd product} {ergonomic}
    uintx ReservedCodeCacheSize                    = 251658240                              {pd product} {ergonomic}
     bool SegmentedCodeCache                       = true                                      {product} {ergonomic}
   size_t SoftMaxHeapSize                          = 1073741824                             {manageable} {ergonomic}
     bool UseCompressedClassPointers               = true                           {product lp64_product} {ergonomic}
     bool UseCompressedOops                        = true                           {product lp64_product} {ergonomic}
     bool UseLargePagesIndividualAllocation        = false                                  {pd product} {ergonomic}
     bool UseParallelGC                            = true                                      {product} {command line}

Logging:
Log output configuration:
 #0: stdout all=off uptime,level,tags
 #1: stderr all=off uptime,level,tags

Environment Variables:
JAVA_HOME=C:\Program Files\Java\jdk-22
PATH=C:\Program Files\Common Files\Oracle\Java\javapath;C:\WINDOWS\system32;C:\WINDOWS;C:\WINDOWS\System32\Wbem;C:\WINDOWS\System32\WindowsPowerShell\v1.0\;C:\WINDOWS\System32\OpenSSH\;C:\maven\apache-maven-3.9.8\bin;C:\Program Files\nodejs\;C:\Program Files\MySQL\MySQL Shell 8.0\bin\;C:\Users\Lenovo -pc\AppData\Local\Microsoft\WindowsApps;C:\Users\Lenovo -pc\AppData\Local\Programs\Microsoft VS Code\bin;C:\Users\Lenovo -pc\AppData\Roaming\npm
USERNAME=Lenovo -pc
OS=Windows_NT
PROCESSOR_IDENTIFIER=AMD64 Family 23 Model 104 Stepping 1, AuthenticAMD
TMP=C:\Users\LENOVO~1\AppData\Local\Temp
TEMP=C:\Users\LENOVO~1\AppData\Local\Temp



Periodic native trim disabled


---------------  S Y S T E M  ---------------

OS:
 Windows 11 , 64 bit Build 22621 (10.0.22621.3958)
OS uptime: 2 days 21:15 hours

CPU: total 16 (initial active 16) (16 cores per cpu, 2 threads per core) family 23 model 104 stepping 1 microcode 0x0, cx8, cmov, fxsr, ht, mmx, 3dnowpref, sse, sse2, sse3, ssse3, sse4a, sse4.1, sse4.2, popcnt, lzcnt, tsc, tscinvbit, avx, avx2, aes, clmul, bmi1, bmi2, adx, sha, fma, vzeroupper, clflush, clflushopt
Processor Information for all 16 processors :
  Max Mhz: 1801, Current Mhz: 1801, Mhz Limit: 1801

Memory: 4k page, system-wide physical 15709M (4323M free)
TotalPageFile size 21853M (AvailPageFile size 5M)
current process WorkingSet (physical memory assigned to process): 223M, peak: 223M
current process commit charge ("private bytes"): 336M, peak: 336M

vm_info: OpenJDK 64-Bit Server VM (17.0.12+7) for windows-amd64 JRE (17.0.12+7), built on Jul 16 2024 22:08:24 by "admin" with MS VC++ 16.10 / 16.11 (VS2019)

END.
